How big is the problem?
How many timesteps?
Value of nu (positive and less than 0.5)?

1
2
1
1876
5001
3126
626
8751
2501
2
5002
7501
6251
627
5003
5626
3751
628
4376
6876
5627
5628
7502
8126
8752
9376
1877
5629
6252
6253
6254
2502
5630
5631
5632
1251
5633
3
4
5
6
7
8
9
10
3127
3128
3129
3130
3131
3132
3133
3134
3752
3135
629
8753
8127
8754
8128
8755
8129
5004
11
8130
5005
8131
5006
5007
5634
5008
5009
6877
4377
2503
2504
7503
2505
3136
2506
8132
2507
630
1252
1253
1254
1255
1256
1257
1258
6255
1259
1260
1261
7504
8756
7505
2508
2509
9377
5635
9378
9379
9380
9381
12
9382
9383
9384
1262
9385
8133
5010
5011
2510
1263
6878
3137
4378
3138
8134
1878
631
3139
1264
3140
6256
3141
13
8757
8758
632
1879
6257
5012
6879
5013
6258
5014
6259
8135
3753
5015
8136
633
5016
7506
8137
2511
4379
4380
4381
1880
1265
3754
3755
3756
3757
3758
3759
3760
3761
3762
3763
3764
3765
3766
3767
3768
3769
3770
3771
3772
3773
3774
3775
3776
3777
3778
3779
3780
3781
3782
3783
3784
3785
3142
3786
3787
3143
3144
5636
3145
2512
3146
2513
3147
9386
4382
2514
9387
2515
8138
14
9388
8139
2516
3788
15
5637
8759
7507
3148
5638
6880
3149
3150
9389
3151
7508
634
5017
3789
7509
8760
5018
5639
8761
5019
5640
4383
1266
1881
5641
9390
6260
8140
5642
6881
2517
3790
2518
3152
5643
1882
16
5020
5644
1267
635
4384
5645
7510
8141
17
3153
4385
8142
6261
1268
8762
2519
6882
1883
5021
8143
4386
9391
3791
7511
8144
1269
18
6883
1270
6884
1271
3154
8763
5022
1272
1884
6885
8145
3792
7512
4387
8764
1273
6886
1885
8146
5646
2520
1886
8147
5023
6262
9392
8148
1887
6887
8149
1274
4388
9393
8150
7513
2521
3155
1275
2522
3156
9394
6888
5647
5024
8765
4389
3793
3157
7514
2523
4390
9395
3158
4391
1888
19
8151
20
3794
1276
5025
8152
5648
6889
3159
636
8766
1277
4392
21
3160
8767
2524
3795
6890
3161
5026
2525
9396
5649
6263
2526
2527
6891
6892
1278
6893
6894
6264
6895
6896
6897
6898
2528
7515
2529
637
7516
2530
1889
638
1279
9397
6265
639
22
640
6899
3796
9398
1890
2531
641
7517
3797
4393
9399
1280
8768
5650
9400
5027
1891
2532
1892
3798
5651
8153
1893
9401
4394
2533
6266
3799
642
9402
3162
1281
9403
3163
8154
1894
2534
7518
6900
9404
3164
2535
23
5652
5653
4395
5028
8155
643
1895
3800
8156
1896
8769
3165
8157
8158
1897
8159
5029
3166
2536
4396
5030
24
7519
3801
644
6901
4397
3167
645
3168
5031
5032
8160
3169
8161
3170
5654
8162
5655
4398
8770
7520
6267
5656
8771
5657
8772
8163
8773
25
8164
5033
8165
7521
26
3171
6268
2537
2538
1898
9405
9406
1899
8166
27
1282
7522
5658
3172
8774
28
9407
8167
3802
3803
4399
6902
3804
3805
6903
3806
6904
29
1900
6905
9408
6269
2539
6906
6270
5034
3173
3807
30
3808
2540
31
3809
646
8775
32
8168
33
8776
5035
4400
8777
1901
5659
6907
6271
34
6908
35
4401
6909
36
5036
4402
6910
1283
6911
6912
1284
37
5660
3810
4403
6272
8169
6913
8778
5661
6914
3811
5037
3174
38
4404
1902
9409
5662
1285
647
2541
5663
6273
5664
2542
8779
3175
9410
39
9411
5665
8170
6274
6915
1903
3176
7523
6916
1286
7524
5666
40
8171
5038
648
6917
41
8172
7525
6918
7526
6919
8173
5039
649
8174
650
7527
5667
1904
4405
8780
42
2543
6275
3177
6276
651
9412
8175
652
8176
6920
5668
653
2544
654
43
3812
7528
3813
9413
3814
2545
5040
6277
1905
1287
8781
3815
1288
7529
3816
6921
2546
4406
3817
655
1289
7530
6922
9414
7531
5041
6278
3178
6923
3818
6279
5042
3179
5669
656
3180
2547
5043
4407
3181
44
1906
3182
7532
1907
3183
5044
1908
6280
8782
1909
5670
657
3819
7533
5671
3184
5672
5673
1290
8177
7534
5674
8178
1910
658
659
5045
4408
9415
5046
8783
9416
3185
8784
8179
660
1291
8785
8786
7535
7536
1911
6924
5675
8787
3820
45
8180
1912
2548
6281
3186
661
8181
7537
7538
8182
4409
8788
1292
46
1913
47
8789
5047
48
6925
2549
662
9417
4410
663
7539
5048
3821
6926
1293
4411
9418
6282
8183
49
50
6283
5049
8184
5050
1294
7540
8185
2550
5051
8186
5052
1914
6927
8790
6284
8187
8791
51
664
3822
1295
2551
9419
1915
3823
3187
5676
7541
6285
8188
3824
5677
665
5053
6928
1296
8189
3188
1297
52
3825
2552
7542
8190
1298
5054
3189
5055
53
1916
5056
5678
54
7543
6286
55
8792
2553
5057
6287
1299
6288
4412
5679
1917
6289
6929
1300
3826
8793
7544
56
3190
5058
57
2554
1918
5680
4413
1919
1920
1301
3827
7545
3828
5059
7546
3829
3830
3831
3832
3833
3834
3835
3836
3837
3838
3839
3840
3841
3842
3843
3844
3845
6930
7547
58
8191
59
4414
60
666
2555
61
8794
3191
5060
2556
5681
3192
2557
5682
1921
6290
5683
6931
5061
9420
1302
4415
5062
2558
3846
5063
1303
1304
8192
1305
6932
9421
6933
2559
6934
8795
8796
8797
8798
8193
1306
4416
8799
8800
3193
7548
3194
5684
3847
3195
62
3848
6935
6936
6937
6938
6939
6940
6941
6942
6943
3849
8194
6944
63
7549
64
9422
3196
65
6291
6292
2560
3197
6945
8195
1922
2561
8196
4417
9423
66
3198
8801
5064
67
7550
68
5685
3199
3200
4418
5686
6293
3201
5687
6946
5065
1307
9424
2562
7551
8197
3850
3202
4419
6294
5066
8802
5688
2563
1308
8198
6947
8803
1923
4420
7552
2564
6948
5689
8199
3203
1309
9425
667
8804
6295
3851
6296
6949
9426
1924
3204
4421
9427
6297
5690
6298
1310
1925
6299
6950
5067
69
2565
8200
6951
3205
668
6952
1311
3852
5068
9428
2566
7553
4422
5691
70
7554
5692
2567
6300
7555
9429
1926
8201
1312
7556
1313
3206
71
1314
6953
5693
8202
4423
9430
5694
4424
669
1927
4425
7557
1315
4426
1928
8805
9431
2568
2569
9432
2570
2571
9433
670
9434
671
4427
1316
9435
1929
6954
5069
1317
1930
72
6301
672
5695
2572
1931
1932
673
4428
8203
3207
9436
7558
1933
9437
1318
3853
5070
73
8204
1934
4429
6955
8205
674
1319
9438
5696
1935
4430
7559
9439
2573
6302
1936
3208
3854
3209
3855
74
675
3856
75
676
1937
677
6956
6957
1938
1939
2574
1940
1941
3857
1942
9440
4431
1943
1944
9441
76
9442
1320
678
1321
8206
3210
1322
4432
8806
9443
6958
5697
2575
679
2576
5698
1945
9444
8207
8807
5699
9445
8808
4433
3211
680
5071
6959
9446
77
2577
5700
1946
8208
9447
8209
3858
8809
1323
2578
4434
7560
3859
6303
9448
6960
681
9449
6961
1947
3212
9450
78
4435
6962
6304
1324
5072
1325
5073
4436
6305
7561
9451
2579
1948
5074
2580
1949
1326
5075
3860
2581
1950
6306
4437
8210
682
1951
5701
1952
8810
3861
1953
6963
79
683
1954
9452
1955
5702
5076
8211
2582
8212
1956
3213
1327
6964
3862
9453
8213
1957
684
5077
6307
9454
3214
1328
7562
3215
1329
8214
6308
5703
3216
6965
1958
4438
3217
2583
1959
80
9455
3863
6966
1960
1961
2584
1962
6967
3864
5704
1963
7563
81
5705
1330
5078
4439
8215
1964
5706
6309
1331
1965
685
2585
1332
3865
7564
3218
1333
1966
4440
1334
8216
3219
2586
1967
2587
6968
8217
686
5707
6310
7565
687
3220
1335
8811
6311
1968
2588
9456
6312
5708
5079
6313
688
2589
8218
7566
1336
2590
6969
1337
4441
8219
4442
3221
4443
2591
5709
4444
689
6314
7567
9457
4445
1338
2592
8812
3866
6970
82
6315
690
1969
5080
3222
83
1970
6971
6972
7568
1971
8220
4446
5081
1972
3867
5710
5082
1973
2593
6316
6317
7569
5711
8221
6973
8813
3868
6318
9458
6319
1339
5083
3223
6320
691
9459
6321
692
84
3869
6322
2594
3870
5084
3871
5712
5085
2595
3224
9460
6974
8814
8222
4447
6975
2596
7570
1974
6976
3225
4448
9461
5713
6323
8815
3872
7571
6977
5086
9462
85
1975
1976
9463
3873
6978
3874
86
5087
4449
5088
2597
693
8816
2598
9464
6979
2599
1340
6324
9465
5089
1977
5090
8223
3875
694
2600
695
6325
9466
6326
5714
9467
9468
9469
8224
3876
9470
87
3877
7572
7573
88
6327
6328
89
8817
2601
9471
696
5091
7574
1978
5715
4450
90
91
92
93
3226
94
9472
697
6980
6981
1341
5716
1979
698
699
5717
700
9473
95
96
6329
2602
97
98
6982
8818
3878
1980
1981
1982
701
6330
2603
6331
99
5092
7575
3227
3228
9474
702
3229
1342
9475
1343
3879
703
704
1344
8225
705
1983
1345
6983
3230
5718
2604
2605
3880
5093
5094
1346
5095
5096
7576
7577
5097
706
7578
5098
8819
8226
707
9476
1984
708
6984
1985
6985
9477
5099
3231
6986
7579
6332
9478
6987
100
6988
5719
1986
3232
709
4451
8227
7580
4452
7581
6333
9479
6989
7582
6990
1987
3881
710
3233
711
5720
5100
6334
8228
712
2606
713
3882
6991
3883
4453
8229
5721
1988
5101
7583
6992
6335
4454
6993
2607
8230
5722
2608
4455
5723
5102
2609
101
3884
6994
7584
8231
5724
1347
5103
1989
1348
8820
9480
3234
1349
5725
6995
9481
3235
714
9482
5104
102
6996
1990
4456
7585
6336
715
1991
1350
9483
3236
1992
8232
3885
5726
8821
7586
1993
8233
4457
716
1351
2610
6997
8822
5105
8234
5727
8823
6337
3886
1994
7587
9484
3887
7588
717
5106
6998
1995
2611
8235
6999
1996
3237
3888
4458
7589
718
1997
1352
719
9485
7000
5728
8236
1998
4459
3889
1999
7590
3890
9486
2000
5107
3891
5108
2612
4460
8824
5109
3238
5729
720
7591
8825
6338
7001
4461
2001
721
103
104
1353
7592
5730
3892
2613
5110
2614
5111
3893
5731
7593
8826
4462
7002
3894
3239
722
3895
9487
5112
6339
8237
2002
2003
5113
3896
2004
5114
6340
2005
7003
5732
2615
723
5115
2616
5733
2617
3240
7594
2618
724
2006
2619
3897
2007
2620
7004
1354
5734
725
6341
5735
2008
4463
8827
2621
7595
7005
4464
7596
3241
9488
2009
105
3242
5736
7597
2010
5116
3898
4465
7006
8238
8828
8829
2011
7598
8239
1355
2622
2012
7007
2623
726
106
5737
727
4466
9489
6342
5117
7599
3243
7008
728
8830
7009
8831
729
6343
3899
2013
1356
730
5738
8240
731
5118
7010
2624
3244
9490
3900
2014
7011
9491
732
8241
7012
5119
733
5739
3245
9492
734
2625
6344
107
735
736
2626
8242
108
4467
2015
7600
1357
4468
5740
1358
3246
9493
4469
1359
9494
4470
8243
1360
9495
7013
5741
4471
2627
2016
737
5120
8832
9496
3901
5742
9497
7601
4472
9498
109
9499
5743
8833
4473
2628
9500
2017
3902
7014
3247
1361
6345
738
8244
4474
5744
9501
7602
3903
2629
8245
3904
7015
2018
4475
3248
1362
2019
3905
2630
7603
4476
8834
6346
2631
7016
5745
2632
1363
3906
5121
2633
8246
7604
3907
9502
2020
9503
2021
9504
2022
5122
9505
8247
7017
110
5123
7605
3249
1364
5746
5124
739
2634
8248
5125
7018
2023
7606
3250
2635
4477
3908
3251
4478
9506
3252
8835
2636
6347
7019
5126
5747
3253
7607
3909
5127
5748
740
1365
111
7020
5128
741
2637
7021
8249
742
8250
5129
8251
4479
3254
6348
3910
4480
7608
112
8252
5749
2638
5130
5750
5131
113
4481
1366
114
743
5751
2639
8836
5132
7609
2024
4482
8253
1367
6349
7022
3911
8254
9507
6350
6351
7610
3255
6352
2640
8837
5133
4483
5752
6353
744
2025
8838
3256
9508
3912
8839
2026
8255
4484
1368
2027
9509
3913
6354
9510
6355
8840
2641
6356
5753
745
5134
2642
1369
7611
9511
4485
7023
5754
2028
3914
4486
2643
3257
1370
4487
8256
8841
2029
6357
3915
746
7612
2030
115
5135
116
2031
4488
747
5755
8257
748
5756
8258
6358
749
5757
6359
750
7024
7613
3916
6360
751
3258
1371
9512
5758
2032
1372
7614
1373
3259
8259
2644
7615
4489
5759
2033
8842
8260
8261
8843
7025
6361
7616
4490
752
7617
8844
7618
3260
4491
8262
5136
2034
9513
4492
1374
117
7619
2035
8263
3917
2036
5137
5760
2037
118
4493
6362
5761
2645
3261
2646
5138
8845
2038
8846
7026
5139
2039
5140
3918
6363
4494
2647
119
7027
9514
2648
8264
7620
8265
5762
8266
1375
9515
3262
2649
8847
3919
2040
753
5763
5141
4495
8267
120
7621
5142
3920
8268
8848
3921
9516
2650
3263
8269
5143
2651
121
8270
1376
9517
1377
2041
4496
2652
6364
9518
3922
754
1378
7622
1379
7028
2653
1380
8271
7623
3264
5144
8272
122
5764
1381
2042
8273
2654
3923
755
4497
6365
4498
7624
9519
2655
5765
7029
8849
3265
6366
7030
756
9520
3266
7031
123
3924
1382
7625
757
6367
8274
2043
2656
8275
2657
3925
4499
3267
758
3926
2658
4500
3927
7032
1383
4501
7033
1384
124
7034
1385
7626
7035
2659
1386
5766
7036
3268
1387
6368
8850
2044
3928
5145
4502
8276
5767
3269
3929
9521
3270
4503
759
1388
9522
2660
3930
3271
1389
6369
3931
5146
1390
5768
7037
5147
8851
7627
1391
4504
7628
3272
8277
4505
2045
7629
6370
5769
9523
5148
1392
7630
5149
4506
2661
3273
760
4507
8278
3932
1393
4508
3933
9524
761
9525
762
7038
763
5150
8852
3274
6371
5770
3934
3275
7631
9526
2046
2662
764
4509
3276
7632
6372
3935
6373
1394
8279
5771
4510
7039
4511
8853
765
4512
8280
4513
3277
125
6374
7633
766
7040
8281
7634
9527
2047
4514
5151
3936
7635
8854
2663
7636
2048
6375
8282
5772
2664
7041
767
5152
9528
3278
2665
3937
4515
9529
8283
8855
2049
8856
7637
3938
2050
3939
7042
7638
5153
3940
6376
5773
7639
126
3279
4516
7640
3280
1395
3281
5154
5774
8857
3941
768
4517
8284
4518
2666
2051
5155
3282
4519
3283
2052
1396
3284
8858
769
1397
2667
770
7043
8285
771
7044
5775
8286
772
4520
1398
773
1399
6377
7641
774
7642
2053
3942
8287
1400
9530
8288
2668
8859
5156
5776
2669
2054
775
2670
1401
5777
2671
4521
5778
4522
1402
7045
5157
4523
7046
2055
4524
2672
1403
9531
3285
8289
4525
776
7643
3943
7047
127
4526
5779
5158
5159
7048
4527
2056
6378
5160
777
4528
2057
5780
2058
8860
2059
3286
7644
1404
4529
9532
7049
778
5781
2060
5161
779
1405
2673
8290
3287
780
7050
128
8291
5162
4530
781
2674
7051
782
7645
783
1406
129
3288
2675
784
3944
9533
5782
8861
7646
7647
7648
7649
7650
7651
7652
7653
7654
7655
7656
7657
7658
7659
7660
7661
7662
7663
7664
7665
7666
5783
7667
7668
8292
7669
8862
8863
7670
2676
7671
7052
7672
4531
7673
4532
7674
8293
2061
4533
2062
2677
785
2063
1407
2678
2064
5163
5784
130
6379
8294
2065
7675
3289
7676
1408
7677
3290
7053
7678
1409
3291
3292
7679
3945
3946
5164
2679
7054
786
2066
7055
787
4534
788
1410
131
3947
789
3948
790
3293
7680
1411
791
7056
8295
792
4535
5165
2680
8296
6380
8297
5166
6381
793
6382
2067
1412
8864
7681
3949
8298
8299
7682
2681
6383
8300
2682
2683
7057
3294
132
9534
9535
7058
9536
7683
2068
2684
5785
4536
8301
7059
4537
9537
7060
7061
7684
3295
3296
133
134
135
136
6384
3950
137
138
4538
8865
7062
9538
9539
7063
5786
794
5787
1413
4539
8302
2069
795
2685
8866
796
2070
7685
2071
9540
8303
5167
2072
8304
139
3297
2686
8305
1414
140
8306
5168
1415
6385
9541
6386
7064
9542
4540
797
7065
3951
2073
3298
2074
2687
6387
8867
2075
9543
7686
3952
2076
798
8307
141
1416
3299
9544
6388
5169
1417
3300
7687
1418
8868
4541
8869
8870
8871
3953
8872
8873
5788
7066
8874
8875
6389
8876
3301
8877
142
5170
4542
799
800
3954
8308
2688
1419
8878
8879
8880
8881
8882
8883
8884
8885
8886
5171
143
7067
7068
801
7069
3955
802
2689
2077
1420
4543
4544
6390
4545
3302
7070
8309
3303
2078
5789
5172
3304
4546
8887
2690
8310
1421
8888
2691
9545
144
3956
8311
5790
803
4547
2692
8889
6391
2079
7688
3957
1422
3958
5173
3959
3305
2080
8312
5791
3960
7071
8890
7072
7689
7073
2081
7074
5792
2082
3306
2693
5793
8313
8891
8892
8893
3961
145
2694
3307
1423
146
4548
6392
7690
5794
6393
2083
3962
5795
9546
9547
1424
804
4549
6394
5174
5796
2084
3963
6395
8314
1425
6396
6397
4550
3964
7691
3965
805
2695
7075
9548
1426
8894
6398
5175
8895
8896
2085
8897
2086
806
7076
5797
3308
7077
3309
147
3310
7078
7692
3311
3966
8898
5176
8899
4551
9549
8315
5177
8316
4552
8317
3312
4553
3967
5178
4554
7079
5798
2696
5179
6399
807
3313
1427
4555
8318
6400
7080
9550
6401
1428
2087
7693
8319
5180
2697
148
8320
1429
3314
4556
6402
8900
5799
3968
2698
8321
9551
808
8322
7694
2699
7081
1430
8323
2088
4557
3315
6403
8901
1431
809
3316
3317
149
7082
9552
8324
5800
8325
3969
7695
8326
4558
8327
6404
7696
150
810
2089
811
2090
4559
812
8328
2091
151
6405
8329
6406
7697
8330
6407
9553
4560
813
3318
4561
5181
814
3970
3971
2700
3972
3973
1432
152
1433
815
8902
8331
7698
2092
5182
6408
9554
3974
8903
2093
2094
1434
5801
8904
816
7083
817
6409
8332
5183
818
7084
7699
7085
7700
4562
9555
7086
5184
1435
7701
7087
3319
3975
819
7702
2701
5802
1436
8333
7703
8334
7704
4563
2702
820
9556
5803
9557
7088
6410
3976
2095
7089
7090
153
6411
3320
7091
5804
2703
8335
154
5805
3977
9558
8905
1437
7092
7705
5185
1438
9559
5186
1439
8336
9560
821
6412
3978
8906
5806
3321
4564
5807
3322
4565
5808
6413
2704
3323
4566
2096
7093
3979
8337
1440
6414
5809
9561
2097
8907
3324
5187
822
8908
8338
7706
8339
7094
2098
2705
8340
2099
8341
8909
4567
155
3325
2706
6415
3326
9562
3980
8910
1441
1442
5188
823
1443
6416
1444
8342
824
8343
3981
4568
8344
5189
5810
3982
8345
7095
3983
1445
825
1446
2707
7096
1447
156
6417
9563
2708
2100
157
7707
3327
158
2709
7097
3328
7098
5190
8346
8911
8347
4569
1448
4570
6418
159
7708
160
1449
1450
5811
3329
161
2101
3984
7099
1451
3330
7709
2710
3331
1452
5812
826
6419
8348
2102
4571
162
6420
5813
2711
3332
8349
6421
5191
7100
3985
7101
7710
7102
9564
3333
827
8350
5814
7103
5192
4572
4573
2103
2712
4574
7104
2104
9565
2713
7711
3986
8351
1453
8352
3987
8912
7712
4575
1454
6422
3988
7713
5815
828
7714
5193
163
7715
5816
9566
4576
3989
2714
3334
4577
2105
2715
2106
5817
6423
1455
2107
7716
2108
829
8353
6424
3335
7105
2716
4578
8354
7106
8913
3990
5194
7717
9567
6425
5818
2717
830
164
4579
2109
3336
7107
4580
2718
6426
165
8355
3337
7108
166
7109
6427
2110
9568
3991
5195
3992
5819
8356
831
3993
4581
6428
832
3994
1456
7718
7110
8357
1457
3995
6429
1458
7111
3338
5196
1459
4582
7112
1460
7719
2719
167
6430
1461
8358
6431
1462
2111
6432
1463
5197
4583
8914
6433
6434
5198
8359
2112
1464
2720
9569
5820
833
6435
7720
3339
6436
3996
9570
3340
7113
9571
8360
3341
9572
1465
6437
4584
5199
5821
168
6438
8915
6439
4585
6440
7114
8361
4586
6441
5200
834
7115
5822
3997
9573
5201
7721
3342
5823
8362
7722
1466
2721
6442
6443
3998
169
8363
8364
9574
2113
4587
2114
3343
2115
2116
3344
8365
1467
2117
2722
4588
835
6444
9575
5824
2118
3999
2119
9576
7116
4000
7723
5202
9577
4589
3345
8366
6445
9578
2120
2723
9579
3346
1468
170
7724
9580
4001
5203
4590
9581
1469
6446
8367
1470
8368
9582
6447
3347
9583
6448
836
9584
7117
8369
5204
2121
7725
4591
2724
9585
7726
6449
4002
4592
2122
837
5825
5205
4593
5826
5206
2725
9586
171
2123
6450
7727
2124
3348
4003
2125
7728
4594
838
2126
5827
8370
2127
2726
839
7729
1471
3349
172
7118
5207
6451
2727
9587
2128
8371
7730
8372
3350
5828
5829
4004
840
2728
2129
2729
6452
8373
2130
8374
6453
3351
4595
173
4596
3352
841
174
2131
1472
2132
5208
175
2133
9588
2134
2135
5830
5831
842
4005
1473
843
2730
7119
7731
9589
176
5832
7120
6454
5209
5210
2731
8375
2732
1474
2733
2734
5833
1475
5834
5211
3353
5835
177
2136
5836
8376
4006
9590
8916
4597
8377
1476
8917
7732
4598
5837
7121
8378
2735
178
5212
5213
179
5214
180
7122
5838
2137
8379
4599
2736
9591
4600
7123
8918
6455
5215
8919
8380
3354
844
6456
4601
8920
1477
4007
6457
2138
3355
1478
6458
7733
181
5216
4008
5839
3356
6459
1479
7734
6460
2737
2139
7735
2140
8381
2141
2142
4602
6461
8921
9592
9593
6462
9594
5840
9595
2143
5841
9596
5842
9597
2738
2739
8382
6463
5843
4009
7124
2740
5217
7736
5844
2144
9598
182
2741
4010
8383
2742
845
3357
4603
7125
1480
8384
3358
5218
8922
4011
1481
846
2145
3359
4604
9599
847
7737
6464
8923
848
5845
5219
8385
7126
2743
5220
8386
849
3360
4012
7738
1482
4013
9600
5221
8387
2744
850
2745
4605
7127
2746
4014
4606
2146
7739
8924
8388
5846
2747
3361
5222
7740
5847
851
8925
6465
2147
8926
6466
2148
7128
8927
2149
2748
4015
4607
7129
2150
2749
6467
3362
7741
8928
8929
8389
183
852
2151
184
5848
6468
7742
6469
8930
4016
7743
5223
5224
2750
5225
2751
9601
1483
5849
4608
5850
4609
853
7130
7744
2752
4610
2753
4017
5851
1484
8390
2754
185
1485
9602
854
2755
1486
4611
3363
5852
2756
9603
3364
7745
6470
8391
855
7131
4018
7132
2152
9604
8931
7133
8392
5853
9605
4019
2757
7746
4020
4612
3365
6471
4021
5226
4613
5854
8932
186
4614
2153
3366
4615
9606
187
1487
3367
8393
5855
7134
2154
2758
188
3368
7135
6472
4616
5856
856
857
4022
1488
2759
7747
8933
8394
2760
2155
5857
5227
5858
9607
8395
3369
5228
4617
2761
7748
1489
4618
4023
8396
6473
5229
2762
2156
3370
5859
2157
3371
5860
7136
3372
2763
8397
189
858
5230
4619
7749
6474
3373
5861
1490
7137
8934
5231
4620
7138
8935
7139
1491
9608
190
4024
2764
3374
8398
1492
859
2765
8936
860
7750
7140
4025
4621
861
1493
1494
7141
9609
4622
5862
862
9610
191
9611
5232
2766
5233
2158
5234
5863
5235
863
5236
192
9612
7751
4623
5237
5238
3375
4026
1495
3376
6475
4027
7752
8399
8400
2159
864
8937
193
2160
3377
3378
4028
6476
7753
5239
5240
8401
8402
5241
2161
2162
5242
3379
4624
4625
7754
4626
7142
194
9613
2163
5864
7143
5243
865
8403
1496
7144
7755
4627
3380
4029
195
866
3381
6477
5244
4030
7145
9614
9615
4031
2164
9616
867
9617
7756
8938
7146
868
5865
3382
6478
8404
869
1497
2767
3383
8405
9618
5245
3384
8406
6479
4628
5246
2768
1498
6480
7147
870
1499
7148
196
3385
7149
7757
2165
4629
6481
8939
2166
9619
2769
1500
9620
1501
9621
3386
871
1502
5247
4630
4032
7150
1503
7758
9622
2167
872
5866
2770
3387
2771
5248
4631
9623
7759
9624
1504
4033
6482
3388
197
9625
8407
5867
198
5249
199
5250
3389
200
3390
201
4632
4034
3391
4035
2168
3392
8408
4036
3393
5251
7760
3394
3395
3396
202
6483
203
3397
5868
5869
8409
5870
873
4633
5871
8940
4634
5872
7151
4037
2772
4635
1505
4636
6484
874
204
4637
8941
8410
9626
7152
7153
7761
6485
9627
4038
7762
2773
7763
8411
1506
5873
3398
4638
875
8412
2169
4639
6486
5252
2170
5253
9628
876
7764
7154
5874
8942
4640
7765
8413
877
5254
9629
8414
7766
2774
7155
3399
9630
6487
4641
3400
6488
5875
1507
6489
205
2775
2171
1508
7767
8943
4642
8415
9631
8944
7156
6490
9632
7157
5876
3401
206
8945
1509
4039
1510
7768
9633
878
1511
2776
6491
1512
3402
3403
6492
1513
5877
6493
1514
8946
9634
4643
3404
2172
8947
3405
3406
6494
2777
207
3407
2778
5255
1515
6495
8416
6496
7158
8417
5878
879
8948
5879
9635
5880
5256
9636
9637
2173
208
9638
2174
9639
9640
2779
8418
2780
8419
2781
3408
8420
5881
4644
3409
2175
9641
6497
8949
6498
6499
2782
5257
1516
5882
209
4040
2783
5883
2784
7769
6500
7159
7160
2176
5884
8950
2785
2177
2786
2178
7770
9642
2179
880
9643
7771
8951
1517
8421
210
5258
211
2180
4645
9644
7772
881
212
7161
1518
2181
4646
2182
2787
213
882
8952
6501
1519
3410
214
5885
6502
7773
5886
4041
7162
9645
7774
1520
2183
2788
8422
4647
9646
2184
6503
8953
5259
3411
1521
3412
883
5887
3413
4042
7163
9647
1522
2185
8423
7164
5888
8424
7165
2789
3414
8425
5260
8954
2790
2186
5261
4648
4043
9648
5262
7775
6504
2791
215
3415
8955
884
7776
5889
7777
2187
6505
8956
8426
216
1523
7166
5263
9649
2792
1524
4649
217
2188
7167
8427
6506
8428
218
7778
8429
885
5264
8430
8431
2189
6507
4650
8957
1525
5890
7168
5265
219
5891
4044
4651
8432
4652
3416
5892
3417
4045
5266
2793
3418
4046
7169
3419
5893
3420
4047
4653
1526
9650
2190
8958
886
8433
7779
5894
3421
5895
4048
4654
6508
3422
4655
7780
3423
2191
220
4656
221
1527
887
8434
222
5267
5268
7781
4657
5896
5897
7782
7783
1528
7784
8435
7785
1529
5269
223
1530
8959
6509
5898
7170
3424
7786
6510
2794
3425
4049
6511
2795
4050
2796
8960
6512
7171
3426
4051
9651
1531
2192
9652
3427
8436
9653
224
7787
7172
4052
9654
1532
4053
2797
5899
7788
1533
888
8437
2193
2194
2798
3428
225
2799
5900
7173
889
4054
5270
8961
2195
6513
8438
890
8962
8963
7789
1534
4055
4658
4659
2196
2197
9655
7174
9656
7175
1535
7790
4056
7791
1536
1537
5901
7792
5271
5272
5902
2800
5273
5274
5903
5275
6514
2801
5276
1538
2802
1539
226
9657
7176
891
1540
4660
1541
2198
8439
4057
7793
3429
4058
6515
9658
4059
1542
3430
2803
5277
5904
6516
2804
1543
2199
6517
4060
8440
892
1544
4661
893
4662
7177
4663
5278
3431
8964
4664
2805
4665
1545
894
4666
6518
2806
5905
5906
5907
5908
5909
5910
227
5911
5912
2200
8441
9659
895
8442
4061
4062
5913
2201
7178
7179
7794
8965
6519
3432
1546
4063
3433
228
4064
8966
229
8443
2807
4065
4066
7180
8967
3434
4667
4668
2202
9660
7795
2203
4669
8444
9661
4067
5914
5279
9662
7796
4068
5280
8445
6520
8968
6521
3435
6522
3436
4670
6523
2204
7181
2808
2809
9663
7182
4069
2810
2811
9664
7797
7798
6524
8446
230
1547
231
2812
8969
2813
4671
2814
8970
8447
2815
7183
3437
7184
896
9665
7185
2205
5281
2206
897
2207
2816
898
1548
899
3438
8971
4672
6525
5282
7186
4070
9666
7799
2208
6526
7800
9667
232
4673
6527
8448
233
900
7801
8449
3439
8972
6528
1549
4071
5283
7187
9668
8450
901
4072
9669
4073
6529
234
5284
4674
4074
5285
3440
8973
2209
8451
9670
6530
2210
1550
7802
3441
5286
9671
5915
1551
5287
7803
5288
8974
4675
8975
1552
9672
2817
2211
4676
8976
902
4075
7804
2818
8977
5916
4677
7188
5917
3442
2819
3443
9673
4076
7189
3444
5289
3445
2212
3446
2213
2820
8978
8452
9674
4077
903
7190
9675
904
4678
8979
2214
905
4679
1553
6531
8980
7191
7192
8453
4078
5290
2215
4079
1554
4680
7805
9676
2821
1555
1556
4681
906
1557
8454
5918
8455
8981
6532
9677
3447
8456
4682
6533
3448
2216
8982
5919
1558
9678
4683
9679
9680
8983
7193
9681
4080
5920
907
5291
3449
2217
2822
8457
5292
4684
1559
3450
5293
7194
4081
5921
2218
7195
235
3451
7196
8984
5922
6534
5294
7197
8985
1560
5295
4685
236
8986
5296
7198
237
8458
3452
4686
9682
4082
4687
2219
4688
9683
238
9684
6535
2823
908
5923
4083
909
2220
5924
8459
2221
910
8460
7199
6536
4084
2222
2824
5297
911
8461
8987
3453
5925
6537
7200
9685
7201
3454
2825
5298
1561
4689
2826
2223
6538
2827
6539
7202
8462
7203
1562
7204
7205
5926
1563
239
8988
3455
5299
5927
4085
2224
6540
2828
7806
6541
1564
4086
6542
5300
240
9686
1565
7206
8989
8990
241
4690
7207
2829
8463
3456
7208
5301
7209
4087
3457
912
6543
242
243
5928
6544
244
9687
7807
4088
913
7210
7211
8991
8464
4691
7212
8465
7213
4692
5302
7214
2830
9688
914
5303
6545
2225
245
4693
4694
7215
915
8992
5304
6546
5305
1566
8466
7808
7809
7810
7216
7811
7812
9689
9690
8993
3458
9691
6547
246
247
5306
4695
6548
2831
7813
916
917
9692
918
4089
6549
919
7217
920
2226
6550
921
7218
922
248
4696
5307
6551
7814
8994
8467
8468
7815
2832
2833
5929
2834
5930
2835
2836
1567
8995
2837
2838
249
9693
2839
5308
5309
923
6552
8469
7219
5310
5311
5312
5313
5314
5315
5316
5317
5318
5319
5320
5321
5322
5323
5324
5325
5326
5327
5328
5329
5330
5331
5332
5333
5334
5335
5336
5337
5338
5339
5340
5341
5342
7816
250
7817
7818
251
252
253
5931
9694
9695
924
4090
9696
8996
1568
5343
3459
7819
7820
7821
7822
7823
7824
7825
7826
7827
7828
7829
7830
7831
8470
4697
8997
7832
7833
2227
2840
3460
2228
1569
2841
2229
2230
5344
1570
254
5932
5345
4091
9697
9698
8471
8472
8998
8473
8999
7220
8474
8475
5346
5347
4698
2231
6553
5348
1571
1572
2842
6554
9000
3461
7834
4092
9001
925
9002
4699
255
4700
256
4701
8476
2843
9699
4702
5349
4093
2232
9003
4094
257
7835
4095
2844
4096
926
7836
4097
9004
1573
4098
1574
2845
4703
2233
8477
3462
2234
3463
4704
7837
927
7838
3464
5933
4099
928
4100
1575
6555
7839
4705
7840
4706
5934
2846
9700
7221
2235
2847
929
8478
5350
6556
2848
258
7222
2849
7223
4101
5351
2236
9005
7224
7841
2237
7225
2850
5935
9701
2238
4102
7226
1576
2851
930
3465
7842
2239
4103
4707
259
5352
4104
5936
931
4105
3466
9702
1577
9703
6557
9704
2852
9705
5353
6558
2240
4708
5354
5355
9706
5937
5356
7227
5938
1578
5357
8479
3467
932
7843
9006
6559
5358
2853
4106
933
4709
7228
6560
5359
9007
934
1579
5939
935
5940
5360
260
4710
5941
936
5942
2241
9008
5943
2242
937
7844
2243
938
9707
7229
6561
4711
9708
261
2854
5944
9009
7230
4712
1580
9010
7231
7845
3468
9709
262
4107
8480
263
2855
3469
2244
7232
7846
8481
5361
2856
264
1581
4713
5945
939
6562
8482
4714
2857
2245
9710
2858
8483
7233
6563
265
4715
9011
4108
7847
7848
5362
9012
9711
8484
7234
1582
7235
2246
2859
8485
940
8486
9013
7236
9014
8487
5946
9015
8488
2860
2247
941
4716
2248
1583
4109
9016
6564
2249
4110
5363
9712
7849
9713
7237
2861
4717
7850
942
5947
8489
7851
2862
9017
7238
3470
1584
5364
8490
4111
6565
266
9714
9018
7239
9019
267
4718
5948
7240
268
8491
5365
4112
269
7241
6566
3471
9020
943
7242
3472
270
1585
5366
9715
7243
3473
5367
6567
5949
6568
944
8492
7244
945
3474
2250
9716
3475
9717
3476
9718
9021
9719
9720
946
947
2251
7852
2252
948
6569
5950
271
8493
4719
5951
5368
2863
8494
8495
3477
8496
3478
2253
3479
9721
4113
7245
4114
5952
5369
272
7853
6570
5370
6571
4115
9722
1586
5371
8497
6572
9022
273
7854
3480
8498
4720
3481
949
3482
5372
950
6573
4721
1587
2864
4116
9723
8499
7855
4722
2254
1588
3483
2255
4117
2865
9724
2866
9725
2256
8500
2867
9023
274
6574
7246
9024
4723
9726
2257
5373
5953
7856
4118
275
5374
8501
7247
7857
6575
5375
951
2258
9727
6576
7858
5954
1589
2868
5955
3484
4119
3485
8502
9025
2869
3486
2870
2259
1590
7859
3487
952
4120
7248
6577
1591
5376
8503
7249
276
1592
9026
7250
1593
4724
3488
5377
9728
4121
277
1594
9027
7251
953
9028
7252
954
5956
4725
9729
3489
9730
5957
4726
2871
9731
8504
4727
6578
955
2872
9029
7253
8505
6579
4122
2873
6580
5958
4728
9732
2260
2874
7860
4123
3490
278
2875
3491
4729
2876
8506
5378
5959
2261
1595
4124
9030
9031
4730
3492
1596
7861
956
7254
5379
2262
3493
957
2877
3494
7255
958
4731
4125
6581
3495
959
1597
8507
5380
5960
2878
8508
8509
2879
3496
6582
5961
2263
7862
5381
7256
9733
5962
9032
8510
279
4732
6583
7863
280
7864
281
8511
960
7865
5382
2264
5963
4126
282
9033
8512
2880
4733
8513
3497
8514
3498
5964
9034
5383
7257
9734
7258
2881
1598
2882
1599
3499
2883
1600
5384
5385
4734
6584
4127
5386
6585
5387
8515
5388
7866
9035
9036
5389
5390
9037
6586
4128
961
962
3500
6587
4129
7867
5391
3501
3502
283
7868
3503
6588
4130
4735
7259
2884
9038
7260
963
7869
9039
7261
284
9735
7870
8516
285
7871
286
1601
3504
6589
7262
6590
4736
9736
2885
7263
964
9040
3505
9041
7264
965
5965
6591
4737
5966
1602
9737
2265
4738
4131
5392
1603
4132
7872
7265
5393
4133
5394
9042
966
8517
9738
9043
287
9044
5967
7873
2886
5395
967
7874
968
969
6592
288
9739
970
2887
8518
4739
7875
971
5396
7266
4134
3506
2266
972
4740
289
9045
2267
7267
4741
9740
8519
2888
4742
5968
5397
1604
290
4135
1605
973
2889
7268
1606
1607
4743
2268
7876
4744
4136
9741
3507
4137
974
9046
5398
7269
7270
5969
7877
8520
7271
8521
5970
975
5971
976
2890
2269
4138
977
7878
4745
978
291
1608
4746
3508
4747
5972
9742
5973
2270
3509
5974
4139
6593
2891
7879
979
5399
292
9743
1609
9047
5400
1610
3510
1611
8522
9048
9049
2892
9744
6594
7272
9745
9746
9747
4140
8523
9050
4141
8524
9051
5401
293
7273
5402
1612
1613
294
5403
3511
8525
6595
6596
5404
7880
8526
5405
4142
9748
8527
295
4143
2893
9052
5406
1614
4144
1615
8528
5407
5408
4748
296
2271
7881
297
1616
6597
298
980
2894
299
9053
7882
6598
3512
7274
4749
4750
7275
2272
2273
6599
4145
1617
5409
4146
2895
9749
9750
9054
7276
7883
3513
300
4751
3514
981
9751
5410
6600
5975
1618
7884
2274
2896
4147
5976
4148
982
3515
7277
4149
1619
4150
7885
4151
4752
5977
5978
3516
5979
5980
5981
5982
5983
9055
9056
2897
4152
2898
983
6601
8529
301
3517
8530
984
5984
9057
4753
9752
5411
5985
6602
1620
5986
5412
985
4153
6603
4154
8531
9753
5413
302
9058
2899
1621
8532
1622
7886
7278
2900
9754
8533
986
2901
3518
6604
9755
2902
5987
2903
303
1623
3519
4155
9756
1624
2275
7887
8534
7888
987
2904
7889
6605
9059
3520
5988
7890
7279
5414
8535
5989
304
3521
1625
9060
9061
7280
988
1626
305
9062
9757
4156
306
9063
6606
5415
7891
307
9064
2905
3522
989
2276
3523
2906
7892
9065
4754
5416
2907
5417
4755
5990
990
3524
3525
991
7893
3526
7281
5991
1627
5992
8536
6607
7282
308
3527
7283
7894
9066
5993
992
2277
2908
4157
4756
5994
7895
7284
6608
9067
2278
9068
2279
5418
5419
2909
4158
2910
9758
4159
993
9759
9069
994
995
4160
4757
996
5420
997
2911
6609
998
8537
8538
3528
999
8539
5995
7285
7896
7897
6610
8540
9070
2280
9760
8541
9071
4758
1628
2912
3529
4759
4760
1000
7898
4761
3530
5996
309
4762
4161
4763
4162
4764
5421
9072
5422
1629
1001
5423
310
7286
2281
311
7287
4163
9761
4164
5997
2913
2914
312
4765
7288
7899
2915
4165
4166
1630
5998
8542
4167
8543
1631
8544
8545
9762
3531
3532
5424
8546
8547
2282
9073
8548
5425
8549
6611
1632
5426
5427
7900
1002
5999
1003
2283
2284
8550
2285
9763
5428
313
1633
6000
4766
6001
4767
6612
3533
6002
2286
4768
6613
9074
6614
7289
6615
7290
7901
8551
9764
4769
4168
8552
9765
4169
314
1004
9075
9766
4170
1005
315
1006
3534
6003
7291
9076
2287
8553
6616
2288
8554
5429
1007
7902
6617
6004
4770
7292
6618
4171
5430
6619
4771
2916
7293
8555
8556
5431
7903
6620
1008
9077
7294
4772
9078
3535
1634
9767
3536
316
2289
3537
1009
3538
6621
7904
9079
3539
4172
2290
8557
4173
1010
4773
4774
317
7295
5432
5433
9768
9769
1635
6622
6005
4775
3540
1636
6623
318
6624
319
8558
320
2917
6006
1637
6007
7296
7905
1011
9080
6625
3541
6626
8559
4174
7297
1638
6008
3542
9081
7906
6627
7298
8560
2918
8561
4776
2291
9082
1012
321
5434
6009
6628
2292
5435
7299
8562
9083
2919
1013
4777
3543
1639
9770
4778
1640
322
3544
5436
7300
4779
8563
1014
1641
7907
2293
6629
1642
323
6630
7908
9771
6631
1015
2294
1016
5437
8564
2295
6010
8565
2296
3545
6632
1643
4780
324
9772
6011
9084
1017
6012
3546
4781
9773
6013
7301
3547
2297
1018
325
1644
3548
8566
9774
1019
6633
3549
326
1020
4782
6014
4783
2298
4784
7302
7303
4175
6634
6635
2920
6636
3550
9085
3551
7909
4785
1645
2299
9775
7304
6015
4176
9776
2921
327
6637
7305
8567
328
8568
2300
1021
8569
2922
6016
4786
2301
3552
8570
9777
3553
9778
3554
5438
9779
2923
9086
9780
9087
9781
2924
7306
329
3555
330
3556
331
7307
6017
4787
3557
2925
2302
6638
7910
2303
9088
3558
1022
8571
6018
3559
5439
3560
2304
2305
2306
2926
2927
5440
3561
2928
5441
7308
6019
332
2307
5442
6639
4177
6020
5443
1023
7911
3562
4788
8572
3563
9089
1024
6640
3564
6021
4178
3565
7912
4179
3566
5444
8573
7309
8574
6022
2308
1646
6023
4789
6024
7913
7310
333
7311
4180
7312
4790
6025
9782
4791
8575
1025
1647
3567
2929
334
7914
9090
7313
3568
7314
9091
8576
3569
1648
6641
6026
7315
3570
6642
7316
8577
335
9783
4792
4181
3571
5445
2309
7915
4793
9784
6027
7317
6643
8578
1649
4794
3572
9785
336
2310
7318
5446
9786
6028
1650
6029
9787
5447
9092
4795
8579
2311
1026
9788
6030
2930
7916
3573
9789
4182
337
2931
6644
338
7319
4796
5448
9093
4797
3574
4798
339
9790
3575
8580
6645
3576
7320
2932
4799
1027
9791
4800
4801
9792
4183
3577
2933
3578
3579
5449
6031
8581
3580
6032
3581
4184
6033
2312
7917
2934
1028
7321
7918
2935
7919
340
7322
6034
1029
9094
5450
4802
6035
3582
4803
3583
4185
7323
4804
1030
9793
7920
6646
4805
6036
4806
2936
4807
1651
9095
341
5451
2313
342
7921
4186
343
1031
9794
7922
6037
344
1032
1652
1653
1654
1655
1656
1657
1658
1659
1660
1661
1662
1663
1664
1665
1666
1667
1668
1669
1670
1671
1672
1673
1674
1675
3584
4808
1676
4187
9795
6038
2314
9096
3585
1033
9097
7923
8582
1677
1034
7324
9796
8583
1035
6647
8584
4188
2315
345
6648
8585
6039
8586
7924
3586
2937
8587
3587
6040
2316
5452
9797
346
4809
5453
1678
6649
7325
5454
3588
8588
3589
347
5455
4189
2938
4190
7925
6041
3590
6650
4810
8589
4811
5456
8590
1036
4812
9098
7926
1679
9798
7927
2317
7928
1037
5457
1038
9099
1039
3591
9100
1040
1041
4813
1042
8591
6651
4814
1043
1680
2939
1044
1045
4191
7326
5458
5459
4192
6652
2940
6653
1681
2941
2942
1682
2943
2944
3592
4815
2945
4193
348
8592
9101
2946
2947
349
7327
1683
2948
1684
7328
6042
4194
7329
5460
2318
7330
350
4816
7331
1685
3593
8593
4817
2949
351
8594
2950
352
7929
9102
2951
353
3594
2952
9799
7332
6043
4195
9103
8595
354
6654
1046
3595
6044
2953
6655
4818
2319
7930
6656
7931
2320
9800
9801
9104
4819
4196
9802
4197
9803
1686
4820
4198
7932
7933
4199
6045
6046
9105
9106
1047
9107
1048
4821
9108
4822
9109
4823
7934
4824
7935
4825
7333
1687
4826
1688
5461
355
5462
6657
6047
2954
3596
7936
2321
8596
4827
1689
9804
5463
1690
6658
6048
4200
1049
1691
4201
1050
1692
4202
1051
6659
2955
7334
6049
2956
1693
6660
7937
8597
2322
4828
6661
7335
1052
6662
5464
4203
356
3597
4829
2957
8598
6050
357
7938
9110
4830
9805
8599
9111
1053
1694
358
6051
6663
6664
9112
8600
3598
2958
7939
359
7940
2323
1054
2959
360
6052
7336
8601
8602
7941
9806
4831
1055
7337
2960
8603
2324
1695
5465
7338
4204
8604
9113
6665
6053
5466
2325
4205
361
9114
7339
7942
6054
2326
1056
1696
362
1697
9115
2961
4206
8605
9807
7943
2327
6055
3599
4832
5467
9116
363
6666
1698
364
2962
365
1057
9808
2328
4207
3600
9809
9117
9118
1699
1700
7944
4833
5468
2329
5469
1058
8606
5470
2963
2964
9119
1701
2965
9120
9810
3601
6667
4834
2330
9121
366
5471
6056
9122
7340
5472
3602
2966
6057
9123
1059
1702
8607
9811
2331
8608
8609
1060
1703
2332
1704
4835
3603
3604
4208
9124
5473
3605
6668
1061
367
7945
5474
6669
5475
6058
2333
7341
9125
9126
7342
7343
8610
1062
4836
8611
1063
6670
6059
6671
6060
9812
9127
6672
2967
8612
3606
2334
9128
7344
1705
1064
5476
7345
1065
9813
9814
2335
8613
3607
9815
8614
9816
7346
6061
1706
8615
1066
1707
9817
2968
9818
5477
2969
9819
9129
3608
4837
7347
6062
2336
2970
7348
1708
4209
368
9130
369
4838
6063
4839
4840
370
7349
6673
6064
7946
371
4210
6674
9820
7947
372
7350
6065
8616
373
4211
5478
7948
1709
5479
2971
4841
6675
4212
7351
9131
1710
1067
9132
1711
9821
6066
6676
7949
9822
4842
2972
7950
6067
4843
1712
3609
7951
5480
2973
2337
1713
9823
6068
7352
3610
8617
4844
5481
2974
1068
1714
2338
7952
3611
6677
374
8618
3612
8619
1069
6678
5482
8620
6679
4845
6680
7353
6069
2975
6070
3613
6071
2339
6072
6681
1715
8621
1070
8622
2976
5483
3614
6682
2977
6073
6683
9824
6074
2978
1716
6684
7953
8623
375
5484
2340
7354
6685
9825
1071
1717
3615
9133
7954
2979
4846
2980
4847
7955
2981
4848
376
3616
4213
7956
6075
9826
1072
2982
5485
1073
7355
1074
8624
6686
8625
1718
7957
5486
3617
7958
6076
9134
9827
377
6077
4849
5487
1719
1075
378
7356
3618
6687
379
9135
8626
380
7959
6078
4214
6079
1076
1720
1077
2983
7357
1078
2341
4215
1721
7960
9136
5488
9137
7358
2984
7359
4850
7360
4216
1722
381
3619
8627
4217
2342
4851
2985
8628
5489
7961
2986
6080
9138
2987
4852
2343
2988
382
1079
5490
3620
2344
1723
4218
6688
9828
7361
9139
2989
9140
2990
5491
383
2991
9141
8629
7962
1080
4853
8630
7963
4854
6689
3621
384
7362
5492
7964
2992
4855
4219
1081
8631
9142
9143
3622
3623
2345
9144
3624
6690
9829
9145
2993
6081
7965
9830
5493
4856
1724
9831
3625
8632
7363
9832
8633
6082
9833
4857
2346
5494
1082
1725
9834
2994
9835
385
9146
4220
6083
7364
8634
2995
6084
386
4858
5495
4221
4222
1726
8635
8636
6085
8637
6086
8638
1083
6087
4859
9836
9147
3626
7365
4860
7966
4223
1727
7967
387
7968
6088
9837
9148
6089
7969
6691
7366
4861
1084
9149
388
6692
4224
2996
6693
2997
9838
4862
2998
6090
9839
5496
4863
3627
1085
4225
389
4226
7970
4227
9150
5497
9840
6694
5498
7367
390
4864
6695
4228
391
6091
4229
1728
6092
4230
9841
6093
6696
9151
6094
1729
2999
5499
2347
9152
1730
9153
7368
4231
4865
9154
8639
4232
4866
2348
3628
4867
5500
5501
3000
1086
7971
4233
9842
1731
1087
392
2349
1088
1732
9155
393
7369
3001
9156
9843
3002
3003
5502
3004
5503
8640
2350
3629
3630
4868
4234
9844
6697
1733
3005
1734
3006
8641
1735
8642
8643
6698
5504
6699
6700
3631
7370
7371
4235
7372
4236
3632
9845
1736
7373
1737
5505
9846
6701
9157
7972
2351
8644
7374
8645
4237
3633
8646
8647
5506
6702
6095
8648
6096
1089
2352
6703
3007
6097
394
1738
3008
1090
7375
9158
5507
7376
6704
3009
8649
7377
6705
1739
2353
4869
9847
7973
6098
7378
1740
7379
3634
7380
1741
7974
9848
7975
3010
5508
5509
3635
4870
5510
1742
8650
1743
4238
5511
7976
6706
7977
395
4239
7978
6099
4871
6100
5512
8651
5513
8652
3636
5514
4240
7979
8653
2354
3011
6101
4241
4242
6707
6708
8654
5515
6709
5516
7381
4872
9849
396
3012
4243
3637
6102
3638
9159
397
1091
3639
1092
7382
9850
2355
3013
1744
6103
398
4873
1745
3640
4244
8655
399
1746
6710
3014
7383
400
9851
2356
4874
7384
7980
6711
5517
2357
3641
3015
9160
7981
1093
7385
2358
6104
9852
4245
6712
3642
4875
4246
5518
3016
8656
7386
4247
9161
1747
6713
7982
6105
401
6714
2359
402
7387
9162
6715
1748
7388
2360
3017
9163
7983
4248
6106
8657
3643
3018
9164
9853
8658
9165
9854
403
4876
7984
3644
7389
4249
404
9166
9855
1749
7985
5519
3019
7390
1750
3020
7391
6716
3645
3021
8659
3646
2361
4877
4250
405
2362
4251
3022
2363
1094
4878
9167
7392
4879
2364
7986
4252
6717
4880
406
5520
407
4881
9856
1751
6107
3023
6108
9857
6718
6109
8660
4882
6719
7987
7988
9168
3647
7989
2365
7990
9858
7991
4883
408
9169
9859
5521
5522
9860
9861
1095
7992
2366
6110
9862
4884
9863
3648
7993
9864
8661
7994
7393
3024
7995
1752
409
1753
9170
6111
1754
4253
6720
3025
1755
5523
6721
410
7996
6112
411
9171
6722
9865
6723
8662
7997
9172
4885
1096
7394
8663
4886
5524
4887
2367
8664
3649
7998
4888
4889
6724
1756
9866
6113
9173
1757
2368
6114
8665
6115
4254
4890
9867
6725
412
413
9868
3650
9869
3026
3651
1097
3027
3652
3653
1758
8666
414
1759
7999
8667
4255
6726
8668
8000
8669
6116
3028
5525
6727
4891
4256
1098
6728
5526
5527
7395
4257
1099
8001
4892
5528
3029
9870
9174
2369
9175
2370
9871
5529
9872
6729
8002
1760
7396
1100
4258
9873
2371
7397
3654
4259
6117
6730
5530
7398
9176
1761
5531
2372
3030
3655
5532
1101
2373
415
3031
1762
8670
6118
2374
8003
3656
9874
8671
416
7399
3032
1763
2375
7400
4893
6731
9875
8672
7401
1102
4260
3657
7402
417
4894
5533
2376
1764
9876
3658
5534
418
8004
6119
5535
9177
4895
3659
4896
1765
2377
6732
9178
3660
5536
6120
9877
9179
7403
2378
9180
6733
8673
2379
3661
419
1766
2380
1103
4261
8674
1767
3033
8675
1768
9878
4897
6121
9181
6734
4262
8005
3662
8676
7404
9182
3034
1104
6735
8677
7405
5537
2381
3663
6736
8678
4898
9879
4263
9880
420
4264
6737
3035
2382
6122
4899
8006
9183
3664
8679
421
3665
4900
5538
3666
6738
6123
3667
9881
7406
8680
9882
7407
2383
9184
6124
4265
3036
9185
6739
422
8007
1769
9186
1770
6740
6125
8681
5539
6126
3668
4266
4901
9187
9883
3669
4902
1105
3670
8682
6741
5540
3671
423
4267
9188
8008
8009
4903
7408
3672
1771
8683
9884
5541
7409
5542
7410
4904
2384
4268
9885
3037
7411
8684
9189
4269
6742
3038
9886
6743
8010
9887
8685
4270
1106
5543
424
6127
3039
7412
4905
2385
8011
3040
8012
9190
4906
8013
4907
3673
8014
6744
3674
1772
8686
425
2386
9888
5544
3675
5545
8687
8015
3041
7413
4908
426
7414
9191
8016
9192
3676
8017
2387
3677
8018
4909
7415
9889
1107
8019
6745
5546
8688
8020
6128
2388
8021
2389
5547
3678
3042
1108
5548
4271
6746
3043
4272
1773
3044
3679
4273
1109
8689
1774
8690
3680
6747
8022
1775
8691
2390
8692
9193
1776
8023
8693
3681
8694
4910
6748
1110
6749
3045
6750
7416
2391
9890
1777
8024
8695
5549
7417
8025
2392
427
3682
428
9891
1111
4274
4275
3046
3047
1112
5550
6751
7418
5551
7419
8026
6752
6753
3048
6754
1778
1113
429
430
5552
6129
7420
8696
4276
8027
3683
1114
3684
3049
5553
4911
1115
1779
9194
6130
4277
1116
2393
1117
7421
6131
3050
8028
9195
431
6755
8697
3051
5554
4278
6132
9892
1118
8029
432
8698
5555
6756
4279
9196
7422
6757
9893
8699
3052
8700
433
1780
6133
9197
2394
6758
9198
3053
1781
4912
5556
1782
4913
3685
7423
3054
4914
9894
1783
8030
5557
1119
6759
2395
4280
1120
7424
5558
1784
1121
9895
4915
6134
2396
3686
3055
6760
4916
5559
3056
5560
1785
3057
9896
3058
9199
8031
6135
7425
9200
5561
4917
4918
6761
5562
8701
4919
6762
5563
8032
6763
3687
6764
2397
6765
1122
9201
1786
5564
3059
4281
434
9202
4282
7426
8702
6766
8703
9897
5565
8704
8033
9203
6136
1123
1787
6767
1124
3688
8705
2398
8706
8034
435
4920
3060
1788
3061
5566
6768
4283
4284
6137
9204
6769
8035
4285
6770
6138
6771
1789
3062
3689
8707
2399
8708
4286
1125
4921
4287
3063
6139
8709
4922
4288
6772
7427
4289
1790
1791
7428
4923
7429
3064
8036
2400
9898
9899
8037
5567
8710
5568
8711
7430
3690
7431
6773
1126
2401
6140
7432
1792
1127
4924
3065
3691
5569
9205
9206
8038
436
8039
8712
1128
8040
8713
8041
2402
4290
9900
2403
3066
9207
7433
437
9208
7434
2404
1793
5570
4925
3692
8714
9209
6141
8042
438
4926
8043
7435
4927
2405
8715
5571
9901
2406
439
1129
9902
3067
4928
6774
5572
1794
1795
6142
9210
7436
8044
2407
8716
1796
4291
7437
1797
4929
3693
8717
1130
5573
3694
4292
9903
4293
1798
8045
1131
8718
1799
2408
1800
9211
1801
4294
5574
1802
3695
440
1132
1803
3696
7438
3068
8046
5575
2409
7439
6143
441
8047
1133
7440
9212
2410
8719
4930
9904
4295
2411
1804
4296
8048
8720
1134
1805
4931
2412
9213
6775
2413
6144
9905
9214
8721
6776
9906
8722
2414
442
1806
8723
2415
7441
9215
6777
6145
6778
1135
5576
6779
1136
6780
5577
4932
9216
6781
4297
8049
6782
9907
3697
1137
2416
5578
8724
3069
4933
7442
3070
1807
3071
3698
1138
5579
9217
443
9908
2417
8725
7443
6146
2418
1139
6147
5580
9218
3072
8050
6783
1808
9909
8726
2419
7444
4934
3699
6148
9219
5581
6784
8727
9220
4298
4935
5582
1140
9910
7445
3073
8051
3700
6149
6785
3074
5583
8052
1141
4936
9221
8053
1142
5584
6786
7446
2420
3701
8054
4299
1809
6787
6150
1143
4300
2421
5585
8728
9911
444
4301
9222
3702
4302
9223
1144
7447
4937
7448
9912
8729
6788
4938
445
8730
9224
1145
3075
446
9225
1146
3703
447
1810
2422
1147
8731
7449
5586
1148
3076
1811
9913
1149
8732
1812
5587
4939
8055
6789
3704
5588
6790
8733
448
3705
7450
6791
9226
2423
5589
6792
1150
4303
3706
6793
6151
2424
9914
4304
8734
2425
9915
4305
6152
8056
1813
4940
7451
6153
7452
3707
3077
1151
3708
7453
3709
9916
6794
9227
8057
1152
449
9917
8735
1153
5590
1814
450
1154
3078
9228
1155
6154
3710
4306
4941
7454
9918
8736
1815
9919
5591
9920
8058
9921
451
7455
9229
8059
6795
3079
8737
2426
8060
4307
3080
6155
8061
3711
7456
2427
9230
6796
6156
3712
452
4942
6157
2428
8738
9922
2429
6158
1816
1156
6797
8739
6159
453
7457
9923
2430
7458
9924
3081
9925
3713
3714
6798
3715
7459
9231
6799
7460
1157
9926
8740
2431
9927
9232
1817
9233
3082
6800
5592
1158
3083
4308
1159
5593
3084
7461
8741
2432
6801
3716
9928
3085
9234
454
6160
455
4309
3086
8742
4943
3087
8743
6802
2433
3088
6161
8062
5594
4310
9235
1160
3089
3090
9236
8744
9237
7462
6803
9238
4311
9239
6162
3091
3717
456
9929
9930
1818
8745
9931
6804
4944
2434
2435
1161
3092
2436
1162
2437
2438
8746
8747
9240
8063
8748
9241
457
8749
8750
1163
3093
1164
9932
9933
1165
6805
5595
9242
4312
458
2439
3094
459
3095
460
3096
3718
461
8064
462
7463
3097
6163
3719
8065
8066
1819
8067
463
4313
8068
464
5596
2440
7464
4314
3720
465
6164
3098
6806
4315
2441
7465
1820
9934
4945
466
3721
7466
8069
4946
1166
2442
6807
4947
2443
1821
9243
2444
9244
4316
5597
4948
9245
4317
3099
6165
4949
9935
467
4950
6808
5598
6809
5599
1167
6810
3722
5600
2445
7467
1168
4951
4952
5601
1822
4953
1823
4954
7468
468
1169
4318
7469
469
1824
1170
5602
470
3100
2446
8070
5603
2447
7470
3723
9246
4319
3724
1825
8071
2448
9247
4955
3725
6166
4956
9936
6811
4320
471
4957
3101
1171
9248
1826
5604
3102
2449
3103
9937
4321
9938
8072
9939
4958
1172
3726
7471
5605
3727
9249
3104
3728
6812
7472
3729
4322
9250
472
1827
2450
3105
4323
4959
3730
5606
6167
4324
5607
6168
7473
9251
473
1173
5608
6813
3106
6169
6170
1828
6171
9252
3107
4960
6814
4961
2451
6815
4325
4962
2452
6816
6172
1174
3108
1829
3109
8073
474
4963
2453
1175
5609
4964
6173
2454
9253
6817
1830
6174
9940
1831
3110
7474
4965
6175
1176
2455
3731
4966
9254
8074
2456
9255
3111
1177
475
8075
1178
9941
4326
6818
2457
9942
4327
4967
4328
6176
9943
3112
3732
5610
3113
1179
1180
9256
2458
9944
6819
7475
8076
5611
4968
6177
4969
9257
4329
9258
2459
9259
1832
6820
476
477
6821
4330
478
3733
5612
9945
1181
2460
3734
1833
3114
4970
3115
7476
1834
9260
9946
2461
1182
6822
3116
5613
479
3117
3735
1835
3736
7477
1183
2462
5614
8077
4971
3118
8078
6823
6178
2463
9947
5615
2464
1836
4972
5616
1184
5617
4331
5618
3737
9261
1185
7478
1837
480
1838
9262
6179
3738
3119
3739
1186
2465
9948
1187
481
2466
8079
2467
5619
1839
3740
4332
4973
9263
1840
9264
7479
3120
482
5620
1188
6824
4974
9949
3121
6825
4333
4975
1841
7480
6826
8080
3741
9950
1842
6180
2468
1843
1189
483
1844
8081
9951
7481
3122
1845
6827
9952
2469
4976
5621
4334
7482
4335
2470
3123
3742
1190
5622
1846
4977
484
9265
1191
4336
4978
4979
6181
6182
1847
1192
7483
9953
2471
1193
9954
3124
485
3125
3743
486
3744
6183
9266
3745
9267
9955
1194
6828
4980
9268
1195
1196
2472
6184
7484
6829
8082
1197
3746
1198
3747
4337
9269
9956
487
5623
3748
488
4338
3749
2473
3750
7485
6830
489
9270
4981
6185
4982
6186
4983
6187
4339
8083
9271
490
9957
7486
4984
7487
8084
6831
1848
9272
491
5624
492
1199
493
8085
8086
494
4985
8087
8088
495
1849
2474
6832
1850
6188
1851
6189
1852
6190
2475
1853
4340
6833
4341
6834
4986
9958
9273
9274
496
6191
497
6192
8089
498
1200
6193
9275
4342
6194
7488
4343
2476
4344
499
9959
8090
1201
1854
8091
5625
7489
1202
8092
1855
8093
6835
9960
8094
1856
1203
500
6195
8095
1204
7490
2477
1205
8096
1857
4987
7491
1206
1858
1207
1859
1208
7492
4988
8097
501
6196
4989
4345
6836
9276
2478
502
8098
503
1860
9277
1209
9278
9961
4990
8099
4346
8100
8101
4347
4348
9962
6837
1861
6197
7493
7494
9279
6838
1210
4349
2479
9280
9281
9963
9282
1211
2480
504
7495
9283
4991
1862
4350
6839
2481
8102
7496
2482
8103
9284
1212
505
7497
8104
9964
4351
7498
9285
6840
506
4992
1863
8105
507
4352
9965
7499
508
1213
2483
6198
2484
8106
4353
6841
509
2485
9286
8107
2486
4354
2487
4993
2488
1214
1864
9966
7500
6199
2489
510
9967
8108
8109
9968
6842
6843
4994
4355
511
8110
4356
9287
6200
6201
2490
6202
4995
512
4357
513
2491
514
8111
9969
1215
9970
6844
4996
9971
515
6845
1216
6203
9972
9288
6204
1865
1217
4997
6846
1218
8112
9973
6847
9289
4358
6205
2492
9974
6206
4998
9975
516
4999
517
9976
9290
518
9977
519
1219
9978
1220
2493
2494
5000
2495
2496
520
8113
9979
1221
9980
6207
8114
9981
9291
6848
8115
9982
6849
9983
6850
6208
6851
8116
6209
6852
9984
2497
1866
6853
521
522
2498
523
2499
6854
8117
8118
1222
524
1867
6210
1868
525
1869
1870
9292
9985
1223
1871
9986
1872
9987
6211
8119
9293
9294
1873
9295
6212
1874
1875
2500
9988
6213
8120
526
6855
6214
527
6215
9989
6216
528
9990
1224
9296
9297
8121
529
9991
530
6217
531
9992
9993
1225
9298
8122
6856
9994
9995
532
8123
6218
6857
9299
1226
1227
533
1228
9300
534
6219
1229
535
8124
6858
6220
9996
6221
536
8125
6222
9301
6223
537
9997
1230
6224
6859
538
1231
539
9998
1232
540
1233
9302
1234
6860
6225
1235
9303
6861
9304
541
9999
6226
1236
10000
9305
1237
6862
9306
1238
542
9307
6227
6863
1239
6228
1240
9308
6864
543
1241
6229
9309
9310
6865
1242
9311
544
1243
6230
9312
1244
1245
1246
1247
1248
6866
545
6231
1249
9313
6867
6868
1250
546
6869
9314
6232
9315
6233
6234
6235
6236
6870
6237
9316
6238
547
6239
6240
548
6241
549
6871
6872
6873
6874
6875
9317
9318
6242
550
9319
6243
551
9320
6244
552
9321
6245
553
6246
554
6247
6248
6249
6250
9322
9323
555
556
557
558
559
560
561
562
563
564
565
566
567
568
569
570
571
572
573
574
575
576
577
578
579
580
581
582
583
584
585
586
587
588
589
590
591
592
593
594
595
596
597
598
599
600
601
602
603
604
605
606
607
608
609
610
611
612
613
614
615
616
617
618
619
620
621
622
623
624
625
9324
9325
9326
9327
9328
9329
9330
9331
9332
9333
9334
9335
9336
9337
9338
9339
9340
9341
9342
9343
9344
9345
9346
9347
9348
9349
9350
9351
9352
9353
9354
9355
9356
9357
9358
9359
9360
9361
9362
9363
9364
9365
9366
9367
9368
9369
9370
9371
9372
9373
9374
9375
4359
4360
4361
4362
4363
4364
4365
4366
4367
4368
4369
4370
4371
4372
4373
4374
4375At timestep     0 the maxmimum change in the solution is 4.8351390e-08 
At timestep    10 the maxmimum change in the solution is 4.8351366e-08 
At timestep    20 the maxmimum change in the solution is 4.8351343e-08 
At timestep    30 the maxmimum change in the solution is 4.8351320e-08 
At timestep    40 the maxmimum change in the solution is 4.8351296e-08 
At timestep    50 the maxmimum change in the solution is 4.8351273e-08 
At timestep    60 the maxmimum change in the solution is 4.8351250e-08 
At timestep    70 the maxmimum change in the solution is 4.8351226e-08 
At timestep    80 the maxmimum change in the solution is 4.8351203e-08 
At timestep    90 the maxmimum change in the solution is 4.8351179e-08 
At timestep   100 the maxmimum change in the solution is 4.8351156e-08 
At timestep   110 the maxmimum change in the solution is 4.8351133e-08 
At timestep   120 the maxmimum change in the solution is 4.8351109e-08 
At timestep   130 the maxmimum change in the solution is 4.8351086e-08 
At timestep   140 the maxmimum change in the solution is 4.8351063e-08 
At timestep   150 the maxmimum change in the solution is 4.8351039e-08 
At timestep   160 the maxmimum change in the solution is 4.8351016e-08 
At timestep   170 the maxmimum change in the solution is 4.8350992e-08 
At timestep   180 the maxmimum change in the solution is 4.8350969e-08 
At timestep   190 the maxmimum change in the solution is 4.8350946e-08 
At timestep   200 the maxmimum change in the solution is 4.8350922e-08 
At timestep   210 the maxmimum change in the solution is 4.8350899e-08 
At timestep   220 the maxmimum change in the solution is 4.8350876e-08 
At timestep   230 the maxmimum change in the solution is 4.8350852e-08 
At timestep   240 the maxmimum change in the solution is 4.8350829e-08 
At timestep   250 the maxmimum change in the solution is 4.8350805e-08 
At timestep   260 the maxmimum change in the solution is 4.8350782e-08 
At timestep   270 the maxmimum change in the solution is 4.8350759e-08 
At timestep   280 the maxmimum change in the solution is 4.8350735e-08 
At timestep   290 the maxmimum change in the solution is 4.8350712e-08 
At timestep   300 the maxmimum change in the solution is 4.8350688e-08 
At timestep   310 the maxmimum change in the solution is 4.8350665e-08 
At timestep   320 the maxmimum change in the solution is 4.8350642e-08 
At timestep   330 the maxmimum change in the solution is 4.8350618e-08 
At timestep   340 the maxmimum change in the solution is 4.8350595e-08 
At timestep   350 the maxmimum change in the solution is 4.8350572e-08 
At timestep   360 the maxmimum change in the solution is 4.8350548e-08 
At timestep   370 the maxmimum change in the solution is 4.8350525e-08 
At timestep   380 the maxmimum change in the solution is 4.8350501e-08 
At timestep   390 the maxmimum change in the solution is 4.8350478e-08 
At timestep   400 the maxmimum change in the solution is 4.8350455e-08 
At timestep   410 the maxmimum change in the solution is 4.8350431e-08 
At timestep   420 the maxmimum change in the solution is 4.8350408e-08 
At timestep   430 the maxmimum change in the solution is 4.8350385e-08 
At timestep   440 the maxmimum change in the solution is 4.8350361e-08 
At timestep   450 the maxmimum change in the solution is 4.8350338e-08 
At timestep   460 the maxmimum change in the solution is 4.8350314e-08 
At timestep   470 the maxmimum change in the solution is 4.8350291e-08 
At timestep   480 the maxmimum change in the solution is 4.8350268e-08 
At timestep   490 the maxmimum change in the solution is 4.8350244e-08 
At timestep   500 the maxmimum change in the solution is 4.8350221e-08 
At timestep   510 the maxmimum change in the solution is 4.8350198e-08 
At timestep   520 the maxmimum change in the solution is 4.8350174e-08 
At timestep   530 the maxmimum change in the solution is 4.8350151e-08 
At timestep   540 the maxmimum change in the solution is 4.8350127e-08 
At timestep   550 the maxmimum change in the solution is 4.8350104e-08 
At timestep   560 the maxmimum change in the solution is 4.8350081e-08 
At timestep   570 the maxmimum change in the solution is 4.8350057e-08 
At timestep   580 the maxmimum change in the solution is 4.8350034e-08 
At timestep   590 the maxmimum change in the solution is 4.8350011e-08 
At timestep   600 the maxmimum change in the solution is 4.8349987e-08 
At timestep   610 the maxmimum change in the solution is 4.8349964e-08 
At timestep   620 the maxmimum change in the solution is 4.8349940e-08 
At timestep   630 the maxmimum change in the solution is 4.8349917e-08 
At timestep   640 the maxmimum change in the solution is 4.8349894e-08 
At timestep   650 the maxmimum change in the solution is 4.8349870e-08 
At timestep   660 the maxmimum change in the solution is 4.8349847e-08 
At timestep   670 the maxmimum change in the solution is 4.8349823e-08 
At timestep   680 the maxmimum change in the solution is 4.8349800e-08 
At timestep   690 the maxmimum change in the solution is 4.8349777e-08 
At timestep   700 the maxmimum change in the solution is 4.8349753e-08 
At timestep   710 the maxmimum change in the solution is 4.8349730e-08 
At timestep   720 the maxmimum change in the solution is 4.8349707e-08 
At timestep   730 the maxmimum change in the solution is 4.8349683e-08 
At timestep   740 the maxmimum change in the solution is 4.8349660e-08 
At timestep   750 the maxmimum change in the solution is 4.8349637e-08 
At timestep   760 the maxmimum change in the solution is 4.8349613e-08 
At timestep   770 the maxmimum change in the solution is 4.8349590e-08 
At timestep   780 the maxmimum change in the solution is 4.8349566e-08 
At timestep   790 the maxmimum change in the solution is 4.8349543e-08 
At timestep   800 the maxmimum change in the solution is 4.8349519e-08 
At timestep   810 the maxmimum change in the solution is 4.8349496e-08 
At timestep   820 the maxmimum change in the solution is 4.8349473e-08 
At timestep   830 the maxmimum change in the solution is 4.8349449e-08 
At timestep   840 the maxmimum change in the solution is 4.8349426e-08 
At timestep   850 the maxmimum change in the solution is 4.8349403e-08 
At timestep   860 the maxmimum change in the solution is 4.8349379e-08 
At timestep   870 the maxmimum change in the solution is 4.8349356e-08 
At timestep   880 the maxmimum change in the solution is 4.8349333e-08 
At timestep   890 the maxmimum change in the solution is 4.8349309e-08 
At timestep   900 the maxmimum change in the solution is 4.8349286e-08 
At timestep   910 the maxmimum change in the solution is 4.8349262e-08 
At timestep   920 the maxmimum change in the solution is 4.8349239e-08 
At timestep   930 the maxmimum change in the solution is 4.8349216e-08 
At timestep   940 the maxmimum change in the solution is 4.8349192e-08 
At timestep   950 the maxmimum change in the solution is 4.8349169e-08 
At timestep   960 the maxmimum change in the solution is 4.8349146e-08 
At timestep   970 the maxmimum change in the solution is 4.8349122e-08 
At timestep   980 the maxmimum change in the solution is 4.8349099e-08 
At timestep   990 the maxmimum change in the solution is 4.8349075e-08 
At timestep  1000 the maxmimum change in the solution is 4.8349052e-08 
At timestep  1010 the maxmimum change in the solution is 4.8349029e-08 
At timestep  1020 the maxmimum change in the solution is 4.8349005e-08 
At timestep  1030 the maxmimum change in the solution is 4.8348982e-08 
At timestep  1040 the maxmimum change in the solution is 4.8348959e-08 
At timestep  1050 the maxmimum change in the solution is 4.8348935e-08 
At timestep  1060 the maxmimum change in the solution is 4.8348912e-08 
At timestep  1070 the maxmimum change in the solution is 4.8348888e-08 
At timestep  1080 the maxmimum change in the solution is 4.8348865e-08 
At timestep  1090 the maxmimum change in the solution is 4.8348842e-08 
At timestep  1100 the maxmimum change in the solution is 4.8348818e-08 
At timestep  1110 the maxmimum change in the solution is 4.8348795e-08 
At timestep  1120 the maxmimum change in the solution is 4.8348771e-08 
At timestep  1130 the maxmimum change in the solution is 4.8348748e-08 
At timestep  1140 the maxmimum change in the solution is 4.8348725e-08 
At timestep  1150 the maxmimum change in the solution is 4.8348701e-08 
At timestep  1160 the maxmimum change in the solution is 4.8348678e-08 
At timestep  1170 the maxmimum change in the solution is 4.8348655e-08 
At timestep  1180 the maxmimum change in the solution is 4.8348631e-08 
At timestep  1190 the maxmimum change in the solution is 4.8348608e-08 
At timestep  1200 the maxmimum change in the solution is 4.8348584e-08 
At timestep  1210 the maxmimum change in the solution is 4.8348561e-08 
At timestep  1220 the maxmimum change in the solution is 4.8348538e-08 
At timestep  1230 the maxmimum change in the solution is 4.8348514e-08 
At timestep  1240 the maxmimum change in the solution is 4.8348491e-08 
At timestep  1250 the maxmimum change in the solution is 4.8348468e-08 
At timestep  1260 the maxmimum change in the solution is 4.8348444e-08 
At timestep  1270 the maxmimum change in the solution is 4.8348421e-08 
At timestep  1280 the maxmimum change in the solution is 4.8348397e-08 
At timestep  1290 the maxmimum change in the solution is 4.8348374e-08 
At timestep  1300 the maxmimum change in the solution is 4.8348351e-08 
At timestep  1310 the maxmimum change in the solution is 4.8348327e-08 
At timestep  1320 the maxmimum change in the solution is 4.8348304e-08 
At timestep  1330 the maxmimum change in the solution is 4.8348281e-08 
At timestep  1340 the maxmimum change in the solution is 4.8348257e-08 
At timestep  1350 the maxmimum change in the solution is 4.8348234e-08 
At timestep  1360 the maxmimum change in the solution is 4.8348210e-08 
At timestep  1370 the maxmimum change in the solution is 4.8348187e-08 
At timestep  1380 the maxmimum change in the solution is 4.8348164e-08 
At timestep  1390 the maxmimum change in the solution is 4.8348140e-08 
At timestep  1400 the maxmimum change in the solution is 4.8348117e-08 
At timestep  1410 the maxmimum change in the solution is 4.8348094e-08 
At timestep  1420 the maxmimum change in the solution is 4.8348070e-08 
At timestep  1430 the maxmimum change in the solution is 4.8348047e-08 
At timestep  1440 the maxmimum change in the solution is 4.8348023e-08 
At timestep  1450 the maxmimum change in the solution is 4.8348000e-08 
At timestep  1460 the maxmimum change in the solution is 4.8347977e-08 
At timestep  1470 the maxmimum change in the solution is 4.8347953e-08 
At timestep  1480 the maxmimum change in the solution is 4.8347930e-08 
At timestep  1490 the maxmimum change in the solution is 4.8347907e-08 
At timestep  1500 the maxmimum change in the solution is 4.8347883e-08 
At timestep  1510 the maxmimum change in the solution is 4.8347860e-08 
At timestep  1520 the maxmimum change in the solution is 4.8347836e-08 
At timestep  1530 the maxmimum change in the solution is 4.8347813e-08 
At timestep  1540 the maxmimum change in the solution is 4.8347790e-08 
At timestep  1550 the maxmimum change in the solution is 4.8347766e-08 
At timestep  1560 the maxmimum change in the solution is 4.8347743e-08 
At timestep  1570 the maxmimum change in the solution is 4.8347719e-08 
At timestep  1580 the maxmimum change in the solution is 4.8347696e-08 
At timestep  1590 the maxmimum change in the solution is 4.8347673e-08 
At timestep  1600 the maxmimum change in the solution is 4.8347649e-08 
At timestep  1610 the maxmimum change in the solution is 4.8347626e-08 
At timestep  1620 the maxmimum change in the solution is 4.8347603e-08 
At timestep  1630 the maxmimum change in the solution is 4.8347579e-08 
At timestep  1640 the maxmimum change in the solution is 4.8347556e-08 
At timestep  1650 the maxmimum change in the solution is 4.8347533e-08 
At timestep  1660 the maxmimum change in the solution is 4.8347509e-08 
At timestep  1670 the maxmimum change in the solution is 4.8347486e-08 
At timestep  1680 the maxmimum change in the solution is 4.8347462e-08 
At timestep  1690 the maxmimum change in the solution is 4.8347439e-08 
At timestep  1700 the maxmimum change in the solution is 4.8347416e-08 
At timestep  1710 the maxmimum change in the solution is 4.8347392e-08 
At timestep  1720 the maxmimum change in the solution is 4.8347369e-08 
At timestep  1730 the maxmimum change in the solution is 4.8347345e-08 
At timestep  1740 the maxmimum change in the solution is 4.8347322e-08 
At timestep  1750 the maxmimum change in the solution is 4.8347299e-08 
At timestep  1760 the maxmimum change in the solution is 4.8347275e-08 
At timestep  1770 the maxmimum change in the solution is 4.8347252e-08 
At timestep  1780 the maxmimum change in the solution is 4.8347229e-08 
At timestep  1790 the maxmimum change in the solution is 4.8347205e-08 
At timestep  1800 the maxmimum change in the solution is 4.8347182e-08 
At timestep  1810 the maxmimum change in the solution is 4.8347158e-08 
At timestep  1820 the maxmimum change in the solution is 4.8347135e-08 
At timestep  1830 the maxmimum change in the solution is 4.8347112e-08 
At timestep  1840 the maxmimum change in the solution is 4.8347088e-08 
At timestep  1850 the maxmimum change in the solution is 4.8347065e-08 
At timestep  1860 the maxmimum change in the solution is 4.8347042e-08 
At timestep  1870 the maxmimum change in the solution is 4.8347018e-08 
At timestep  1880 the maxmimum change in the solution is 4.8346995e-08 
At timestep  1890 the maxmimum change in the solution is 4.8346971e-08 
At timestep  1900 the maxmimum change in the solution is 4.8346948e-08 
At timestep  1910 the maxmimum change in the solution is 4.8346925e-08 
At timestep  1920 the maxmimum change in the solution is 4.8346901e-08 
At timestep  1930 the maxmimum change in the solution is 4.8346878e-08 
At timestep  1940 the maxmimum change in the solution is 4.8346855e-08 
At timestep  1950 the maxmimum change in the solution is 4.8346831e-08 
At timestep  1960 the maxmimum change in the solution is 4.8346808e-08 
At timestep  1970 the maxmimum change in the solution is 4.8346784e-08 
At timestep  1980 the maxmimum change in the solution is 4.8346761e-08 
At timestep  1990 the maxmimum change in the solution is 4.8346738e-08 
At timestep  2000 the maxmimum change in the solution is 4.8346714e-08 
At timestep  2010 the maxmimum change in the solution is 4.8346691e-08 
At timestep  2020 the maxmimum change in the solution is 4.8346668e-08 
At timestep  2030 the maxmimum change in the solution is 4.8346644e-08 
At timestep  2040 the maxmimum change in the solution is 4.8346621e-08 
At timestep  2050 the maxmimum change in the solution is 4.8346597e-08 
At timestep  2060 the maxmimum change in the solution is 4.8346574e-08 
At timestep  2070 the maxmimum change in the solution is 4.8346551e-08 
At timestep  2080 the maxmimum change in the solution is 4.8346527e-08 
At timestep  2090 the maxmimum change in the solution is 4.8346504e-08 
At timestep  2100 the maxmimum change in the solution is 4.8346480e-08 
At timestep  2110 the maxmimum change in the solution is 4.8346457e-08 
At timestep  2120 the maxmimum change in the solution is 4.8346434e-08 
At timestep  2130 the maxmimum change in the solution is 4.8346410e-08 
At timestep  2140 the maxmimum change in the solution is 4.8346387e-08 
At timestep  2150 the maxmimum change in the solution is 4.8346364e-08 
At timestep  2160 the maxmimum change in the solution is 4.8346340e-08 
At timestep  2170 the maxmimum change in the solution is 4.8346317e-08 
At timestep  2180 the maxmimum change in the solution is 4.8346294e-08 
At timestep  2190 the maxmimum change in the solution is 4.8346270e-08 
At timestep  2200 the maxmimum change in the solution is 4.8346247e-08 
At timestep  2210 the maxmimum change in the solution is 4.8346223e-08 
At timestep  2220 the maxmimum change in the solution is 4.8346200e-08 
At timestep  2230 the maxmimum change in the solution is 4.8346177e-08 
At timestep  2240 the maxmimum change in the solution is 4.8346153e-08 
At timestep  2250 the maxmimum change in the solution is 4.8346130e-08 
At timestep  2260 the maxmimum change in the solution is 4.8346107e-08 
At timestep  2270 the maxmimum change in the solution is 4.8346083e-08 
At timestep  2280 the maxmimum change in the solution is 4.8346060e-08 
At timestep  2290 the maxmimum change in the solution is 4.8346037e-08 
At timestep  2300 the maxmimum change in the solution is 4.8346013e-08 
At timestep  2310 the maxmimum change in the solution is 4.8345990e-08 
At timestep  2320 the maxmimum change in the solution is 4.8345966e-08 
At timestep  2330 the maxmimum change in the solution is 4.8345943e-08 
At timestep  2340 the maxmimum change in the solution is 4.8345920e-08 
At timestep  2350 the maxmimum change in the solution is 4.8345896e-08 
At timestep  2360 the maxmimum change in the solution is 4.8345873e-08 
At timestep  2370 the maxmimum change in the solution is 4.8345849e-08 
At timestep  2380 the maxmimum change in the solution is 4.8345826e-08 
At timestep  2390 the maxmimum change in the solution is 4.8345803e-08 
At timestep  2400 the maxmimum change in the solution is 4.8345779e-08 
At timestep  2410 the maxmimum change in the solution is 4.8345756e-08 
At timestep  2420 the maxmimum change in the solution is 4.8345733e-08 
At timestep  2430 the maxmimum change in the solution is 4.8345709e-08 
At timestep  2440 the maxmimum change in the solution is 4.8345686e-08 
At timestep  2450 the maxmimum change in the solution is 4.8345662e-08 
At timestep  2460 the maxmimum change in the solution is 4.8345639e-08 
At timestep  2470 the maxmimum change in the solution is 4.8345616e-08 
At timestep  2480 the maxmimum change in the solution is 4.8345592e-08 
At timestep  2490 the maxmimum change in the solution is 4.8345569e-08 
At timestep  2500 the maxmimum change in the solution is 4.8345545e-08 
At timestep  2510 the maxmimum change in the solution is 4.8345522e-08 
At timestep  2520 the maxmimum change in the solution is 4.8345499e-08 
At timestep  2530 the maxmimum change in the solution is 4.8345475e-08 
At timestep  2540 the maxmimum change in the solution is 4.8345452e-08 
At timestep  2550 the maxmimum change in the solution is 4.8345429e-08 
At timestep  2560 the maxmimum change in the solution is 4.8345405e-08 
At timestep  2570 the maxmimum change in the solution is 4.8345382e-08 
At timestep  2580 the maxmimum change in the solution is 4.8345358e-08 
At timestep  2590 the maxmimum change in the solution is 4.8345335e-08 
At timestep  2600 the maxmimum change in the solution is 4.8345312e-08 
At timestep  2610 the maxmimum change in the solution is 4.8345288e-08 
At timestep  2620 the maxmimum change in the solution is 4.8345265e-08 
At timestep  2630 the maxmimum change in the solution is 4.8345242e-08 
At timestep  2640 the maxmimum change in the solution is 4.8345218e-08 
At timestep  2650 the maxmimum change in the solution is 4.8345195e-08 
At timestep  2660 the maxmimum change in the solution is 4.8345172e-08 
At timestep  2670 the maxmimum change in the solution is 4.8345148e-08 
At timestep  2680 the maxmimum change in the solution is 4.8345125e-08 
At timestep  2690 the maxmimum change in the solution is 4.8345101e-08 
At timestep  2700 the maxmimum change in the solution is 4.8345078e-08 
At timestep  2710 the maxmimum change in the solution is 4.8345055e-08 
At timestep  2720 the maxmimum change in the solution is 4.8345031e-08 
At timestep  2730 the maxmimum change in the solution is 4.8345008e-08 
At timestep  2740 the maxmimum change in the solution is 4.8344984e-08 
At timestep  2750 the maxmimum change in the solution is 4.8344961e-08 
At timestep  2760 the maxmimum change in the solution is 4.8344938e-08 
At timestep  2770 the maxmimum change in the solution is 4.8344914e-08 
At timestep  2780 the maxmimum change in the solution is 4.8344891e-08 
At timestep  2790 the maxmimum change in the solution is 4.8344868e-08 
At timestep  2800 the maxmimum change in the solution is 4.8344844e-08 
At timestep  2810 the maxmimum change in the solution is 4.8344821e-08 
At timestep  2820 the maxmimum change in the solution is 4.8344797e-08 
At timestep  2830 the maxmimum change in the solution is 4.8344774e-08 
At timestep  2840 the maxmimum change in the solution is 4.8344751e-08 
At timestep  2850 the maxmimum change in the solution is 4.8344727e-08 
At timestep  2860 the maxmimum change in the solution is 4.8344704e-08 
At timestep  2870 the maxmimum change in the solution is 4.8344681e-08 
At timestep  2880 the maxmimum change in the solution is 4.8344657e-08 
At timestep  2890 the maxmimum change in the solution is 4.8344634e-08 
At timestep  2900 the maxmimum change in the solution is 4.8344611e-08 
At timestep  2910 the maxmimum change in the solution is 4.8344587e-08 
At timestep  2920 the maxmimum change in the solution is 4.8344564e-08 
At timestep  2930 the maxmimum change in the solution is 4.8344540e-08 
At timestep  2940 the maxmimum change in the solution is 4.8344517e-08 
At timestep  2950 the maxmimum change in the solution is 4.8344494e-08 
At timestep  2960 the maxmimum change in the solution is 4.8344470e-08 
At timestep  2970 the maxmimum change in the solution is 4.8344447e-08 
At timestep  2980 the maxmimum change in the solution is 4.8344423e-08 
At timestep  2990 the maxmimum change in the solution is 4.8344400e-08 
At timestep  3000 the maxmimum change in the solution is 4.8344377e-08 
At timestep  3010 the maxmimum change in the solution is 4.8344353e-08 
At timestep  3020 the maxmimum change in the solution is 4.8344330e-08 
At timestep  3030 the maxmimum change in the solution is 4.8344307e-08 
At timestep  3040 the maxmimum change in the solution is 4.8344283e-08 
At timestep  3050 the maxmimum change in the solution is 4.8344260e-08 
At timestep  3060 the maxmimum change in the solution is 4.8344237e-08 
At timestep  3070 the maxmimum change in the solution is 4.8344213e-08 
At timestep  3080 the maxmimum change in the solution is 4.8344190e-08 
At timestep  3090 the maxmimum change in the solution is 4.8344166e-08 
At timestep  3100 the maxmimum change in the solution is 4.8344143e-08 
At timestep  3110 the maxmimum change in the solution is 4.8344120e-08 
At timestep  3120 the maxmimum change in the solution is 4.8344096e-08 
At timestep  3130 the maxmimum change in the solution is 4.8344073e-08 
At timestep  3140 the maxmimum change in the solution is 4.8344049e-08 
At timestep  3150 the maxmimum change in the solution is 4.8344026e-08 
At timestep  3160 the maxmimum change in the solution is 4.8344003e-08 
At timestep  3170 the maxmimum change in the solution is 4.8343979e-08 
At timestep  3180 the maxmimum change in the solution is 4.8343956e-08 
At timestep  3190 the maxmimum change in the solution is 4.8343933e-08 
At timestep  3200 the maxmimum change in the solution is 4.8343909e-08 
At timestep  3210 the maxmimum change in the solution is 4.8343886e-08 
At timestep  3220 the maxmimum change in the solution is 4.8343862e-08 
At timestep  3230 the maxmimum change in the solution is 4.8343839e-08 
At timestep  3240 the maxmimum change in the solution is 4.8343816e-08 
At timestep  3250 the maxmimum change in the solution is 4.8343792e-08 
At timestep  3260 the maxmimum change in the solution is 4.8343769e-08 
At timestep  3270 the maxmimum change in the solution is 4.8343746e-08 
At timestep  3280 the maxmimum change in the solution is 4.8343722e-08 
At timestep  3290 the maxmimum change in the solution is 4.8343699e-08 
At timestep  3300 the maxmimum change in the solution is 4.8343676e-08 
At timestep  3310 the maxmimum change in the solution is 4.8343652e-08 
At timestep  3320 the maxmimum change in the solution is 4.8343629e-08 
At timestep  3330 the maxmimum change in the solution is 4.8343605e-08 
At timestep  3340 the maxmimum change in the solution is 4.8343582e-08 
At timestep  3350 the maxmimum change in the solution is 4.8343559e-08 
At timestep  3360 the maxmimum change in the solution is 4.8343535e-08 
At timestep  3370 the maxmimum change in the solution is 4.8343512e-08 
At timestep  3380 the maxmimum change in the solution is 4.8343488e-08 
At timestep  3390 the maxmimum change in the solution is 4.8343465e-08 
At timestep  3400 the maxmimum change in the solution is 4.8343442e-08 
At timestep  3410 the maxmimum change in the solution is 4.8343418e-08 
At timestep  3420 the maxmimum change in the solution is 4.8343395e-08 
At timestep  3430 the maxmimum change in the solution is 4.8343372e-08 
At timestep  3440 the maxmimum change in the solution is 4.8343348e-08 
At timestep  3450 the maxmimum change in the solution is 4.8343325e-08 
At timestep  3460 the maxmimum change in the solution is 4.8343301e-08 
At timestep  3470 the maxmimum change in the solution is 4.8343278e-08 
At timestep  3480 the maxmimum change in the solution is 4.8343255e-08 
At timestep  3490 the maxmimum change in the solution is 4.8343231e-08 
At timestep  3500 the maxmimum change in the solution is 4.8343208e-08 
At timestep  3510 the maxmimum change in the solution is 4.8343185e-08 
At timestep  3520 the maxmimum change in the solution is 4.8343161e-08 
At timestep  3530 the maxmimum change in the solution is 4.8343138e-08 
At timestep  3540 the maxmimum change in the solution is 4.8343115e-08 
At timestep  3550 the maxmimum change in the solution is 4.8343091e-08 
At timestep  3560 the maxmimum change in the solution is 4.8343068e-08 
At timestep  3570 the maxmimum change in the solution is 4.8343044e-08 
At timestep  3580 the maxmimum change in the solution is 4.8343021e-08 
At timestep  3590 the maxmimum change in the solution is 4.8342998e-08 
At timestep  3600 the maxmimum change in the solution is 4.8342974e-08 
At timestep  3610 the maxmimum change in the solution is 4.8342951e-08 
At timestep  3620 the maxmimum change in the solution is 4.8342928e-08 
At timestep  3630 the maxmimum change in the solution is 4.8342904e-08 
At timestep  3640 the maxmimum change in the solution is 4.8342881e-08 
At timestep  3650 the maxmimum change in the solution is 4.8342857e-08 
At timestep  3660 the maxmimum change in the solution is 4.8342834e-08 
At timestep  3670 the maxmimum change in the solution is 4.8342811e-08 
At timestep  3680 the maxmimum change in the solution is 4.8342787e-08 
At timestep  3690 the maxmimum change in the solution is 4.8342764e-08 
At timestep  3700 the maxmimum change in the solution is 4.8342740e-08 
At timestep  3710 the maxmimum change in the solution is 4.8342717e-08 
At timestep  3720 the maxmimum change in the solution is 4.8342694e-08 
At timestep  3730 the maxmimum change in the solution is 4.8342670e-08 
At timestep  3740 the maxmimum change in the solution is 4.8342647e-08 
At timestep  3750 the maxmimum change in the solution is 4.8342624e-08 
At timestep  3760 the maxmimum change in the solution is 4.8342600e-08 
At timestep  3770 the maxmimum change in the solution is 4.8342577e-08 
At timestep  3780 the maxmimum change in the solution is 4.8342554e-08 
At timestep  3790 the maxmimum change in the solution is 4.8342530e-08 
At timestep  3800 the maxmimum change in the solution is 4.8342507e-08 
At timestep  3810 the maxmimum change in the solution is 4.8342483e-08 
At timestep  3820 the maxmimum change in the solution is 4.8342460e-08 
At timestep  3830 the maxmimum change in the solution is 4.8342437e-08 
At timestep  3840 the maxmimum change in the solution is 4.8342413e-08 
At timestep  3850 the maxmimum change in the solution is 4.8342390e-08 
At timestep  3860 the maxmimum change in the solution is 4.8342367e-08 
At timestep  3870 the maxmimum change in the solution is 4.8342343e-08 
At timestep  3880 the maxmimum change in the solution is 4.8342320e-08 
At timestep  3890 the maxmimum change in the solution is 4.8342296e-08 
At timestep  3900 the maxmimum change in the solution is 4.8342273e-08 
At timestep  3910 the maxmimum change in the solution is 4.8342250e-08 
At timestep  3920 the maxmimum change in the solution is 4.8342226e-08 
At timestep  3930 the maxmimum change in the solution is 4.8342203e-08 
At timestep  3940 the maxmimum change in the solution is 4.8342180e-08 
At timestep  3950 the maxmimum change in the solution is 4.8342156e-08 
At timestep  3960 the maxmimum change in the solution is 4.8342133e-08 
At timestep  3970 the maxmimum change in the solution is 4.8342109e-08 
At timestep  3980 the maxmimum change in the solution is 4.8342086e-08 
At timestep  3990 the maxmimum change in the solution is 4.8342063e-08 
At timestep  4000 the maxmimum change in the solution is 4.8342039e-08 
At timestep  4010 the maxmimum change in the solution is 4.8342016e-08 
At timestep  4020 the maxmimum change in the solution is 4.8341993e-08 
At timestep  4030 the maxmimum change in the solution is 4.8341969e-08 
At timestep  4040 the maxmimum change in the solution is 4.8341946e-08 
At timestep  4050 the maxmimum change in the solution is 4.8341922e-08 
At timestep  4060 the maxmimum change in the solution is 4.8341899e-08 
At timestep  4070 the maxmimum change in the solution is 4.8341876e-08 
At timestep  4080 the maxmimum change in the solution is 4.8341852e-08 
At timestep  4090 the maxmimum change in the solution is 4.8341829e-08 
At timestep  4100 the maxmimum change in the solution is 4.8341806e-08 
At timestep  4110 the maxmimum change in the solution is 4.8341782e-08 
At timestep  4120 the maxmimum change in the solution is 4.8341759e-08 
At timestep  4130 the maxmimum change in the solution is 4.8341736e-08 
At timestep  4140 the maxmimum change in the solution is 4.8341712e-08 
At timestep  4150 the maxmimum change in the solution is 4.8341689e-08 
At timestep  4160 the maxmimum change in the solution is 4.8341665e-08 
At timestep  4170 the maxmimum change in the solution is 4.8341642e-08 
At timestep  4180 the maxmimum change in the solution is 4.8341619e-08 
At timestep  4190 the maxmimum change in the solution is 4.8341595e-08 
At timestep  4200 the maxmimum change in the solution is 4.8341572e-08 
At timestep  4210 the maxmimum change in the solution is 4.8341549e-08 
At timestep  4220 the maxmimum change in the solution is 4.8341525e-08 
At timestep  4230 the maxmimum change in the solution is 4.8341502e-08 
At timestep  4240 the maxmimum change in the solution is 4.8341478e-08 
At timestep  4250 the maxmimum change in the solution is 4.8341455e-08 
At timestep  4260 the maxmimum change in the solution is 4.8341432e-08 
At timestep  4270 the maxmimum change in the solution is 4.8341408e-08 
At timestep  4280 the maxmimum change in the solution is 4.8341385e-08 
At timestep  4290 the maxmimum change in the solution is 4.8341361e-08 
At timestep  4300 the maxmimum change in the solution is 4.8341338e-08 
At timestep  4310 the maxmimum change in the solution is 4.8341315e-08 
At timestep  4320 the maxmimum change in the solution is 4.8341291e-08 
At timestep  4330 the maxmimum change in the solution is 4.8341268e-08 
At timestep  4340 the maxmimum change in the solution is 4.8341245e-08 
At timestep  4350 the maxmimum change in the solution is 4.8341221e-08 
At timestep  4360 the maxmimum change in the solution is 4.8341198e-08 
At timestep  4370 the maxmimum change in the solution is 4.8341174e-08 
At timestep  4380 the maxmimum change in the solution is 4.8341151e-08 
At timestep  4390 the maxmimum change in the solution is 4.8341128e-08 
At timestep  4400 the maxmimum change in the solution is 4.8341104e-08 
At timestep  4410 the maxmimum change in the solution is 4.8341081e-08 
At timestep  4420 the maxmimum change in the solution is 4.8341058e-08 
At timestep  4430 the maxmimum change in the solution is 4.8341034e-08 
At timestep  4440 the maxmimum change in the solution is 4.8341011e-08 
At timestep  4450 the maxmimum change in the solution is 4.8340988e-08 
At timestep  4460 the maxmimum change in the solution is 4.8340964e-08 
At timestep  4470 the maxmimum change in the solution is 4.8340941e-08 
At timestep  4480 the maxmimum change in the solution is 4.8340917e-08 
At timestep  4490 the maxmimum change in the solution is 4.8340894e-08 
At timestep  4500 the maxmimum change in the solution is 4.8340871e-08 
At timestep  4510 the maxmimum change in the solution is 4.8340847e-08 
At timestep  4520 the maxmimum change in the solution is 4.8340824e-08 
At timestep  4530 the maxmimum change in the solution is 4.8340801e-08 
At timestep  4540 the maxmimum change in the solution is 4.8340777e-08 
At timestep  4550 the maxmimum change in the solution is 4.8340754e-08 
At timestep  4560 the maxmimum change in the solution is 4.8340730e-08 
At timestep  4570 the maxmimum change in the solution is 4.8340707e-08 
At timestep  4580 the maxmimum change in the solution is 4.8340684e-08 
At timestep  4590 the maxmimum change in the solution is 4.8340660e-08 
At timestep  4600 the maxmimum change in the solution is 4.8340637e-08 
At timestep  4610 the maxmimum change in the solution is 4.8340614e-08 
At timestep  4620 the maxmimum change in the solution is 4.8340590e-08 
At timestep  4630 the maxmimum change in the solution is 4.8340567e-08 
At timestep  4640 the maxmimum change in the solution is 4.8340543e-08 
At timestep  4650 the maxmimum change in the solution is 4.8340520e-08 
At timestep  4660 the maxmimum change in the solution is 4.8340497e-08 
At timestep  4670 the maxmimum change in the solution is 4.8340473e-08 
At timestep  4680 the maxmimum change in the solution is 4.8340450e-08 
At timestep  4690 the maxmimum change in the solution is 4.8340426e-08 
At timestep  4700 the maxmimum change in the solution is 4.8340403e-08 
At timestep  4710 the maxmimum change in the solution is 4.8340380e-08 
At timestep  4720 the maxmimum change in the solution is 4.8340356e-08 
At timestep  4730 the maxmimum change in the solution is 4.8340333e-08 
At timestep  4740 the maxmimum change in the solution is 4.8340310e-08 
At timestep  4750 the maxmimum change in the solution is 4.8340286e-08 
At timestep  4760 the maxmimum change in the solution is 4.8340263e-08 
At timestep  4770 the maxmimum change in the solution is 4.8340239e-08 
At timestep  4780 the maxmimum change in the solution is 4.8340216e-08 
At timestep  4790 the maxmimum change in the solution is 4.8340193e-08 
At timestep  4800 the maxmimum change in the solution is 4.8340169e-08 
At timestep  4810 the maxmimum change in the solution is 4.8340146e-08 
At timestep  4820 the maxmimum change in the solution is 4.8340123e-08 
At timestep  4830 the maxmimum change in the solution is 4.8340099e-08 
At timestep  4840 the maxmimum change in the solution is 4.8340076e-08 
At timestep  4850 the maxmimum change in the solution is 4.8340053e-08 
At timestep  4860 the maxmimum change in the solution is 4.8340029e-08 
At timestep  4870 the maxmimum change in the solution is 4.8340006e-08 
At timestep  4880 the maxmimum change in the solution is 4.8339982e-08 
At timestep  4890 the maxmimum change in the solution is 4.8339959e-08 
At timestep  4900 the maxmimum change in the solution is 4.8339936e-08 
At timestep  4910 the maxmimum change in the solution is 4.8339912e-08 
At timestep  4920 the maxmimum change in the solution is 4.8339889e-08 
At timestep  4930 the maxmimum change in the solution is 4.8339866e-08 
At timestep  4940 the maxmimum change in the solution is 4.8339842e-08 
At timestep  4950 the maxmimum change in the solution is 4.8339819e-08 
At timestep  4960 the maxmimum change in the solution is 4.8339795e-08 
At timestep  4970 the maxmimum change in the solution is 4.8339772e-08 
At timestep  4980 the maxmimum change in the solution is 4.8339749e-08 
At timestep  4990 the maxmimum change in the solution is 4.8339725e-08 
At timestep  4999 the maxmimum change in the solution is 4.8339704e-08 
The RMS error in the final solution is 2.7274788e-12 
