How big is the problem?
How many timesteps?
Value of nu (positive and less than 0.5)?

1
2
8126
8751
9376
6251
6876
6877
6878
6879
6880
6881
6882
6883
6884
6885
6886
6887
6888
6889
6890
6891
6892
6893
6894
6895
6896
6897
6898
6899
6900
6901
6902
2501
5001
4376
6903
5626
1876
6904
3751
6252
8127
1251
4377
626
1252
4378
627
5627
628
8752
9377
3126
8128
8753
6253
8129
1
2
3
4
5
6
9378
9379
9380
6254
7501
4379
1253
5002
5003
5004
5005
5006
5007
5008
5009
5010
8754
4380
4381
2502
2503
1254
7502
2504
629
1877
2505
7503
7504
7505
6255
7506
7507
6905
5011
6906
1878
3752
630
3753
4382
8130
2506
5012
4383
7508
6907
1879
631
3754
3755
4384
3756
5628
3757
5629
7509
3127
8755
3758
1255
7510
7
3128
1880
2507
6908
8756
1881
6256
6909
632
9381
4385
2508
8131
8
5013
1256
7511
8757
7512
3759
1882
7513
2509
9
9382
7514
8758
10
4386
8132
5630
4387
633
3129
1883
6910
5014
8759
8133
5631
8134
1257
3760
5015
9383
6257
634
3761
2510
4388
11
5016
8760
1258
9384
8761
3130
3762
9385
3131
1259
5017
5018
5632
4389
2511
1884
9386
8762
6911
12
1885
8763
13
635
6258
3132
8764
14
636
7515
1886
3133
5019
2512
9387
1887
8135
8765
2513
1260
15
8136
6912
3763
16
6913
3764
5633
6914
7516
3765
3134
5634
17
3766
1888
8766
8137
3767
1261
6915
3768
7517
4390
1262
3769
637
1263
9388
9389
1264
1265
3135
1266
3136
3137
3770
1267
6259
6916
5635
638
3771
9390
6917
3138
4391
9391
3772
6260
8767
639
5020
18
7518
3773
9392
5021
7519
5022
640
19
1889
641
4392
2514
3139
8138
4393
7520
6261
5023
642
8139
3140
8768
20
8140
5636
6918
3774
1890
21
8141
9393
1268
4394
1269
22
2515
3141
5637
5024
2516
1891
5638
9394
23
3775
6262
3776
1270
4395
6919
5639
1271
9395
643
3777
7521
9396
5025
2517
1892
8142
2518
1893
6263
1894
6264
6920
4396
5640
1272
3778
8769
2519
9397
3142
7522
3143
8143
3144
5641
8144
4397
5026
5642
5027
8770
7523
6921
9398
1895
9399
3145
6265
3779
8771
4398
644
5643
645
6266
1273
9400
646
6267
24
2520
647
5028
6268
9401
4399
3146
2521
9402
648
3147
8145
1896
5029
1274
8772
649
8773
7524
4400
8774
7525
8146
9403
6269
7526
25
4401
3148
6922
5030
8775
3149
3150
3151
3152
3153
3154
6270
1897
8147
5644
3155
7527
8148
4402
2522
650
5031
26
3780
27
6923
8776
28
7528
7529
651
652
5032
9404
1275
3156
9405
3157
9406
3781
29
1276
3158
4403
653
8149
8777
5033
6271
8778
9407
5645
9408
3782
9409
30
1898
3159
5034
6272
2523
5035
654
4404
6924
7530
5646
9410
7531
8150
5036
6273
31
3160
7532
9411
5647
1277
8779
7533
3783
6925
7534
655
32
1899
7535
5037
6274
2524
8151
8780
1900
2525
4405
7536
656
7537
9412
6275
8781
7538
9413
8782
33
5648
657
5038
6276
2526
1278
5649
6926
3161
9414
7539
6277
1901
5650
2527
8152
1279
8783
34
8784
2528
658
5039
3784
5651
3162
9415
5040
5652
1902
9416
1280
5653
7540
659
6278
8785
6927
660
5041
5654
8153
35
9417
661
3163
7541
5042
6279
3164
4406
36
5043
1281
3165
6280
9418
662
1903
4407
8786
2529
5044
6281
8154
8787
8155
663
1282
8156
6282
3785
6283
3166
1283
6928
6929
8788
7542
2530
37
8157
5655
5045
2531
1904
2532
8158
4408
2533
3167
1284
9419
5046
7543
1905
5047
2534
664
5048
1906
3168
38
5656
8789
3786
5049
5050
8790
1285
9420
6930
1286
39
9421
6284
1907
5657
665
7544
5051
4409
3787
3169
1908
7545
3788
8791
1287
5658
4410
8792
8159
4411
9422
40
3170
41
2535
3789
8160
42
5659
8793
43
2536
1288
2537
8794
7546
1289
2538
4412
6285
44
2539
3790
5052
3791
666
3792
1909
2540
8795
7547
1290
667
1291
5660
2541
3171
3793
668
5053
9423
6286
2542
7548
4413
6931
5661
7549
669
45
8161
8796
5662
46
8797
5663
7550
1910
3172
3794
1292
6932
5054
2543
6287
7551
4414
8162
7552
6933
670
7553
1293
671
7554
2544
672
3795
4415
5664
5055
8798
5665
8799
6288
5666
673
1911
6934
5056
3173
5667
2545
3174
5668
9424
7555
3796
5057
8800
47
5058
674
5669
5059
6289
8801
3175
9425
8802
4416
6290
5060
5061
2546
5062
5670
3797
48
7556
8163
1912
3798
1294
6935
2547
6936
675
2548
49
4417
2549
4418
2550
1913
2551
5063
6937
5671
6938
5672
3176
5673
5674
5675
1914
1295
8803
5676
1296
5677
1297
5678
7557
1298
6939
8164
50
6940
6291
2552
3177
2553
3799
3178
2554
3179
7558
3180
1299
7559
4419
4420
8804
3800
4421
5064
5679
9426
3181
5065
7560
3801
5680
8805
4422
5681
7561
5682
2555
5683
6941
1915
8806
3802
4423
5684
8165
8807
8808
8809
8810
8811
8812
8813
8814
8815
8816
8817
8818
8819
8820
8821
8822
8823
8824
8825
8826
8827
8828
8829
8830
8831
8832
8833
8834
8835
8836
8837
8838
8839
8840
8841
8842
8843
8844
8845
8846
8847
8848
6942
7562
6943
6944
5066
51
1916
52
4424
53
54
55
8849
56
8850
7563
9427
7564
3803
9428
676
7565
5685
57
9429
3804
5686
3182
6292
5067
3805
58
4425
59
5687
1917
60
6293
8851
6945
61
1300
8852
677
9430
8166
1301
8167
8853
8168
6294
6946
5068
1918
5688
678
7566
5689
4426
2556
1919
3183
5069
7567
1920
6947
62
3806
1921
2557
1302
2558
5070
7568
5071
7569
5072
8854
4427
7570
5073
8169
63
1922
7571
6295
64
7572
3184
9431
8855
1303
5690
2559
679
8856
1304
9432
6948
1923
680
5074
6296
65
8170
1924
66
3807
1925
67
681
8857
5075
2560
682
6949
6297
9433
5076
1305
5077
6950
5078
8171
8858
7573
5079
1926
5080
5081
1927
5691
5082
6951
4428
1928
8172
3185
2561
3186
7574
9434
5692
8859
8173
5083
6298
3187
1929
683
3188
2562
8860
1930
6299
3808
2563
1306
6300
2564
3189
4429
6301
2565
7575
6302
3190
2566
68
8174
684
2567
1307
5084
9435
8861
7576
6303
6304
3809
1308
5693
5085
9436
8862
4430
7577
5694
3191
5695
2568
9437
5086
1309
9438
69
3810
5087
8175
5088
1931
6952
70
9439
1932
685
3192
5696
1933
2569
5089
6953
71
6305
72
6306
5090
1934
6307
686
5697
8863
1935
4431
9440
3193
5091
1310
3811
8176
8177
687
4432
73
7578
6308
9441
8864
9442
8178
2570
1936
3194
9443
6309
9444
4433
3812
1311
4434
1312
5698
4435
74
4436
8179
2571
5699
4437
6954
6310
7579
5700
4438
9445
5701
5092
8865
5702
5093
1313
75
3195
7580
6311
1937
3813
8180
7581
9446
4439
5703
2572
9447
6955
2573
76
8866
8181
1938
4440
5094
1939
9448
6312
8182
3196
5704
1940
8183
77
2574
5705
1314
8184
3814
4441
3197
1941
9449
3198
1942
4442
8185
6956
3815
7582
2575
78
688
8186
3816
5706
7583
8867
1943
7584
8868
9450
5707
8869
7585
689
8187
4443
2576
1315
2577
6313
9451
7586
1316
9452
2578
6314
9453
3199
1944
5095
3817
5708
3200
6315
7587
6316
9454
690
5709
4444
6957
7588
9455
79
4445
9456
3201
2579
8870
6958
1317
6959
4446
3202
8188
5096
3818
80
1945
5710
9457
5097
81
1946
3203
1947
82
9458
6317
8871
3204
3819
7589
1948
3205
5098
8189
1949
3206
8190
6960
1950
8872
9459
83
9460
6318
8873
6319
8191
1318
4447
7590
2580
8192
3207
5711
9461
691
692
6320
2581
693
2582
7591
4448
5712
6961
4449
9462
1951
1952
2583
6962
8874
7592
1319
2584
5099
8193
4450
3820
3821
4451
3822
694
7593
9463
7594
6321
6963
3208
6964
4452
4453
2585
3823
695
9464
4454
5100
4455
7595
1953
8875
6965
6322
5101
3209
8194
1320
1954
2586
7596
5713
696
5102
1955
84
5103
8876
1321
6323
5104
9465
1322
5105
2587
3210
5106
85
8877
5107
4456
3211
697
8195
3824
2588
1323
3212
7597
4457
2589
9466
4458
6966
3213
4459
3825
6324
1956
9467
698
8878
3826
5108
6967
3827
2590
1324
86
699
4460
700
7598
1325
87
9468
701
1326
9469
1327
9470
1328
5109
1329
5714
1330
8196
3828
702
3214
8197
1331
3829
88
2591
1957
703
8879
1332
5110
3215
6325
5111
6326
3830
5112
9471
4461
5113
89
2592
6968
1958
8880
1959
6327
8881
5114
3216
5715
3217
8198
5716
3218
4462
5115
8882
9472
1960
8883
5717
7599
3219
4463
3831
1333
5718
3832
5719
8884
4464
5116
5720
90
704
9473
1961
8199
1334
5721
5117
3220
3833
6969
5118
6328
8200
3834
4465
8201
5722
8202
1962
91
5723
7600
6970
6329
3835
5724
2593
1963
5725
1335
6971
8885
7601
705
1336
1337
4466
8886
2594
4467
8887
92
3836
706
1338
8203
5726
6330
9474
5119
7602
8888
707
2595
8204
8205
3221
6972
93
5727
3222
7603
9475
708
6331
8889
3837
1964
6973
4468
709
5120
2596
8890
8206
94
2597
95
8207
3223
2598
6974
1965
5121
6332
3838
7604
3839
8208
8209
2599
9476
5728
8210
5122
1966
8891
8892
6333
3840
6975
9477
3841
96
5729
4469
3224
97
5730
7605
5731
8211
5732
1967
5123
3842
9478
2600
4470
2601
4471
2602
4472
1339
8893
8212
5733
98
5734
5124
4473
9479
6976
1968
6334
2603
7606
710
3843
8213
5735
6977
1340
1969
4474
3225
6978
6335
99
6336
6979
711
8214
100
7607
3844
7608
7609
8894
6337
5125
5126
712
101
5127
5736
713
7610
6980
6338
8215
3226
3227
6339
5737
9480
3845
5128
4475
2604
714
5129
1970
3846
8895
102
1341
715
7611
9481
7612
3847
5130
9482
8216
7613
5131
3228
5738
7614
1342
5132
5739
4476
2605
6981
1343
8896
716
3848
1971
8217
6340
5133
8218
8219
2606
7615
5134
717
5740
3849
6982
9483
3229
8897
3230
5135
3231
5136
4477
103
3232
104
3233
105
2607
3234
3235
106
6341
107
8898
8899
108
718
8900
2608
109
5741
8901
6983
2609
5742
6984
6342
8902
6985
7616
6986
4478
719
8220
110
3236
720
111
721
4479
1972
3850
722
6987
1973
6343
1974
4480
5137
8221
4481
3237
5138
1975
5743
1344
6988
5139
6344
723
8222
5744
112
3851
8223
2610
8903
8224
1976
9484
3852
1345
3238
2611
4482
6989
8225
724
5140
7617
6345
2612
3853
3239
1346
113
9485
725
5141
1347
3240
726
6990
1977
3854
7618
1978
9486
3241
8226
5142
6991
8904
8227
8905
1348
5143
1979
5144
3855
727
1980
1981
3856
8228
4483
4484
2613
3242
114
9487
9488
7619
1982
1983
8229
4485
1984
6346
5145
2614
5745
5146
2615
5746
1349
5747
4486
6347
3243
6348
3857
5147
3244
3858
7620
2616
3245
5748
115
5749
8230
8906
3859
5750
3860
3861
728
6992
1350
4487
6349
2617
8231
3246
7621
9489
6350
9490
3862
1985
6993
5148
116
6994
6995
1986
729
9491
3247
7622
730
6351
3248
5751
8907
9492
731
1351
732
2618
8908
117
4488
2619
9493
1352
8232
6352
3249
6996
5752
8233
8909
2620
4489
8234
733
6997
1353
3863
5753
1987
5754
8235
3250
1354
9494
8910
5149
3251
5755
7623
1355
3864
6353
1356
118
6998
8911
1357
5150
734
8236
7624
735
5756
8912
3252
2621
1358
8913
2622
5151
4490
119
8237
5152
7625
120
6999
1988
8238
736
8239
7626
8240
2623
7627
7000
7628
7629
7001
5757
9495
3253
8241
1989
8914
6354
1359
1990
1991
737
2624
5758
1992
1993
9496
4491
7630
8242
9497
121
2625
5759
9498
8915
738
5153
4492
1360
739
3254
9499
740
8916
2626
7631
6355
3865
3255
2627
5760
8917
3256
741
3257
742
6356
2628
5154
4493
5761
7632
9500
8243
2629
4494
6357
7002
8918
122
8919
743
3258
7633
5155
3866
8920
9501
5156
8244
1994
5762
1361
3867
4495
8921
1995
7003
2630
4496
3868
6358
5157
4497
9502
8245
123
7634
744
124
8246
1362
2631
3869
1996
2632
9503
4498
3259
125
8922
7004
8923
5763
126
8247
8924
5764
127
6359
5765
4499
3870
7635
9504
3260
1363
5158
8925
2633
8926
8248
4500
1364
745
128
7636
7005
5159
5766
7006
746
5160
3261
5767
2634
6360
8927
3871
7007
129
5161
8249
7637
6361
8250
4501
1997
6362
3262
4502
6363
2635
8928
3263
747
1365
9505
5162
4503
3872
8929
5768
130
7638
5769
8930
5770
1998
1366
6364
131
1999
2636
132
1367
9506
8251
3873
5771
4504
7639
5163
133
4505
3874
1368
4506
5772
8252
5164
3875
7640
5165
7641
2637
7008
3264
7642
9507
748
2000
3876
8931
5166
4507
134
749
9508
5773
7643
3265
8253
2001
5167
8254
3266
7009
750
2638
3877
7644
5168
4508
5169
1369
5170
5774
5171
751
6365
5172
9509
2002
7645
3267
9510
4509
135
9511
752
5173
7010
9512
8932
1370
136
9513
753
1371
2003
3878
7011
8255
2639
5775
4510
1372
8933
5776
2004
754
3268
2005
6366
9514
7646
7012
2006
7013
755
9515
7014
2007
7015
4511
6367
756
1373
9516
8934
5777
3269
8935
5174
3270
6368
3879
4512
757
2640
9517
8936
7016
137
5175
2008
758
2009
5176
8937
3271
8256
9518
5177
9519
1374
2641
759
5178
9520
760
8938
9521
5179
4513
138
5778
1375
8939
7017
9522
7647
1376
9523
7018
5180
3880
2010
6369
1377
761
1378
4514
2642
6370
1379
3272
3881
7019
1380
5779
2643
762
9524
2011
7020
5181
6371
2644
1381
7648
8257
5780
7649
139
8940
5182
2012
5183
6372
2013
8258
3273
6373
5781
140
7650
5782
3274
3882
5783
4515
5184
7651
8941
2645
2014
7652
763
7653
5784
5185
8942
7021
6374
7654
141
764
5186
8259
3883
142
5785
3275
8943
143
765
6375
2646
9525
8260
1382
2015
2016
9526
144
5786
3276
2017
5787
145
1383
8944
7022
9527
4516
1384
8261
7655
2647
146
1385
9528
2648
5788
2018
6376
5187
9529
8262
2019
3884
5188
2020
1386
3277
7656
147
8263
5189
7657
148
6377
7658
149
3885
2649
150
2021
766
5190
6378
2022
151
2650
152
7659
6379
5191
3886
153
5192
2651
8264
5789
2023
767
7023
8265
9530
8945
7660
3278
2024
5790
4517
1387
3887
2025
5193
768
5194
154
8266
9531
8946
7661
155
9532
7662
156
769
157
3888
4518
6380
1388
1389
8267
770
8947
8268
6381
5791
8269
2652
9533
7024
3279
5195
1390
4519
2026
5196
5792
2027
8270
5793
2653
7025
8271
1391
2028
5794
8272
158
8948
771
3889
4520
159
772
5795
160
8273
4521
773
2029
4522
6382
774
4523
3890
5796
7663
775
7026
8274
2030
4524
8275
1392
2654
5797
9534
5197
6383
5198
4525
5199
3280
2655
2031
5200
2656
1393
5201
8276
8277
5202
8278
8949
8279
776
8950
3281
161
3282
4526
1394
5203
162
1395
2032
2033
8951
777
6384
7027
8280
8952
9535
2657
5204
9536
1396
7664
8953
2034
5798
2035
163
9537
164
1397
165
1398
3283
2036
1399
9538
6385
2658
9539
5205
1400
2037
166
5799
2659
8281
2038
7665
4527
778
8954
7028
9540
1401
9541
167
5206
779
3284
6386
168
8282
780
6387
4528
2039
3891
6388
169
781
2660
8955
9542
1402
9543
8283
7666
2040
8284
7029
3285
7667
5800
5207
1403
8956
7668
170
3892
1404
2041
9544
7669
6389
8957
9545
5208
2042
5801
9546
782
7670
7671
3286
3893
5802
9547
5209
8285
4529
171
5210
6390
7672
5211
7030
8286
172
6391
8287
2661
1405
7673
5212
5803
8958
783
3894
4530
6392
1406
8288
3287
4531
8289
2043
2662
8290
2663
6393
1407
2044
5804
173
7674
9548
7031
4532
784
8959
5213
785
174
786
8960
787
5805
8961
788
5806
3895
5807
8291
789
7032
9549
7033
1408
7675
7676
6394
175
7677
5808
7678
8292
2664
5214
2045
8962
8963
176
4533
3896
9550
177
7679
2665
3897
8964
3288
7034
5809
9551
8293
790
5810
1409
5215
3898
2666
4534
2046
1410
8965
6395
7680
5216
5811
9552
178
8294
9553
179
5217
1411
8295
6396
2047
3289
5218
7035
5812
6397
7681
9554
791
3290
7682
180
7683
2048
3899
7684
2049
3291
6398
7685
2667
9555
5219
4535
181
182
9556
2050
9557
4536
5220
1412
7686
8966
9558
792
6399
9559
6400
4537
183
6401
4538
4539
184
185
9560
7687
5221
186
7688
3292
7689
7690
4540
3293
793
3900
7691
2051
7036
2052
9561
8296
2053
8297
6402
3294
4541
2668
8967
7037
6403
3901
2054
8298
187
6404
1413
2669
5222
6405
8299
9562
9563
2055
6406
5223
5813
7692
188
2670
8968
3902
189
3903
7693
5224
1414
8300
4542
7038
6407
7694
6408
1415
2671
2056
7695
5814
7696
794
5815
3295
1416
190
7039
2672
8969
6409
3296
8301
6410
3297
9564
6411
7040
191
6412
7697
795
6413
5816
6414
5817
6415
5818
6416
3298
192
5819
7041
9565
796
6417
9566
9567
1417
5820
7698
4543
2673
9568
5225
3904
6418
7042
2674
6419
797
2057
8970
5226
2058
3299
5821
2059
5822
2060
5823
2675
5824
8971
9569
5227
798
8972
6420
3300
8302
3905
3301
193
3906
4544
3907
194
2061
8973
2062
7699
1418
3908
8974
1419
3302
1420
6421
2676
5825
2063
5228
5826
2677
8303
8975
9570
2678
9571
6422
799
7043
2064
5229
7700
6423
1421
5230
4545
3909
2065
4546
9572
3303
2679
6424
3910
5827
2066
195
5231
1422
8976
4547
2680
7701
8977
2681
5232
1423
1424
3911
7044
1425
3912
4548
1426
6425
3304
7702
196
197
6426
4549
9573
2682
5233
7703
5828
2067
3305
4550
3913
1427
198
800
8978
801
4551
5234
7704
2068
9574
4552
199
6427
3306
7045
4553
1428
2683
2069
8304
1429
5235
200
7705
2070
5236
5829
2684
2071
5237
2685
2072
8979
802
2073
3307
9575
803
2686
6428
201
3308
804
5830
3914
8980
805
202
1430
8981
6429
4554
2074
806
5831
8982
7046
7706
6430
2687
3309
6431
5238
2075
203
2688
6432
8305
1431
9576
7047
807
2076
8983
2689
8306
3310
2690
8984
9577
5832
2691
204
2692
7048
8985
808
205
9578
6433
2693
3915
5239
1432
7707
3311
8986
8307
8987
8308
2077
2694
8988
8309
5833
4555
206
809
7049
8989
6434
5834
1433
9579
2695
7050
7708
3312
5240
6435
810
5835
6436
4556
2078
4557
2079
1434
4558
1435
207
8990
4559
1436
2696
5836
4560
7051
8991
6437
1437
8310
1438
9580
1439
811
2080
8311
5241
8992
2081
812
1440
1441
7052
3916
5242
8312
7053
9581
8313
9582
2697
813
9583
208
8314
1442
6438
7709
8993
209
814
4561
5837
7054
5243
9584
815
5838
2698
2082
3313
5244
4562
7055
816
8994
7710
9585
8995
5839
2083
8996
8315
3917
6439
1443
5245
7056
1444
2084
8316
8997
1445
210
8317
4563
8318
2699
7057
3314
8319
1446
5246
9586
7711
4564
7712
2700
817
5840
7713
3918
7058
7059
5247
7060
5248
4565
2701
4566
8320
7714
9587
9588
7715
8321
9589
818
5841
2702
4567
2085
5842
4568
6440
1447
4569
6441
211
7061
819
5843
3315
7062
820
821
9590
5844
1448
5845
8998
5846
5249
1449
4570
212
5847
8999
5848
3919
9591
7716
822
1450
8322
9592
213
2086
1451
7063
2703
6442
2704
4571
7717
2705
3316
4572
823
6443
824
4573
7718
9000
3920
9001
4574
7719
9002
5250
5251
2706
8323
5849
7064
3317
214
9593
6444
9003
1452
3921
215
7720
825
216
8324
2707
7065
217
2708
5252
8325
6445
218
7066
9004
3318
3922
4575
3319
826
5253
6446
9005
219
3923
3320
5850
3321
8326
220
8327
7067
8328
4576
5254
8329
9006
1453
3322
4577
5851
4578
6447
2087
7068
3924
8330
2709
7721
827
221
1454
9594
1455
5852
1456
3925
222
4579
5853
6448
7069
2710
7722
9007
5854
7723
5255
2088
5855
3323
8331
223
3926
2711
9595
4580
6449
3927
5856
7070
224
7071
8332
7072
9008
8333
8334
2712
3324
6450
9596
1457
828
9597
225
3928
2089
226
8335
8336
3325
5256
9009
7724
9598
3326
9599
9010
1458
3929
1459
5257
2713
8337
4581
9011
5258
1460
7725
1461
5857
3930
9600
6451
3327
6452
8338
8339
3328
8340
829
3931
8341
7073
5858
7726
4582
2090
1462
9012
2714
3329
3330
9601
3932
3331
5259
6453
6454
2091
7074
8342
7075
227
4583
4584
1463
9013
2715
3332
830
9602
5260
5859
7076
2092
5261
5860
2716
1464
228
9014
2717
9603
3933
5861
5262
2718
9015
7727
5862
831
6455
5863
3333
7077
3334
5864
1465
2719
2093
1466
5865
8343
1467
9604
4585
832
5866
9016
9605
833
9017
7728
5263
6456
2720
3934
9018
5264
5867
8344
9606
1468
229
5868
834
3935
6457
2721
9019
3335
7078
6458
5265
5869
9607
3336
835
6459
2094
836
9020
8345
230
6460
7729
231
7730
9608
3936
7731
4586
8346
4587
8347
9021
4588
8348
5266
9022
8349
9609
837
6461
8350
232
1469
3937
5870
5267
2722
8351
9610
4589
2095
5268
5871
5269
3337
233
2723
5872
6462
8352
234
7732
9611
3338
5270
5873
4590
7079
1470
9023
235
8353
2096
7733
5874
2097
2724
6463
9024
5875
6464
3938
9025
3339
5876
838
8354
7734
2725
1471
2726
7735
9612
2727
7736
5877
2728
2729
5878
1472
2730
5879
839
3939
6465
7737
2731
9613
2098
5271
3340
236
5272
5880
7080
9614
2732
4591
2733
9615
5273
840
7738
6466
9026
3940
9616
3341
6467
5881
5274
237
3941
9027
3342
2734
7739
8355
4592
238
7081
1473
5275
239
3942
8356
6468
8357
5882
5276
2735
8358
9028
9617
240
3343
2099
5277
241
6469
4593
1474
5278
9029
242
7740
5883
2100
4594
5279
6470
243
3943
5280
841
3344
4595
5281
9618
6471
2101
1475
9619
3345
7082
4596
5884
244
3944
9620
5885
5282
3346
2102
245
842
3945
1476
3946
8359
5886
843
3947
9621
9030
844
5283
8360
6472
8361
845
4597
2103
9622
2736
3948
1477
2104
7741
5284
6473
3347
5285
4598
846
1478
9623
2737
3348
5286
5887
2105
9031
246
3349
7083
1479
2106
7742
1480
3949
5888
247
2107
5287
2108
4599
9624
2738
6474
5288
3350
5289
3950
2109
7084
7743
8362
6475
3951
6476
9625
9032
847
4600
248
3351
5889
5890
5290
2739
2110
5891
2740
8363
6477
3952
848
9033
3953
849
2111
5291
4601
2112
1481
7085
6478
2113
7744
6479
850
3352
5292
7745
8364
5293
5294
8365
3954
9034
3353
5295
4602
7086
5892
8366
2741
6480
4603
1482
249
4604
8367
4605
851
2114
5296
8368
9035
8369
5297
3354
5893
8370
852
3355
6481
4606
4607
9036
7087
4608
1483
2115
5894
250
853
8371
9626
2116
8372
9037
5298
5895
2742
251
3955
7088
2117
8373
1484
5299
6482
7746
1485
5300
854
1486
9627
3956
5301
8374
5896
6483
9628
5302
2743
9629
1487
6484
4609
5897
5303
6485
7089
7747
855
3957
252
7748
3958
2744
8375
2118
2119
6486
2120
1488
4610
1489
5304
9630
1490
8376
8377
7749
1491
253
8378
8379
7750
2121
3959
4611
5305
5306
5898
5899
5307
5308
9038
2745
5309
4612
856
2746
857
2747
6487
7090
254
7091
2748
5310
858
4613
5311
9631
2749
4614
859
8380
5312
7751
1492
9039
5900
5901
7092
3960
4615
5902
3961
2122
9040
1493
860
3962
5313
3356
7752
2750
3963
255
5314
9041
861
5903
8381
9632
1494
5315
3964
9633
7753
1495
4616
3357
5904
7093
8382
862
2123
3965
7094
3358
256
7754
2124
2125
7095
863
8383
1496
2751
9042
8384
4617
2126
3966
9043
864
9634
4618
9044
9635
2752
865
9636
2753
866
6488
7096
9637
8385
5316
7755
4619
867
3359
257
2127
1497
5317
868
9638
5905
6489
7097
5318
2128
9045
8386
5319
9046
5906
7756
3360
6490
7757
4620
9047
7758
5907
2129
8387
258
3967
7098
3361
7759
4621
5320
3968
9639
2754
5908
5321
259
9048
5909
4622
869
5910
6491
9049
2130
3969
260
4623
3362
7099
261
9640
1498
9050
5322
9641
8388
7760
2755
5911
7761
6492
5323
5912
9642
7762
2131
7100
4624
262
8389
870
9051
4625
871
2756
4626
2132
1499
4627
5324
872
7101
5325
3363
5913
9052
5326
7102
8390
9643
4628
5914
4629
2757
5915
9053
263
5916
2133
264
9054
3364
8391
265
7763
7103
8392
5327
9644
8393
2758
1500
9645
6493
266
3365
267
9646
7764
268
5328
4630
873
269
1501
2134
1502
5329
874
3970
875
4631
6494
2759
7765
6495
6496
6497
6498
6499
6500
6501
6502
6503
6504
6505
6506
6507
6508
6509
6510
6511
6512
6513
6514
6515
6516
6517
6518
6519
6520
6521
6522
3971
7104
6523
876
7105
6524
5330
4632
9055
7106
7107
6525
6526
1503
8394
3972
3366
270
5331
9647
9648
5332
9649
877
8395
9650
8396
9651
8397
2760
2135
271
8398
5917
5918
7108
7109
9056
7110
3367
272
273
2761
5333
878
8399
2762
1504
8400
7111
2136
879
274
2137
4633
5334
880
4634
275
6527
7112
3973
9652
2138
2763
3368
276
4635
277
5919
7113
881
9653
6528
7114
5335
1505
6529
3369
278
2139
3974
9057
7766
2764
7115
7767
8401
4636
5336
5920
4637
7768
8402
2140
882
7116
3370
9654
6530
3975
5337
2141
8403
4638
7769
2765
2142
3976
1506
2143
6531
9655
3371
9656
883
4639
3977
884
2766
7117
9058
9059
1507
2144
9060
7770
7771
6532
3372
3978
5921
7118
5922
7119
5338
279
885
1508
9061
9062
8404
3979
7120
3980
5339
7121
280
1509
7122
6533
2767
281
5923
5924
2768
5925
5926
5340
3373
6534
5927
6535
5928
3374
7772
3375
5929
9063
3376
2769
5930
1510
9657
5341
8405
7773
4640
8406
282
1511
2770
9658
5342
7123
5343
3377
5931
3378
2771
9064
5344
1512
8407
3379
9659
6536
5345
7124
2145
5346
283
1513
2146
6537
7774
5347
9660
4641
7775
5348
9661
7776
9065
886
8408
9662
7777
1514
5932
2147
8409
3380
4642
5933
3981
4643
5934
1515
7125
887
6538
284
3381
7126
1516
3982
5349
888
1517
9663
5935
8410
9066
1518
2148
6539
889
285
4644
7778
2149
2772
1519
5350
7779
7127
8411
9067
890
2150
7780
9664
3382
3983
4645
8412
5936
6540
4646
7128
9665
7781
2151
286
2152
5351
9068
5352
3383
5353
7782
3984
9666
3985
5937
287
891
3986
9069
6541
3987
2153
2154
2773
6542
2155
9667
2156
2774
7129
5354
4647
9668
288
2157
5938
9669
7130
2158
2775
2159
289
6543
892
1520
3384
7131
5939
893
3385
2776
9070
7783
1521
2777
4648
290
9670
8413
291
3988
9671
7132
5940
2778
292
7784
5355
2160
9071
6544
3989
1522
8414
894
2161
3990
5356
7133
9072
3991
6545
8415
4649
9672
9073
7785
8416
2779
293
7786
9673
3386
2162
7787
7134
4650
3387
4651
6546
2780
4652
7788
5941
1523
9074
5942
294
9674
1524
2163
7789
4653
3388
3992
7135
295
7790
5943
4654
8417
2781
2164
296
6547
895
9675
5357
2165
9075
5944
3389
9676
6548
5358
3993
3390
8418
2166
5945
4655
5359
7136
7791
5360
6549
2782
5946
3391
7792
4656
7137
6550
8419
9076
5361
2167
9077
7793
7138
297
7794
5947
7795
2168
9677
298
4657
9078
3994
8420
6551
7796
2169
299
8421
6552
1525
5948
9079
2170
2783
896
300
2171
1526
3392
9678
8422
5949
8423
3995
5950
8424
3996
301
8425
302
897
9679
6553
7797
2784
898
5951
8426
899
4658
303
9680
900
5362
7139
8427
1527
7140
3393
901
6554
2785
7141
304
5363
7798
3394
1528
4659
8428
2786
7142
9681
5952
8429
7143
2172
7144
6555
3997
9080
9081
6556
9082
3395
5364
4660
7145
1529
8430
4661
3998
2173
902
3396
2787
6557
9083
7799
305
7146
9682
5953
6558
5365
1530
6559
7147
5954
9683
6560
9084
5955
4662
9684
2788
3397
306
9085
5956
7148
9086
5366
5957
4663
2789
9685
5958
6561
307
4664
2174
3398
2790
4665
3999
903
7149
308
9087
7800
6562
4666
2175
904
2791
2176
1531
905
8431
9088
6563
1532
5367
1533
7801
9686
3399
7802
2792
4000
4667
9089
2177
3400
906
7150
8432
4001
9687
4002
7803
7151
5959
309
9090
4668
2793
310
9091
1534
4003
8433
7152
4004
4669
2794
2178
4005
2795
9688
1535
3401
6564
7153
311
8434
4670
9092
907
1536
7804
4006
8435
4671
9689
2179
3402
6565
2180
5368
4672
9690
5369
312
2796
5960
7805
9093
1537
9094
7154
908
6566
313
9691
5370
2181
4673
7155
909
1538
7806
1539
2797
1540
2798
4007
9692
6567
9693
2182
9095
4008
2799
9096
5371
910
911
2800
7156
5372
314
4674
3403
5961
3404
2801
1541
315
3405
2802
9694
9097
912
5373
2803
8436
9098
3406
9099
9695
6568
7807
7808
4675
4009
8437
4676
5962
1542
913
5963
7157
9100
5374
5375
2183
2804
4677
4010
4011
9696
4012
4013
7809
5964
5965
6569
5966
5967
6570
9101
6571
2184
6572
6573
316
9697
317
5376
318
5377
1543
914
2805
4678
5378
5379
4014
3407
8438
5380
319
2806
7158
6574
3408
4679
320
3409
5381
2185
9698
7159
4015
3410
2807
7810
1544
5382
7160
915
5968
3411
9102
6575
9103
5383
1545
321
4680
4016
916
7811
5384
7812
8439
4017
9699
3412
2186
2808
9700
3413
7161
5385
7813
917
1546
9701
322
5969
4018
5970
7814
2187
3414
9702
5971
323
918
7162
7163
5972
2188
2189
9104
4681
5386
6576
324
1547
1548
2190
1549
1550
9105
2191
5387
1551
2192
6577
1552
325
5973
4682
6578
3415
4683
6579
2809
1553
8440
9703
919
9704
326
9106
7164
7815
5974
9705
5388
3416
5975
2193
327
4684
8441
4685
9107
4019
4686
5976
1554
5389
328
5977
4687
6580
8442
4688
920
9706
7816
2810
4689
5390
329
3417
7165
9707
921
8443
3418
922
4020
5978
9708
923
5391
9108
2811
3419
7817
9109
9709
7166
7818
2194
8444
5392
6581
924
5393
2812
9110
4690
7819
9111
4691
5394
2813
5395
4021
925
8445
9710
9711
5979
2814
3420
5980
2195
3421
9112
5981
6582
330
2815
7167
926
7820
8446
3422
2816
3423
9712
2196
5396
4692
7168
3424
2817
927
3425
2818
6583
3426
7821
928
2197
5397
2198
929
1555
9113
2199
3427
5982
4022
7822
1556
6584
9713
9714
3428
7169
9715
5398
331
9716
9717
4023
5399
9718
1557
9719
2819
5983
2820
1558
7823
7170
6585
332
6586
9114
6587
930
9115
6588
4024
5400
7171
4025
333
4026
5984
8447
1559
334
2200
6589
7824
2821
9720
4693
3429
5985
931
9116
4694
4027
7172
9117
2822
7825
335
932
5401
7826
4695
5986
1560
7173
9721
4028
7827
2201
6590
4029
5402
6591
5403
336
8448
1561
5404
2202
1562
9118
5405
2203
9119
8449
5987
2204
4696
5406
9722
8450
5407
933
6592
3430
7828
8451
5408
337
934
4030
5988
7174
1563
4031
5409
9120
6593
8452
2823
3431
2205
7829
2206
7830
7175
338
339
9723
1564
2207
6594
3432
5989
2824
6595
935
340
4032
4697
7831
2208
7832
341
5410
9724
7833
8453
5411
7176
9725
5412
8454
8455
5413
936
342
3433
8456
2825
9121
9726
4698
8457
2209
7834
4033
5414
6596
937
1565
343
7177
4034
9122
344
5990
345
2210
7835
9727
2211
3434
8458
6597
2826
9728
938
9123
5415
2212
4699
7178
4035
2213
346
9124
2214
7836
3435
9729
5991
5416
9730
347
5417
939
1566
8459
5418
2215
2827
6598
348
7179
9731
5992
8460
940
1567
2216
9732
7837
1568
4700
4036
4701
349
6599
5419
9125
1569
8461
9126
2217
7838
9733
3436
5993
350
2828
9127
1570
7180
4702
351
352
5420
941
4037
2829
942
6600
1571
7181
4703
8462
353
943
9128
8463
4038
7839
3437
9734
3438
7182
7840
5994
354
1572
944
9129
355
5421
7183
6601
945
5422
8464
946
7841
4704
2218
7842
2219
5423
4039
8465
1573
2830
7843
5995
4705
7844
6602
7184
6603
3439
6604
1574
4706
5424
2220
5996
2831
4707
5997
6605
356
8466
1575
4040
9130
9735
5425
2832
5426
357
2833
2221
7845
4708
6606
5427
7846
3440
947
8467
1576
7847
8468
948
5428
7848
2222
6607
9736
1577
4041
9131
2834
4042
7849
949
7185
7850
8469
9737
7851
358
1578
5429
9738
2835
359
2223
2836
5998
2224
360
2837
7852
5430
950
4709
8470
6608
9132
2838
3441
5999
7186
361
7853
6609
2225
7854
9133
6000
1579
1580
9739
1581
6001
4043
9740
1582
362
7855
1583
9134
363
6610
4710
8471
6611
6002
951
2839
7187
4044
7856
8472
3442
2840
2226
4711
952
1584
4045
7188
2841
364
4046
9135
4047
9136
1585
3443
4712
6612
4713
2842
4048
6003
4714
9741
5431
7189
2227
4715
5432
7857
8473
9137
4716
365
3444
366
953
1586
367
2843
3445
9138
4717
3446
5433
954
2228
6004
4718
6613
3447
368
7190
369
9742
6005
370
7191
4049
371
9139
8474
9140
4050
9743
1587
9744
7192
2844
7193
4719
2845
7194
5434
2846
5435
2847
9745
5436
5437
9141
372
5438
5439
2229
373
374
6614
4720
375
955
2848
7858
5440
2849
4721
9142
2850
5441
2851
9143
376
4722
7195
8475
1588
1589
2852
9746
7196
2230
1590
4723
2231
1591
7197
3448
4051
9747
2232
956
2853
377
2854
1592
957
7198
2855
958
4724
9748
5442
4725
9749
4726
9750
8476
1593
8477
2856
7199
959
7859
5443
7860
5444
9751
7861
8478
8479
7200
8480
6615
7201
5445
1594
6616
2233
9144
960
3449
4052
6617
3450
6618
7862
8481
2234
9145
2857
7202
9146
7203
2235
378
9752
4053
4054
379
4727
3451
5446
5447
5448
1595
380
7863
1596
4728
9147
7864
2236
961
7865
6619
3452
4055
7204
1597
2858
1598
2859
7205
1599
7206
8482
1600
7866
8483
6006
9753
9148
381
4729
962
4056
5449
8484
5450
8485
5451
382
5452
4730
2237
5453
1601
5454
6620
9149
2238
8486
6007
963
7207
3453
7867
1602
6621
4731
6622
4057
2860
6623
1603
964
7868
383
6008
965
6009
8487
9150
966
6624
384
1604
2239
4732
5455
2861
3454
6625
385
7208
7209
3455
2862
2240
7210
4058
9754
7869
967
4733
9151
9755
2241
6010
6011
1605
9756
9152
6626
1606
9153
3456
7870
2863
1607
8488
2242
9757
5456
386
7871
6627
1608
6628
4059
6629
2243
6630
2244
968
5457
5458
6631
387
4060
3457
8489
4734
7872
8490
2245
388
3458
1609
969
7873
2864
5459
6632
9154
2246
1610
9758
7211
6012
1611
970
3459
9155
2247
8491
9156
2248
7212
8492
6013
2249
7213
9759
8493
389
2865
4735
4061
1612
6633
6014
7874
3460
7214
971
7215
972
390
8494
973
8495
4736
3461
6634
9157
7216
5460
3462
1613
3463
3464
6015
6635
1614
8496
3465
3466
2250
5461
2251
974
2252
4737
4738
9158
6016
2253
9760
4739
2866
9159
4062
975
391
6636
7875
976
3467
1615
2254
4740
4741
9160
392
6637
9161
7876
7217
9162
4742
7218
7877
9761
9163
4063
4743
5462
7878
1616
977
6017
9762
3468
7879
2255
8497
9164
2867
6638
4744
393
9165
5463
978
3469
9763
7880
6639
6018
2256
8498
5464
1617
5465
394
9166
979
2257
8499
1618
9764
1619
9765
7219
395
6019
9766
2868
9167
980
6020
396
5466
6640
6021
3470
2869
4745
2258
7220
4064
2259
2870
8500
7881
2260
7882
1620
3471
2261
1621
3472
2262
3473
9168
5467
6022
1622
3474
7221
2263
4065
7222
6023
9169
2871
8501
7883
9767
397
6641
9768
7884
981
2264
9769
5468
8502
2872
9170
7223
2873
982
9171
3475
6642
9172
6643
2874
2265
1623
9173
8503
398
7885
4066
399
7886
8504
6024
3476
6644
9174
5469
9175
6025
400
983
1624
5470
1625
4746
9176
3477
4747
9770
6026
1626
4748
3478
7887
401
4749
2875
402
9177
4067
9178
984
8505
7224
2266
9179
5471
4068
2876
5472
7225
7888
9771
7226
6645
2267
8506
6027
6646
9180
7889
403
2877
5473
4750
7227
2878
9181
4069
8507
2879
6647
8508
2268
9182
7890
1627
2269
985
8509
9183
6028
4751
9772
6648
3479
4070
7228
3480
2270
5474
9773
1628
7891
9184
986
404
987
4752
4071
7229
2880
9185
5475
7230
8510
3481
9186
5476
1629
988
4072
405
4753
6649
3482
8511
1630
6650
4073
5477
6651
9187
7231
1631
3483
9774
7892
8512
8513
4074
2881
6029
4075
1632
3484
2882
9775
5478
7232
4754
989
6652
9776
8514
406
9777
2271
1633
9778
4076
1634
9779
407
1635
3485
2272
9780
9188
2273
6653
4755
7233
6654
1636
5479
6655
5480
7893
4077
2274
6030
4756
3486
6656
990
9189
6657
7234
4757
8515
1637
4078
7894
408
6658
409
4758
991
9781
8516
9782
9190
410
1638
8517
4079
1639
4759
9783
6031
6659
9784
411
3487
2883
9785
2275
9786
412
4760
2884
5481
6660
8518
9191
7235
6032
9192
8519
6033
7236
9787
4761
9193
6661
1640
992
5482
4762
8520
4080
4763
9788
3488
993
7895
5483
2276
1641
7896
413
4764
9789
8521
7237
6034
1642
2885
7897
6662
3489
6035
414
9194
5484
415
9195
3490
4081
3491
2886
1643
4765
8522
994
3492
6663
416
7898
6664
2887
6665
1644
9196
6666
417
995
7899
418
3493
6036
2888
8523
5485
4766
9790
6667
7238
2277
7900
8524
9791
9197
4767
8525
996
6668
6037
7239
8526
4082
419
2278
7240
4768
2889
9198
8527
5486
7241
7901
2279
7242
6038
9792
8528
9199
4083
420
9200
7243
2890
9793
9201
3494
4084
421
8529
4769
9202
422
1645
9203
5487
997
423
2280
9794
9204
4770
7902
4085
2891
1646
7244
6039
6669
9795
7245
3495
9796
4771
7246
2281
3496
998
4772
9205
8530
4773
424
6040
6670
2282
8531
3497
5488
2892
8532
9206
7903
4086
7904
9797
6041
8533
9207
5489
6671
3498
7905
425
999
426
2283
4774
7247
427
7906
5490
6042
2893
5491
4775
428
4087
7248
429
6672
7907
8534
430
2894
6673
6043
9798
5492
7249
4088
431
7908
2284
4776
6674
2895
9799
6675
9208
9800
5493
6676
9801
8535
4089
7909
432
4777
9209
9802
3499
7910
2285
1647
6044
4778
8536
7250
1648
8537
9803
4090
6677
8538
433
1000
9210
2896
2286
9804
8539
3500
5494
1649
4091
6045
3501
4779
4780
5495
7911
5496
2287
6678
434
2897
5497
6679
8540
3502
6046
5498
6680
6047
6681
9211
2898
6682
4781
2899
2288
8541
2900
9805
7912
2901
9212
4092
8542
6683
1650
9213
7251
2902
3503
8543
4782
1651
1001
435
2289
6684
7252
6685
4783
436
1652
7253
6686
4093
9806
7913
9214
1653
3504
4784
3505
2903
1654
6048
7914
7254
2290
1002
9215
3506
1655
9216
8544
6687
4094
7915
437
8545
6049
9217
438
4095
9218
439
5499
4785
1656
2291
4786
7255
8546
4787
3507
4096
8547
6050
9807
6688
9808
8548
7916
5500
8549
1657
9219
5501
5502
2904
6051
5503
440
9809
2292
6052
9220
7256
441
4097
2905
9221
3508
9222
1003
3509
9223
6689
9224
7257
5504
1004
6690
6691
7258
2906
6692
1658
8550
1005
7259
4788
4789
1659
5505
1660
5506
1661
1006
6693
8551
5507
4098
9225
4099
7917
5508
7918
1007
9226
442
9810
2293
2907
4100
2294
5509
4790
2908
1008
1009
2909
7260
1010
7261
2910
8552
2295
8553
2296
8554
5510
2297
5511
6053
7262
8555
9811
5512
4791
9227
6054
8556
1662
1011
4101
1663
7919
443
6694
6055
7920
2298
3510
4102
9812
3511
7263
9813
9814
7921
7922
444
4792
7923
2911
6695
7924
2912
1012
2299
9815
1664
8557
1665
445
3512
6696
1013
5513
5514
9816
8558
5515
2300
1666
9817
5516
7925
7264
5517
6697
7926
5518
8559
1014
1667
6056
8560
9818
446
4793
4103
4794
1668
7265
1669
8561
9228
1670
3513
9229
4104
9819
5519
9230
2301
1015
6057
5520
7927
2913
3514
8562
6698
4795
3515
6058
4105
7928
5521
1671
7266
9231
3516
1672
447
7267
4106
6699
7929
448
6700
1016
9820
6059
9232
1673
2302
1674
6701
4796
7268
4797
3517
7269
5522
5523
5524
1675
9821
1017
5525
2914
5526
9822
5527
3518
7270
449
9233
2303
6702
5528
9234
5529
4107
5530
6060
5531
6061
2915
7930
4108
1018
9235
6062
3519
6703
2304
7271
1676
9823
4798
7931
1677
7932
1678
7272
450
2916
9824
451
1679
3520
6063
7933
6064
6704
3521
2917
8563
7273
4799
2918
452
5532
9236
2919
1019
453
8564
1680
2305
4109
2306
1681
6065
9237
8565
1020
4800
4801
9238
6705
3522
2307
9239
9825
6706
5533
6707
4110
6708
7274
4111
1021
454
1682
1022
6066
1683
6709
1684
7275
1685
7276
7934
4802
455
3523
6067
9240
4112
2920
9826
4113
2921
2922
8566
456
8567
3524
6710
1686
457
6711
458
459
9827
9828
2923
9829
9241
5534
7277
3525
1687
2308
1023
1024
3526
9830
4803
7935
7936
1025
4804
7937
7278
6712
7279
3527
4805
460
4114
2924
8568
2309
7938
9242
6713
7939
2310
7940
5535
2311
3528
2312
7941
1026
6068
4806
6069
5536
9831
4115
8569
7280
1688
7281
4116
9243
6070
4807
3529
2925
9832
7942
2313
7943
9244
1027
7944
4808
461
7945
6071
8570
1689
6714
1690
1028
3530
7946
1029
9833
462
1030
1031
6072
4117
2314
1691
2926
7282
9834
7283
4809
1032
6715
8571
4810
6716
9245
2315
9835
5537
4118
463
6073
464
4811
4119
4812
7284
7947
9246
7948
9836
9247
4813
1033
6717
1692
465
1034
8572
6718
7949
9248
2927
7950
6074
9837
9838
6719
4120
8573
6720
2928
4814
9249
1035
9839
2929
2930
2316
6721
9840
2317
6075
6722
9250
466
4121
4815
8574
9251
5538
6723
2318
9841
2319
3531
6076
2931
7285
9252
6077
2932
6724
9253
7951
1036
4122
6078
9254
7286
5539
9255
2933
3532
4123
6725
7952
467
4124
4816
7287
3533
2320
8575
3534
9256
7953
1693
2934
5540
7288
8576
3535
4817
2935
4818
9842
1037
8577
6079
4125
1694
2321
7289
3536
4819
9843
468
6080
8578
9257
1695
1038
1696
2936
4820
2937
1697
4126
2938
8579
2939
6726
9258
6081
4821
6727
6082
2322
7954
7290
7291
5541
4822
5542
6083
4823
469
4127
2940
2323
1039
7955
2324
1040
6728
2325
1041
470
7956
7957
2326
7292
8580
2327
9844
5543
1698
6729
1699
8581
6730
1700
4824
2941
1042
8582
6731
4825
8583
3537
9259
7293
9845
9260
6732
4826
4827
7294
2328
5544
6084
6085
5545
7295
2942
471
2943
6733
7958
3538
6734
2944
6086
4828
1701
2945
7296
4829
6087
7297
5546
2946
4128
2947
3539
9846
8584
1043
6735
9261
6088
2329
5547
2330
5548
4129
7959
7298
5549
1044
2948
4830
472
8585
3540
2949
6736
7960
4831
9847
7299
2950
7961
2331
2951
7962
7300
2952
6737
2332
473
9848
4130
1702
9849
8586
3541
2953
3542
5550
6738
474
4832
7963
2333
1703
5551
7301
4131
9262
4132
9850
8587
1704
1045
8588
1705
4133
2954
7964
6089
1706
2334
3543
8589
1707
4833
7965
9263
1708
5552
6739
475
3544
6740
5553
1046
7966
3545
1709
4834
9264
2335
4134
476
6741
2955
7302
7967
9851
5554
8590
4835
2336
5555
8591
9265
2337
7303
7968
4135
7969
3546
4836
7970
9852
6090
7971
7972
6742
6091
7973
1710
6092
4136
7304
5556
9853
8592
9266
2956
1711
3547
477
4837
7305
6743
2957
1047
7974
5557
2958
2338
9854
9267
4838
2959
3548
7975
1712
8593
4839
6093
2960
5558
9855
6744
2339
6745
2340
6746
2341
6747
6094
3549
9856
3550
1713
5559
6748
7976
8594
2342
6095
7306
7977
4840
2343
9857
2961
2344
4137
2962
478
9858
6749
2963
3551
5560
4841
2964
6750
5561
2965
7978
7979
4138
479
7980
9268
480
4139
9269
5562
1048
4140
9270
1714
9271
2966
6096
5563
9272
8595
2967
6751
7307
2968
3552
2345
481
9859
2346
1715
6752
4842
2969
2347
7981
7308
9273
9860
3553
1049
6097
9861
6098
1716
482
6753
9274
5564
8596
9275
6099
4843
9862
2348
9863
7309
7982
3554
7983
8597
9864
2349
5565
9865
6100
9276
2970
6101
1717
3555
2971
1718
7310
8598
483
1719
3556
7311
3557
1720
8599
9277
5566
2972
4844
7984
7312
4141
6102
9866
2973
4142
2350
5567
2351
2974
4845
8600
484
4143
4144
6754
5568
6103
4846
3558
5569
7985
2975
4847
485
486
4848
9867
1050
8601
9278
4849
4145
2976
4850
9868
6755
487
2352
9869
2353
4851
1721
6104
7313
4852
5570
488
2354
9870
7986
1051
6105
9871
1052
6106
6756
9279
6107
7314
1053
6108
8602
9872
6109
2355
1722
2356
6110
7315
4853
3559
2977
3560
1054
4146
7987
6757
6758
6111
7988
6759
4854
6760
2978
3561
6761
9280
2357
7316
489
1055
490
7317
1056
491
1057
2358
4147
1723
2359
2360
9873
2361
9874
2979
3562
3563
3564
5571
8603
7989
3565
8604
3566
6112
2362
7990
3567
2363
1058
7991
492
5572
9875
6762
4148
1059
2364
3568
4855
1724
8605
493
6113
8606
5573
1060
2980
8607
7318
9876
1725
2365
3569
7992
3570
7319
4856
1726
3571
9877
6114
1061
6115
7993
4149
8608
6116
494
3572
4150
3573
6117
9281
6763
2366
7320
8609
1062
9878
7994
4857
6118
8610
1727
5574
6764
8611
9282
3574
1063
9283
7321
1728
495
2367
2368
4858
7995
1064
8612
5575
8613
6765
5576
8614
5577
496
497
5578
7322
7996
1729
1730
6119
2981
9879
2369
4859
4860
9284
4861
6766
4862
6767
1731
3575
498
1065
1066
5579
2982
1067
1068
7323
2983
4863
6768
6120
1069
1732
4864
499
1733
4865
7324
1070
1071
7997
4866
7325
7998
6769
7326
7999
8615
2370
4867
4151
9285
3576
3577
9286
7327
3578
5580
8000
2984
3579
4868
2371
9287
1072
2372
500
5581
8616
501
7328
502
3580
4152
503
3581
504
3582
9880
2985
9881
7329
2986
1734
2987
7330
4153
9288
6121
6122
5582
4154
9882
8617
2373
505
4155
3583
1735
5583
2988
6770
1073
9289
2374
3584
8618
6123
1736
9290
9883
7331
1737
506
4869
8619
2375
8001
507
1738
1074
508
9291
7332
2376
509
5584
6124
8620
9292
3585
6771
9884
4156
8002
2377
8003
510
9885
2989
8004
9886
4870
1075
9887
4157
4871
9888
6125
6126
9293
4158
6772
7333
6773
8621
4872
7334
6774
8005
6127
4873
9294
4159
8006
2378
7335
2379
2380
5585
2381
4874
5586
5587
8622
4875
1739
8007
4160
2990
511
1076
2382
5588
4161
9889
8008
8623
6775
9890
7336
3586
9295
1077
8009
3587
1740
9891
4162
3588
512
9296
2991
9892
8010
4876
6128
3589
7337
6776
9893
2383
2384
7338
6777
5589
2385
5590
6778
1078
9894
4877
9297
2992
2386
6129
8624
9895
2387
513
7339
3590
9298
5591
1741
4878
9896
2388
6779
2993
2994
5592
7340
8625
2995
7341
9299
1079
514
6130
1080
8626
8627
5593
8011
7342
8628
5594
2996
8629
7343
1081
2389
4879
6780
1742
2390
1743
8630
6131
8631
515
4163
9300
8632
6132
1082
6781
5595
8012
1083
9897
7344
8013
9301
9898
9302
7345
516
4164
2391
2392
8633
8014
2997
2393
2394
9303
2998
1744
8015
2999
5596
6782
9899
3591
5597
6133
7346
1084
2395
4880
5598
4165
5599
6783
8634
6134
1085
8016
7347
1745
5600
3592
8635
517
9304
5601
1746
4881
7348
8636
5602
9900
4166
3000
8017
3001
4882
518
3002
5603
3003
9901
1086
2396
9305
7349
1087
1088
519
4167
520
9902
1747
2397
9903
5604
6135
9904
6136
4883
2398
1748
8637
1089
6137
521
8018
3004
6138
522
9306
6784
1749
523
6139
5605
4884
8019
2399
5606
3593
524
9307
7350
5607
3005
8020
9905
4885
4168
8021
1090
5608
8638
8022
9308
3594
8023
6140
1091
2400
6785
9906
1750
5609
6786
1751
5610
2401
1752
9907
8639
1092
6787
3595
7351
5611
1093
3006
9309
1753
1094
4169
9908
8024
525
1095
2402
1096
1754
5612
9310
7352
9311
7353
8025
6788
1755
9312
6789
3596
9313
5613
6790
4886
1756
1757
3597
7354
8026
6141
4170
9909
9314
6791
1097
9315
7355
5614
8640
2403
3007
3598
7356
9316
8027
4171
1758
2404
5615
3008
1759
5616
1098
6792
2405
1760
7357
2406
1761
526
4887
8641
9910
2407
5617
9911
9317
4888
2408
9318
9912
6142
4889
1762
3009
8028
7358
9319
7359
4890
3010
527
3599
2409
2410
9913
3600
9914
6793
1099
3011
3601
6794
5618
4891
6795
6143
3602
528
4892
5619
7360
8642
7361
529
6144
7362
3012
5620
8029
8643
9915
3013
6145
8644
5621
7363
2411
5622
3603
9320
8645
5623
6146
1763
1100
4172
530
1764
7364
1765
6147
4893
4173
3604
1766
5624
2412
9916
8646
6148
4894
6796
1101
9917
7365
1102
8647
6149
2413
8030
9918
2414
6797
1103
3014
1767
4174
5625
3605
4895
2415
4896
531
4897
8648
3015
4175
6798
3606
3016
9321
9919
2416
6150
1104
1768
2417
1105
4176
1106
8031
4177
8649
4898
2418
4899
1769
6151
4900
3017
1107
3018
4178
7366
3019
1108
3020
1109
1770
8032
1771
8650
4179
4901
4180
9920
6152
9322
1110
2419
1772
8033
8034
2420
8035
4181
3607
9921
6799
9323
6800
9324
8651
7367
7368
8036
6153
4182
1111
6154
4902
9325
3608
3021
3609
1773
1112
2421
4183
9326
6155
9922
6801
8652
1113
8037
8653
7369
2422
4184
3022
2423
6802
6156
7370
2424
1114
1774
7371
2425
4903
9327
4185
6157
4904
6158
8654
1775
7372
3023
9923
2426
1115
4905
8038
3024
3025
8039
3610
9328
9924
6803
4186
532
533
9925
4906
1116
9926
8655
2427
9329
6159
6160
3026
4907
6161
4908
2428
1776
6162
4909
534
6163
4910
4911
3027
6164
8656
9330
8040
9331
1117
4187
6804
9332
9333
2429
7373
8657
3611
4912
6165
4188
6805
9334
6166
9335
6167
535
536
6168
537
4913
8041
538
8042
8658
8659
8043
6169
8660
8661
1777
8662
6170
8663
9927
9336
6171
539
1118
3028
6172
8044
6173
6806
4189
4914
8664
6174
3612
7374
8665
6807
2430
8045
4190
6175
3029
9337
1778
4191
1779
9928
4915
6808
8666
1780
4192
2431
3030
4916
3613
1781
4193
8667
540
1119
8668
541
1782
3031
8669
3032
8670
6809
3033
4194
542
3034
8671
1783
8672
6176
8046
4917
1784
7375
6810
543
1120
7376
544
6177
3614
545
3615
4195
3035
2432
1785
4918
9929
8673
4919
3036
1121
6811
6178
8047
4920
4921
9338
1122
4196
2433
9930
4197
2434
4198
546
2435
6812
7377
6813
9931
6179
547
3616
1786
548
1787
6814
8048
549
2436
3037
9339
6180
8049
3617
8674
8050
7378
1123
2437
1788
3618
1124
8051
3619
4199
9932
7379
9340
550
1789
3620
6815
6181
7380
8675
6182
8052
8676
7381
8677
3038
6816
4200
6183
1790
4922
1125
2438
7382
1791
7383
9933
8053
551
1792
1793
8054
4201
4923
3621
7384
2439
9341
8678
8055
9342
8056
3039
9934
2440
6817
552
8057
2441
1794
9935
3622
4202
4924
9936
553
8679
3623
2442
1795
2443
8680
6184
2444
3040
8681
9937
9343
2445
4925
9344
4203
2446
8058
9345
554
6818
3624
4926
8682
1126
7385
555
9346
3625
8059
1796
9347
6185
2447
1127
9348
9938
8060
556
7386
4204
8061
4927
6186
4928
6819
6187
1128
3626
3041
8062
9939
1129
8063
2448
1797
8683
6188
1798
4929
9940
1799
557
3042
7387
8064
4205
8065
6189
1130
1131
2449
1800
558
559
4930
8066
3627
1801
6820
9349
3043
8684
3044
560
4931
4932
561
2450
6821
1132
6190
8067
9350
2451
8068
8685
1802
4206
3628
3045
6191
562
3046
563
9941
8069
564
9942
565
6822
9943
6192
1133
3047
2452
9351
8686
8070
6823
9944
566
7388
567
2453
3048
4933
568
1803
2454
4934
3629
3049
1134
4935
8071
9945
8072
4936
6193
6824
3050
1804
6194
3051
4207
9946
6825
569
9352
3630
6826
8687
8073
8074
9947
6827
6195
3631
8688
570
8075
3632
4937
9353
1135
3052
8076
3633
4938
4208
2455
6828
6196
7389
9948
8689
3053
9949
9354
4209
9355
4210
9356
4211
8077
8078
571
8690
8079
1805
8691
4939
3054
7390
8692
2456
1136
3055
8080
7391
1137
6197
3056
4212
1806
8693
6829
3057
9357
6830
7392
4213
8081
9358
1138
8082
1139
8083
572
8084
9359
4940
4214
1807
573
3634
6198
3058
9360
9950
8085
4941
7393
8086
6831
8087
1140
7394
2457
6199
8694
9361
3635
8695
3059
3636
8088
3637
1141
6200
1808
9362
6832
574
4215
6201
1809
3638
6833
1142
4942
8696
3639
9951
1810
575
9952
6202
3060
3640
9953
3061
576
8089
3062
577
7395
3063
1811
9954
9363
1143
1812
7396
578
6834
3641
1813
9364
4943
8090
6203
4944
7397
3642
4216
9365
3643
9955
3644
7398
1144
2458
4945
9956
579
8697
2459
9366
3064
3645
1814
580
8091
2460
1145
8698
3646
1146
6204
3065
4217
9957
6835
3066
8699
3067
3647
1815
581
8092
9958
4946
3068
7399
9367
2461
1147
8093
1148
3648
6836
582
6205
9959
6837
583
3069
8094
1816
3649
6206
1149
9960
6207
7400
2462
9961
6838
9368
8700
7401
1150
4947
3650
8701
9962
1817
1818
6208
8095
2463
3651
4218
4948
9369
8096
1819
6839
8702
6840
8703
2464
3070
6841
9963
8097
7402
584
4949
8704
2465
7403
9964
4950
3652
1820
8098
6842
9965
2466
4219
6843
7404
8705
3071
8099
9370
8100
585
6844
7405
586
2467
6209
9966
4951
1151
9967
1821
2468
3653
587
4220
6210
588
6211
8101
6212
8706
2469
589
2470
8102
6213
1152
7406
3654
3072
1153
4221
8103
4952
3073
8104
590
3074
4953
3075
1154
9371
9372
8707
7407
8105
9373
7408
1822
3655
9374
7409
3656
1823
9375
1824
6845
1825
6846
6214
4222
4954
9968
6215
8106
4223
4224
2471
7410
3076
8107
2472
591
2473
8708
1155
1826
592
593
7411
3657
6216
1827
3077
6847
1828
9969
7412
8108
4955
8709
1829
3658
1156
2474
7413
9970
3078
6848
4225
3079
594
7414
7415
3080
1157
7416
6217
8109
4226
2475
6218
6849
8110
7417
9971
3659
1158
4956
7418
1830
3081
595
6850
6219
7419
9972
8710
1831
8711
6851
1159
7420
6852
3660
6853
3082
3661
8111
8712
1832
1833
7421
4957
1160
596
3083
4958
4959
4227
8112
3084
1161
1834
3085
2476
8713
4960
8113
6220
4228
3086
8114
597
3662
6221
9973
2477
8714
6854
3087
8715
1162
4229
7422
8716
4961
1835
6222
2478
8115
1836
8717
8116
7423
3088
6855
3663
2479
9974
2480
1837
6856
9975
6857
4230
7424
6858
2481
8117
3089
1163
8718
8118
9976
598
4231
8719
4232
9977
1838
2482
3664
3090
6859
6223
599
1164
6860
4962
4233
6861
1165
1839
6862
9978
8720
2483
1166
6224
7425
1167
8119
9979
4963
3665
7426
9980
2484
6225
1840
2485
9981
2486
600
3666
4964
1168
8721
6863
7427
8120
2487
4965
9982
2488
7428
3091
3667
4966
6864
601
4967
8722
9983
4968
1841
8723
2489
9984
4969
4234
1169
8121
7429
8724
602
3092
9985
3668
3093
9986
3669
3094
4970
8725
3670
2490
6226
1842
3095
6865
8122
1843
7430
8123
3671
1844
4235
603
9987
1845
3096
1170
1846
4971
2491
6866
4236
8726
6227
4237
3672
4238
9988
8727
4239
604
3097
8124
8728
4972
1171
4240
8125
8729
4241
8730
1847
9989
1848
6228
3098
7431
9990
1172
6867
1849
605
9991
4973
6868
6229
7432
6230
8731
3673
1850
9992
4974
4242
4975
4243
6869
4244
1173
1851
9993
6231
1852
6232
2492
1853
6870
4245
1174
606
1175
1176
4976
4977
2493
8732
7433
2494
3674
3675
3676
3099
4978
6233
8733
3100
4246
607
6871
3101
1177
9994
3677
4247
9995
2495
4248
4979
1178
6234
3102
8734
3678
6235
7434
3679
2496
6236
1854
7435
1855
1179
4980
608
4981
1180
2497
4982
6237
609
4983
1856
7436
610
6872
1857
611
3680
6238
612
2498
7437
613
3103
2499
9996
4249
6873
4984
1181
1858
9997
8735
9998
3104
7438
9999
7439
4250
3105
2500
4985
614
3681
3106
10000
6239
3107
7440
6874
6875
3682
7441
4986
8736
3683
4251
7442
1182
7443
7444
1183
6240
4987
1859
7445
4252
4253
8737
615
3684
4988
4254
8738
7446
1860
6241
6242
616
3685
617
1861
1184
618
1862
7447
619
4989
8739
7448
8740
7449
8741
4255
620
1863
4990
4256
3108
1185
3109
4257
6243
621
3110
3686
6244
622
3111
1186
7450
4991
1864
623
3687
6245
624
3688
4992
3689
625
4258
3112
8742
1187
6246
7451
1865
3690
1866
7452
8743
3113
4259
7453
6247
8744
8745
1867
7454
1868
7455
3691
4260
1188
3692
6248
4993
7456
4994
7457
6249
3114
8746
7458
7459
8747
4995
7460
4261
6250
1869
8748
4262
4996
8749
1189
1870
8750
4263
3693
4264
4997
4265
1190
4998
4266
7461
3115
1871
3694
4267
1872
4999
1191
1192
1193
4268
5000
1873
1874
3695
3116
4269
1875
3696
4270
4271
3697
4272
7462
1194
4273
4274
4275
4276
3698
4277
3117
4278
3118
3119
3120
3121
3122
3123
3124
3125
1195
1196
7463
1197
1198
4279
4280
4281
7464
4282
3699
1199
7465
1200
1201
4283
1202
1203
1204
3700
3701
3702
7466
1205
3703
4284
7467
7468
7469
4285
7470
4286
3704
4287
3705
4288
1206
4289
7471
4290
7472
7473
7474
4291
7475
7476
3706
7477
7478
1207
3707
7479
7480
4292
1208
3708
1209
7481
4293
1210
4294
4295
1211
7482
3709
4296
4297
4298
4299
7483
4300
4301
7484
3710
7485
7486
7487
7488
7489
7490
7491
7492
7493
7494
7495
7496
7497
7498
7499
7500
4302
4303
3711
1212
4304
1213
3712
4305
1214
1215
4306
3713
1216
4307
1217
3714
1218
3715
3716
3717
3718
3719
3720
3721
3722
3723
3724
3725
3726
3727
3728
3729
3730
3731
3732
3733
3734
3735
3736
3737
3738
3739
3740
3741
3742
3743
3744
3745
3746
3747
3748
3749
3750
1219
1220
4308
4309
4310
4311
1221
1222
1223
1224
4312
4313
4314
4315
1225
1226
1227
1228
4316
4317
4318
4319
4320
4321
4322
4323
4324
4325
4326
4327
4328
4329
4330
4331
1229
4332
1230
1231
1232
1233
1234
1235
1236
1237
4333
1238
4334
4335
4336
4337
4338
4339
4340
4341
4342
4343
4344
4345
4346
4347
4348
4349
4350
4351
4352
1239
4353
1240
1241
1242
1243
1244
4354
4355
4356
4357
1245
4358
1246
1247
1248
4359
4360
4361
4362
4363
4364
1249
4365
1250
4366
4367
4368
4369
4370
4371
4372
4373
4374
4375At timestep     0 the maxmimum change in the solution is 4.8351390e-08 
At timestep    10 the maxmimum change in the solution is 4.8351366e-08 
At timestep    20 the maxmimum change in the solution is 4.8351343e-08 
At timestep    30 the maxmimum change in the solution is 4.8351320e-08 
At timestep    40 the maxmimum change in the solution is 4.8351296e-08 
At timestep    50 the maxmimum change in the solution is 4.8351273e-08 
At timestep    60 the maxmimum change in the solution is 4.8351250e-08 
At timestep    70 the maxmimum change in the solution is 4.8351226e-08 
At timestep    80 the maxmimum change in the solution is 4.8351203e-08 
At timestep    90 the maxmimum change in the solution is 4.8351179e-08 
At timestep   100 the maxmimum change in the solution is 4.8351156e-08 
At timestep   110 the maxmimum change in the solution is 4.8351133e-08 
At timestep   120 the maxmimum change in the solution is 4.8351109e-08 
At timestep   130 the maxmimum change in the solution is 4.8351086e-08 
At timestep   140 the maxmimum change in the solution is 4.8351063e-08 
At timestep   150 the maxmimum change in the solution is 4.8351039e-08 
At timestep   160 the maxmimum change in the solution is 4.8351016e-08 
At timestep   170 the maxmimum change in the solution is 4.8350992e-08 
At timestep   180 the maxmimum change in the solution is 4.8350969e-08 
At timestep   190 the maxmimum change in the solution is 4.8350946e-08 
At timestep   200 the maxmimum change in the solution is 4.8350922e-08 
At timestep   210 the maxmimum change in the solution is 4.8350899e-08 
At timestep   220 the maxmimum change in the solution is 4.8350876e-08 
At timestep   230 the maxmimum change in the solution is 4.8350852e-08 
At timestep   240 the maxmimum change in the solution is 4.8350829e-08 
At timestep   250 the maxmimum change in the solution is 4.8350805e-08 
At timestep   260 the maxmimum change in the solution is 4.8350782e-08 
At timestep   270 the maxmimum change in the solution is 4.8350759e-08 
At timestep   280 the maxmimum change in the solution is 4.8350735e-08 
At timestep   290 the maxmimum change in the solution is 4.8350712e-08 
At timestep   300 the maxmimum change in the solution is 4.8350688e-08 
At timestep   310 the maxmimum change in the solution is 4.8350665e-08 
At timestep   320 the maxmimum change in the solution is 4.8350642e-08 
At timestep   330 the maxmimum change in the solution is 4.8350618e-08 
At timestep   340 the maxmimum change in the solution is 4.8350595e-08 
At timestep   350 the maxmimum change in the solution is 4.8350572e-08 
At timestep   360 the maxmimum change in the solution is 4.8350548e-08 
At timestep   370 the maxmimum change in the solution is 4.8350525e-08 
At timestep   380 the maxmimum change in the solution is 4.8350501e-08 
At timestep   390 the maxmimum change in the solution is 4.8350478e-08 
At timestep   400 the maxmimum change in the solution is 4.8350455e-08 
At timestep   410 the maxmimum change in the solution is 4.8350431e-08 
At timestep   420 the maxmimum change in the solution is 4.8350408e-08 
At timestep   430 the maxmimum change in the solution is 4.8350385e-08 
At timestep   440 the maxmimum change in the solution is 4.8350361e-08 
At timestep   450 the maxmimum change in the solution is 4.8350338e-08 
At timestep   460 the maxmimum change in the solution is 4.8350314e-08 
At timestep   470 the maxmimum change in the solution is 4.8350291e-08 
At timestep   480 the maxmimum change in the solution is 4.8350268e-08 
At timestep   490 the maxmimum change in the solution is 4.8350244e-08 
At timestep   500 the maxmimum change in the solution is 4.8350221e-08 
At timestep   510 the maxmimum change in the solution is 4.8350198e-08 
At timestep   520 the maxmimum change in the solution is 4.8350174e-08 
At timestep   530 the maxmimum change in the solution is 4.8350151e-08 
At timestep   540 the maxmimum change in the solution is 4.8350127e-08 
At timestep   550 the maxmimum change in the solution is 4.8350104e-08 
At timestep   560 the maxmimum change in the solution is 4.8350081e-08 
At timestep   570 the maxmimum change in the solution is 4.8350057e-08 
At timestep   580 the maxmimum change in the solution is 4.8350034e-08 
At timestep   590 the maxmimum change in the solution is 4.8350011e-08 
At timestep   600 the maxmimum change in the solution is 4.8349987e-08 
At timestep   610 the maxmimum change in the solution is 4.8349964e-08 
At timestep   620 the maxmimum change in the solution is 4.8349940e-08 
At timestep   630 the maxmimum change in the solution is 4.8349917e-08 
At timestep   640 the maxmimum change in the solution is 4.8349894e-08 
At timestep   650 the maxmimum change in the solution is 4.8349870e-08 
At timestep   660 the maxmimum change in the solution is 4.8349847e-08 
At timestep   670 the maxmimum change in the solution is 4.8349823e-08 
At timestep   680 the maxmimum change in the solution is 4.8349800e-08 
At timestep   690 the maxmimum change in the solution is 4.8349777e-08 
At timestep   700 the maxmimum change in the solution is 4.8349753e-08 
At timestep   710 the maxmimum change in the solution is 4.8349730e-08 
At timestep   720 the maxmimum change in the solution is 4.8349707e-08 
At timestep   730 the maxmimum change in the solution is 4.8349683e-08 
At timestep   740 the maxmimum change in the solution is 4.8349660e-08 
At timestep   750 the maxmimum change in the solution is 4.8349637e-08 
At timestep   760 the maxmimum change in the solution is 4.8349613e-08 
At timestep   770 the maxmimum change in the solution is 4.8349590e-08 
At timestep   780 the maxmimum change in the solution is 4.8349566e-08 
At timestep   790 the maxmimum change in the solution is 4.8349543e-08 
At timestep   800 the maxmimum change in the solution is 4.8349519e-08 
At timestep   810 the maxmimum change in the solution is 4.8349496e-08 
At timestep   820 the maxmimum change in the solution is 4.8349473e-08 
At timestep   830 the maxmimum change in the solution is 4.8349449e-08 
At timestep   840 the maxmimum change in the solution is 4.8349426e-08 
At timestep   850 the maxmimum change in the solution is 4.8349403e-08 
At timestep   860 the maxmimum change in the solution is 4.8349379e-08 
At timestep   870 the maxmimum change in the solution is 4.8349356e-08 
At timestep   880 the maxmimum change in the solution is 4.8349333e-08 
At timestep   890 the maxmimum change in the solution is 4.8349309e-08 
At timestep   900 the maxmimum change in the solution is 4.8349286e-08 
At timestep   910 the maxmimum change in the solution is 4.8349262e-08 
At timestep   920 the maxmimum change in the solution is 4.8349239e-08 
At timestep   930 the maxmimum change in the solution is 4.8349216e-08 
At timestep   940 the maxmimum change in the solution is 4.8349192e-08 
At timestep   950 the maxmimum change in the solution is 4.8349169e-08 
At timestep   960 the maxmimum change in the solution is 4.8349146e-08 
At timestep   970 the maxmimum change in the solution is 4.8349122e-08 
At timestep   980 the maxmimum change in the solution is 4.8349099e-08 
At timestep   990 the maxmimum change in the solution is 4.8349075e-08 
At timestep  1000 the maxmimum change in the solution is 4.8349052e-08 
At timestep  1010 the maxmimum change in the solution is 4.8349029e-08 
At timestep  1020 the maxmimum change in the solution is 4.8349005e-08 
At timestep  1030 the maxmimum change in the solution is 4.8348982e-08 
At timestep  1040 the maxmimum change in the solution is 4.8348959e-08 
At timestep  1050 the maxmimum change in the solution is 4.8348935e-08 
At timestep  1060 the maxmimum change in the solution is 4.8348912e-08 
At timestep  1070 the maxmimum change in the solution is 4.8348888e-08 
At timestep  1080 the maxmimum change in the solution is 4.8348865e-08 
At timestep  1090 the maxmimum change in the solution is 4.8348842e-08 
At timestep  1100 the maxmimum change in the solution is 4.8348818e-08 
At timestep  1110 the maxmimum change in the solution is 4.8348795e-08 
At timestep  1120 the maxmimum change in the solution is 4.8348771e-08 
At timestep  1130 the maxmimum change in the solution is 4.8348748e-08 
At timestep  1140 the maxmimum change in the solution is 4.8348725e-08 
At timestep  1150 the maxmimum change in the solution is 4.8348701e-08 
At timestep  1160 the maxmimum change in the solution is 4.8348678e-08 
At timestep  1170 the maxmimum change in the solution is 4.8348655e-08 
At timestep  1180 the maxmimum change in the solution is 4.8348631e-08 
At timestep  1190 the maxmimum change in the solution is 4.8348608e-08 
At timestep  1200 the maxmimum change in the solution is 4.8348584e-08 
At timestep  1210 the maxmimum change in the solution is 4.8348561e-08 
At timestep  1220 the maxmimum change in the solution is 4.8348538e-08 
At timestep  1230 the maxmimum change in the solution is 4.8348514e-08 
At timestep  1240 the maxmimum change in the solution is 4.8348491e-08 
At timestep  1250 the maxmimum change in the solution is 4.8348468e-08 
At timestep  1260 the maxmimum change in the solution is 4.8348444e-08 
At timestep  1270 the maxmimum change in the solution is 4.8348421e-08 
At timestep  1280 the maxmimum change in the solution is 4.8348397e-08 
At timestep  1290 the maxmimum change in the solution is 4.8348374e-08 
At timestep  1300 the maxmimum change in the solution is 4.8348351e-08 
At timestep  1310 the maxmimum change in the solution is 4.8348327e-08 
At timestep  1320 the maxmimum change in the solution is 4.8348304e-08 
At timestep  1330 the maxmimum change in the solution is 4.8348281e-08 
At timestep  1340 the maxmimum change in the solution is 4.8348257e-08 
At timestep  1350 the maxmimum change in the solution is 4.8348234e-08 
At timestep  1360 the maxmimum change in the solution is 4.8348210e-08 
At timestep  1370 the maxmimum change in the solution is 4.8348187e-08 
At timestep  1380 the maxmimum change in the solution is 4.8348164e-08 
At timestep  1390 the maxmimum change in the solution is 4.8348140e-08 
At timestep  1400 the maxmimum change in the solution is 4.8348117e-08 
At timestep  1410 the maxmimum change in the solution is 4.8348094e-08 
At timestep  1420 the maxmimum change in the solution is 4.8348070e-08 
At timestep  1430 the maxmimum change in the solution is 4.8348047e-08 
At timestep  1440 the maxmimum change in the solution is 4.8348023e-08 
At timestep  1450 the maxmimum change in the solution is 4.8348000e-08 
At timestep  1460 the maxmimum change in the solution is 4.8347977e-08 
At timestep  1470 the maxmimum change in the solution is 4.8347953e-08 
At timestep  1480 the maxmimum change in the solution is 4.8347930e-08 
At timestep  1490 the maxmimum change in the solution is 4.8347907e-08 
At timestep  1500 the maxmimum change in the solution is 4.8347883e-08 
At timestep  1510 the maxmimum change in the solution is 4.8347860e-08 
At timestep  1520 the maxmimum change in the solution is 4.8347836e-08 
At timestep  1530 the maxmimum change in the solution is 4.8347813e-08 
At timestep  1540 the maxmimum change in the solution is 4.8347790e-08 
At timestep  1550 the maxmimum change in the solution is 4.8347766e-08 
At timestep  1560 the maxmimum change in the solution is 4.8347743e-08 
At timestep  1570 the maxmimum change in the solution is 4.8347719e-08 
At timestep  1580 the maxmimum change in the solution is 4.8347696e-08 
At timestep  1590 the maxmimum change in the solution is 4.8347673e-08 
At timestep  1600 the maxmimum change in the solution is 4.8347649e-08 
At timestep  1610 the maxmimum change in the solution is 4.8347626e-08 
At timestep  1620 the maxmimum change in the solution is 4.8347603e-08 
At timestep  1630 the maxmimum change in the solution is 4.8347579e-08 
At timestep  1640 the maxmimum change in the solution is 4.8347556e-08 
At timestep  1650 the maxmimum change in the solution is 4.8347533e-08 
At timestep  1660 the maxmimum change in the solution is 4.8347509e-08 
At timestep  1670 the maxmimum change in the solution is 4.8347486e-08 
At timestep  1680 the maxmimum change in the solution is 4.8347462e-08 
At timestep  1690 the maxmimum change in the solution is 4.8347439e-08 
At timestep  1700 the maxmimum change in the solution is 4.8347416e-08 
At timestep  1710 the maxmimum change in the solution is 4.8347392e-08 
At timestep  1720 the maxmimum change in the solution is 4.8347369e-08 
At timestep  1730 the maxmimum change in the solution is 4.8347345e-08 
At timestep  1740 the maxmimum change in the solution is 4.8347322e-08 
At timestep  1750 the maxmimum change in the solution is 4.8347299e-08 
At timestep  1760 the maxmimum change in the solution is 4.8347275e-08 
At timestep  1770 the maxmimum change in the solution is 4.8347252e-08 
At timestep  1780 the maxmimum change in the solution is 4.8347229e-08 
At timestep  1790 the maxmimum change in the solution is 4.8347205e-08 
At timestep  1800 the maxmimum change in the solution is 4.8347182e-08 
At timestep  1810 the maxmimum change in the solution is 4.8347158e-08 
At timestep  1820 the maxmimum change in the solution is 4.8347135e-08 
At timestep  1830 the maxmimum change in the solution is 4.8347112e-08 
At timestep  1840 the maxmimum change in the solution is 4.8347088e-08 
At timestep  1850 the maxmimum change in the solution is 4.8347065e-08 
At timestep  1860 the maxmimum change in the solution is 4.8347042e-08 
At timestep  1870 the maxmimum change in the solution is 4.8347018e-08 
At timestep  1880 the maxmimum change in the solution is 4.8346995e-08 
At timestep  1890 the maxmimum change in the solution is 4.8346971e-08 
At timestep  1900 the maxmimum change in the solution is 4.8346948e-08 
At timestep  1910 the maxmimum change in the solution is 4.8346925e-08 
At timestep  1920 the maxmimum change in the solution is 4.8346901e-08 
At timestep  1930 the maxmimum change in the solution is 4.8346878e-08 
At timestep  1940 the maxmimum change in the solution is 4.8346855e-08 
At timestep  1950 the maxmimum change in the solution is 4.8346831e-08 
At timestep  1960 the maxmimum change in the solution is 4.8346808e-08 
At timestep  1970 the maxmimum change in the solution is 4.8346784e-08 
At timestep  1980 the maxmimum change in the solution is 4.8346761e-08 
At timestep  1990 the maxmimum change in the solution is 4.8346738e-08 
At timestep  2000 the maxmimum change in the solution is 4.8346714e-08 
At timestep  2010 the maxmimum change in the solution is 4.8346691e-08 
At timestep  2020 the maxmimum change in the solution is 4.8346668e-08 
At timestep  2030 the maxmimum change in the solution is 4.8346644e-08 
At timestep  2040 the maxmimum change in the solution is 4.8346621e-08 
At timestep  2050 the maxmimum change in the solution is 4.8346597e-08 
At timestep  2060 the maxmimum change in the solution is 4.8346574e-08 
At timestep  2070 the maxmimum change in the solution is 4.8346551e-08 
At timestep  2080 the maxmimum change in the solution is 4.8346527e-08 
At timestep  2090 the maxmimum change in the solution is 4.8346504e-08 
At timestep  2100 the maxmimum change in the solution is 4.8346480e-08 
At timestep  2110 the maxmimum change in the solution is 4.8346457e-08 
At timestep  2120 the maxmimum change in the solution is 4.8346434e-08 
At timestep  2130 the maxmimum change in the solution is 4.8346410e-08 
At timestep  2140 the maxmimum change in the solution is 4.8346387e-08 
At timestep  2150 the maxmimum change in the solution is 4.8346364e-08 
At timestep  2160 the maxmimum change in the solution is 4.8346340e-08 
At timestep  2170 the maxmimum change in the solution is 4.8346317e-08 
At timestep  2180 the maxmimum change in the solution is 4.8346294e-08 
At timestep  2190 the maxmimum change in the solution is 4.8346270e-08 
At timestep  2200 the maxmimum change in the solution is 4.8346247e-08 
At timestep  2210 the maxmimum change in the solution is 4.8346223e-08 
At timestep  2220 the maxmimum change in the solution is 4.8346200e-08 
At timestep  2230 the maxmimum change in the solution is 4.8346177e-08 
At timestep  2240 the maxmimum change in the solution is 4.8346153e-08 
At timestep  2250 the maxmimum change in the solution is 4.8346130e-08 
At timestep  2260 the maxmimum change in the solution is 4.8346107e-08 
At timestep  2270 the maxmimum change in the solution is 4.8346083e-08 
At timestep  2280 the maxmimum change in the solution is 4.8346060e-08 
At timestep  2290 the maxmimum change in the solution is 4.8346037e-08 
At timestep  2300 the maxmimum change in the solution is 4.8346013e-08 
At timestep  2310 the maxmimum change in the solution is 4.8345990e-08 
At timestep  2320 the maxmimum change in the solution is 4.8345966e-08 
At timestep  2330 the maxmimum change in the solution is 4.8345943e-08 
At timestep  2340 the maxmimum change in the solution is 4.8345920e-08 
At timestep  2350 the maxmimum change in the solution is 4.8345896e-08 
At timestep  2360 the maxmimum change in the solution is 4.8345873e-08 
At timestep  2370 the maxmimum change in the solution is 4.8345849e-08 
At timestep  2380 the maxmimum change in the solution is 4.8345826e-08 
At timestep  2390 the maxmimum change in the solution is 4.8345803e-08 
At timestep  2400 the maxmimum change in the solution is 4.8345779e-08 
At timestep  2410 the maxmimum change in the solution is 4.8345756e-08 
At timestep  2420 the maxmimum change in the solution is 4.8345733e-08 
At timestep  2430 the maxmimum change in the solution is 4.8345709e-08 
At timestep  2440 the maxmimum change in the solution is 4.8345686e-08 
At timestep  2450 the maxmimum change in the solution is 4.8345662e-08 
At timestep  2460 the maxmimum change in the solution is 4.8345639e-08 
At timestep  2470 the maxmimum change in the solution is 4.8345616e-08 
At timestep  2480 the maxmimum change in the solution is 4.8345592e-08 
At timestep  2490 the maxmimum change in the solution is 4.8345569e-08 
At timestep  2500 the maxmimum change in the solution is 4.8345545e-08 
At timestep  2510 the maxmimum change in the solution is 4.8345522e-08 
At timestep  2520 the maxmimum change in the solution is 4.8345499e-08 
At timestep  2530 the maxmimum change in the solution is 4.8345475e-08 
At timestep  2540 the maxmimum change in the solution is 4.8345452e-08 
At timestep  2550 the maxmimum change in the solution is 4.8345429e-08 
At timestep  2560 the maxmimum change in the solution is 4.8345405e-08 
At timestep  2570 the maxmimum change in the solution is 4.8345382e-08 
At timestep  2580 the maxmimum change in the solution is 4.8345358e-08 
At timestep  2590 the maxmimum change in the solution is 4.8345335e-08 
At timestep  2600 the maxmimum change in the solution is 4.8345312e-08 
At timestep  2610 the maxmimum change in the solution is 4.8345288e-08 
At timestep  2620 the maxmimum change in the solution is 4.8345265e-08 
At timestep  2630 the maxmimum change in the solution is 4.8345242e-08 
At timestep  2640 the maxmimum change in the solution is 4.8345218e-08 
At timestep  2650 the maxmimum change in the solution is 4.8345195e-08 
At timestep  2660 the maxmimum change in the solution is 4.8345172e-08 
At timestep  2670 the maxmimum change in the solution is 4.8345148e-08 
At timestep  2680 the maxmimum change in the solution is 4.8345125e-08 
At timestep  2690 the maxmimum change in the solution is 4.8345101e-08 
At timestep  2700 the maxmimum change in the solution is 4.8345078e-08 
At timestep  2710 the maxmimum change in the solution is 4.8345055e-08 
At timestep  2720 the maxmimum change in the solution is 4.8345031e-08 
At timestep  2730 the maxmimum change in the solution is 4.8345008e-08 
At timestep  2740 the maxmimum change in the solution is 4.8344984e-08 
At timestep  2750 the maxmimum change in the solution is 4.8344961e-08 
At timestep  2760 the maxmimum change in the solution is 4.8344938e-08 
At timestep  2770 the maxmimum change in the solution is 4.8344914e-08 
At timestep  2780 the maxmimum change in the solution is 4.8344891e-08 
At timestep  2790 the maxmimum change in the solution is 4.8344868e-08 
At timestep  2800 the maxmimum change in the solution is 4.8344844e-08 
At timestep  2810 the maxmimum change in the solution is 4.8344821e-08 
At timestep  2820 the maxmimum change in the solution is 4.8344797e-08 
At timestep  2830 the maxmimum change in the solution is 4.8344774e-08 
At timestep  2840 the maxmimum change in the solution is 4.8344751e-08 
At timestep  2850 the maxmimum change in the solution is 4.8344727e-08 
At timestep  2860 the maxmimum change in the solution is 4.8344704e-08 
At timestep  2870 the maxmimum change in the solution is 4.8344681e-08 
At timestep  2880 the maxmimum change in the solution is 4.8344657e-08 
At timestep  2890 the maxmimum change in the solution is 4.8344634e-08 
At timestep  2900 the maxmimum change in the solution is 4.8344611e-08 
At timestep  2910 the maxmimum change in the solution is 4.8344587e-08 
At timestep  2920 the maxmimum change in the solution is 4.8344564e-08 
At timestep  2930 the maxmimum change in the solution is 4.8344540e-08 
At timestep  2940 the maxmimum change in the solution is 4.8344517e-08 
At timestep  2950 the maxmimum change in the solution is 4.8344494e-08 
At timestep  2960 the maxmimum change in the solution is 4.8344470e-08 
At timestep  2970 the maxmimum change in the solution is 4.8344447e-08 
At timestep  2980 the maxmimum change in the solution is 4.8344423e-08 
At timestep  2990 the maxmimum change in the solution is 4.8344400e-08 
At timestep  3000 the maxmimum change in the solution is 4.8344377e-08 
At timestep  3010 the maxmimum change in the solution is 4.8344353e-08 
At timestep  3020 the maxmimum change in the solution is 4.8344330e-08 
At timestep  3030 the maxmimum change in the solution is 4.8344307e-08 
At timestep  3040 the maxmimum change in the solution is 4.8344283e-08 
At timestep  3050 the maxmimum change in the solution is 4.8344260e-08 
At timestep  3060 the maxmimum change in the solution is 4.8344237e-08 
At timestep  3070 the maxmimum change in the solution is 4.8344213e-08 
At timestep  3080 the maxmimum change in the solution is 4.8344190e-08 
At timestep  3090 the maxmimum change in the solution is 4.8344166e-08 
At timestep  3100 the maxmimum change in the solution is 4.8344143e-08 
At timestep  3110 the maxmimum change in the solution is 4.8344120e-08 
At timestep  3120 the maxmimum change in the solution is 4.8344096e-08 
At timestep  3130 the maxmimum change in the solution is 4.8344073e-08 
At timestep  3140 the maxmimum change in the solution is 4.8344049e-08 
At timestep  3150 the maxmimum change in the solution is 4.8344026e-08 
At timestep  3160 the maxmimum change in the solution is 4.8344003e-08 
At timestep  3170 the maxmimum change in the solution is 4.8343979e-08 
At timestep  3180 the maxmimum change in the solution is 4.8343956e-08 
At timestep  3190 the maxmimum change in the solution is 4.8343933e-08 
At timestep  3200 the maxmimum change in the solution is 4.8343909e-08 
At timestep  3210 the maxmimum change in the solution is 4.8343886e-08 
At timestep  3220 the maxmimum change in the solution is 4.8343862e-08 
At timestep  3230 the maxmimum change in the solution is 4.8343839e-08 
At timestep  3240 the maxmimum change in the solution is 4.8343816e-08 
At timestep  3250 the maxmimum change in the solution is 4.8343792e-08 
At timestep  3260 the maxmimum change in the solution is 4.8343769e-08 
At timestep  3270 the maxmimum change in the solution is 4.8343746e-08 
At timestep  3280 the maxmimum change in the solution is 4.8343722e-08 
At timestep  3290 the maxmimum change in the solution is 4.8343699e-08 
At timestep  3300 the maxmimum change in the solution is 4.8343676e-08 
At timestep  3310 the maxmimum change in the solution is 4.8343652e-08 
At timestep  3320 the maxmimum change in the solution is 4.8343629e-08 
At timestep  3330 the maxmimum change in the solution is 4.8343605e-08 
At timestep  3340 the maxmimum change in the solution is 4.8343582e-08 
At timestep  3350 the maxmimum change in the solution is 4.8343559e-08 
At timestep  3360 the maxmimum change in the solution is 4.8343535e-08 
At timestep  3370 the maxmimum change in the solution is 4.8343512e-08 
At timestep  3380 the maxmimum change in the solution is 4.8343488e-08 
At timestep  3390 the maxmimum change in the solution is 4.8343465e-08 
At timestep  3400 the maxmimum change in the solution is 4.8343442e-08 
At timestep  3410 the maxmimum change in the solution is 4.8343418e-08 
At timestep  3420 the maxmimum change in the solution is 4.8343395e-08 
At timestep  3430 the maxmimum change in the solution is 4.8343372e-08 
At timestep  3440 the maxmimum change in the solution is 4.8343348e-08 
At timestep  3450 the maxmimum change in the solution is 4.8343325e-08 
At timestep  3460 the maxmimum change in the solution is 4.8343301e-08 
At timestep  3470 the maxmimum change in the solution is 4.8343278e-08 
At timestep  3480 the maxmimum change in the solution is 4.8343255e-08 
At timestep  3490 the maxmimum change in the solution is 4.8343231e-08 
At timestep  3500 the maxmimum change in the solution is 4.8343208e-08 
At timestep  3510 the maxmimum change in the solution is 4.8343185e-08 
At timestep  3520 the maxmimum change in the solution is 4.8343161e-08 
At timestep  3530 the maxmimum change in the solution is 4.8343138e-08 
At timestep  3540 the maxmimum change in the solution is 4.8343115e-08 
At timestep  3550 the maxmimum change in the solution is 4.8343091e-08 
At timestep  3560 the maxmimum change in the solution is 4.8343068e-08 
At timestep  3570 the maxmimum change in the solution is 4.8343044e-08 
At timestep  3580 the maxmimum change in the solution is 4.8343021e-08 
At timestep  3590 the maxmimum change in the solution is 4.8342998e-08 
At timestep  3600 the maxmimum change in the solution is 4.8342974e-08 
At timestep  3610 the maxmimum change in the solution is 4.8342951e-08 
At timestep  3620 the maxmimum change in the solution is 4.8342928e-08 
At timestep  3630 the maxmimum change in the solution is 4.8342904e-08 
At timestep  3640 the maxmimum change in the solution is 4.8342881e-08 
At timestep  3650 the maxmimum change in the solution is 4.8342857e-08 
At timestep  3660 the maxmimum change in the solution is 4.8342834e-08 
At timestep  3670 the maxmimum change in the solution is 4.8342811e-08 
At timestep  3680 the maxmimum change in the solution is 4.8342787e-08 
At timestep  3690 the maxmimum change in the solution is 4.8342764e-08 
At timestep  3700 the maxmimum change in the solution is 4.8342740e-08 
At timestep  3710 the maxmimum change in the solution is 4.8342717e-08 
At timestep  3720 the maxmimum change in the solution is 4.8342694e-08 
At timestep  3730 the maxmimum change in the solution is 4.8342670e-08 
At timestep  3740 the maxmimum change in the solution is 4.8342647e-08 
At timestep  3750 the maxmimum change in the solution is 4.8342624e-08 
At timestep  3760 the maxmimum change in the solution is 4.8342600e-08 
At timestep  3770 the maxmimum change in the solution is 4.8342577e-08 
At timestep  3780 the maxmimum change in the solution is 4.8342554e-08 
At timestep  3790 the maxmimum change in the solution is 4.8342530e-08 
At timestep  3800 the maxmimum change in the solution is 4.8342507e-08 
At timestep  3810 the maxmimum change in the solution is 4.8342483e-08 
At timestep  3820 the maxmimum change in the solution is 4.8342460e-08 
At timestep  3830 the maxmimum change in the solution is 4.8342437e-08 
At timestep  3840 the maxmimum change in the solution is 4.8342413e-08 
At timestep  3850 the maxmimum change in the solution is 4.8342390e-08 
At timestep  3860 the maxmimum change in the solution is 4.8342367e-08 
At timestep  3870 the maxmimum change in the solution is 4.8342343e-08 
At timestep  3880 the maxmimum change in the solution is 4.8342320e-08 
At timestep  3890 the maxmimum change in the solution is 4.8342296e-08 
At timestep  3900 the maxmimum change in the solution is 4.8342273e-08 
At timestep  3910 the maxmimum change in the solution is 4.8342250e-08 
At timestep  3920 the maxmimum change in the solution is 4.8342226e-08 
At timestep  3930 the maxmimum change in the solution is 4.8342203e-08 
At timestep  3940 the maxmimum change in the solution is 4.8342180e-08 
At timestep  3950 the maxmimum change in the solution is 4.8342156e-08 
At timestep  3960 the maxmimum change in the solution is 4.8342133e-08 
At timestep  3970 the maxmimum change in the solution is 4.8342109e-08 
At timestep  3980 the maxmimum change in the solution is 4.8342086e-08 
At timestep  3990 the maxmimum change in the solution is 4.8342063e-08 
At timestep  4000 the maxmimum change in the solution is 4.8342039e-08 
At timestep  4010 the maxmimum change in the solution is 4.8342016e-08 
At timestep  4020 the maxmimum change in the solution is 4.8341993e-08 
At timestep  4030 the maxmimum change in the solution is 4.8341969e-08 
At timestep  4040 the maxmimum change in the solution is 4.8341946e-08 
At timestep  4050 the maxmimum change in the solution is 4.8341922e-08 
At timestep  4060 the maxmimum change in the solution is 4.8341899e-08 
At timestep  4070 the maxmimum change in the solution is 4.8341876e-08 
At timestep  4080 the maxmimum change in the solution is 4.8341852e-08 
At timestep  4090 the maxmimum change in the solution is 4.8341829e-08 
At timestep  4100 the maxmimum change in the solution is 4.8341806e-08 
At timestep  4110 the maxmimum change in the solution is 4.8341782e-08 
At timestep  4120 the maxmimum change in the solution is 4.8341759e-08 
At timestep  4130 the maxmimum change in the solution is 4.8341736e-08 
At timestep  4140 the maxmimum change in the solution is 4.8341712e-08 
At timestep  4150 the maxmimum change in the solution is 4.8341689e-08 
At timestep  4160 the maxmimum change in the solution is 4.8341665e-08 
At timestep  4170 the maxmimum change in the solution is 4.8341642e-08 
At timestep  4180 the maxmimum change in the solution is 4.8341619e-08 
At timestep  4190 the maxmimum change in the solution is 4.8341595e-08 
At timestep  4200 the maxmimum change in the solution is 4.8341572e-08 
At timestep  4210 the maxmimum change in the solution is 4.8341549e-08 
At timestep  4220 the maxmimum change in the solution is 4.8341525e-08 
At timestep  4230 the maxmimum change in the solution is 4.8341502e-08 
At timestep  4240 the maxmimum change in the solution is 4.8341478e-08 
At timestep  4250 the maxmimum change in the solution is 4.8341455e-08 
At timestep  4260 the maxmimum change in the solution is 4.8341432e-08 
At timestep  4270 the maxmimum change in the solution is 4.8341408e-08 
At timestep  4280 the maxmimum change in the solution is 4.8341385e-08 
At timestep  4290 the maxmimum change in the solution is 4.8341361e-08 
At timestep  4300 the maxmimum change in the solution is 4.8341338e-08 
At timestep  4310 the maxmimum change in the solution is 4.8341315e-08 
At timestep  4320 the maxmimum change in the solution is 4.8341291e-08 
At timestep  4330 the maxmimum change in the solution is 4.8341268e-08 
At timestep  4340 the maxmimum change in the solution is 4.8341245e-08 
At timestep  4350 the maxmimum change in the solution is 4.8341221e-08 
At timestep  4360 the maxmimum change in the solution is 4.8341198e-08 
At timestep  4370 the maxmimum change in the solution is 4.8341174e-08 
At timestep  4380 the maxmimum change in the solution is 4.8341151e-08 
At timestep  4390 the maxmimum change in the solution is 4.8341128e-08 
At timestep  4400 the maxmimum change in the solution is 4.8341104e-08 
At timestep  4410 the maxmimum change in the solution is 4.8341081e-08 
At timestep  4420 the maxmimum change in the solution is 4.8341058e-08 
At timestep  4430 the maxmimum change in the solution is 4.8341034e-08 
At timestep  4440 the maxmimum change in the solution is 4.8341011e-08 
At timestep  4450 the maxmimum change in the solution is 4.8340988e-08 
At timestep  4460 the maxmimum change in the solution is 4.8340964e-08 
At timestep  4470 the maxmimum change in the solution is 4.8340941e-08 
At timestep  4480 the maxmimum change in the solution is 4.8340917e-08 
At timestep  4490 the maxmimum change in the solution is 4.8340894e-08 
At timestep  4500 the maxmimum change in the solution is 4.8340871e-08 
At timestep  4510 the maxmimum change in the solution is 4.8340847e-08 
At timestep  4520 the maxmimum change in the solution is 4.8340824e-08 
At timestep  4530 the maxmimum change in the solution is 4.8340801e-08 
At timestep  4540 the maxmimum change in the solution is 4.8340777e-08 
At timestep  4550 the maxmimum change in the solution is 4.8340754e-08 
At timestep  4560 the maxmimum change in the solution is 4.8340730e-08 
At timestep  4570 the maxmimum change in the solution is 4.8340707e-08 
At timestep  4580 the maxmimum change in the solution is 4.8340684e-08 
At timestep  4590 the maxmimum change in the solution is 4.8340660e-08 
At timestep  4600 the maxmimum change in the solution is 4.8340637e-08 
At timestep  4610 the maxmimum change in the solution is 4.8340614e-08 
At timestep  4620 the maxmimum change in the solution is 4.8340590e-08 
At timestep  4630 the maxmimum change in the solution is 4.8340567e-08 
At timestep  4640 the maxmimum change in the solution is 4.8340543e-08 
At timestep  4650 the maxmimum change in the solution is 4.8340520e-08 
At timestep  4660 the maxmimum change in the solution is 4.8340497e-08 
At timestep  4670 the maxmimum change in the solution is 4.8340473e-08 
At timestep  4680 the maxmimum change in the solution is 4.8340450e-08 
At timestep  4690 the maxmimum change in the solution is 4.8340426e-08 
At timestep  4700 the maxmimum change in the solution is 4.8340403e-08 
At timestep  4710 the maxmimum change in the solution is 4.8340380e-08 
At timestep  4720 the maxmimum change in the solution is 4.8340356e-08 
At timestep  4730 the maxmimum change in the solution is 4.8340333e-08 
At timestep  4740 the maxmimum change in the solution is 4.8340310e-08 
At timestep  4750 the maxmimum change in the solution is 4.8340286e-08 
At timestep  4760 the maxmimum change in the solution is 4.8340263e-08 
At timestep  4770 the maxmimum change in the solution is 4.8340239e-08 
At timestep  4780 the maxmimum change in the solution is 4.8340216e-08 
At timestep  4790 the maxmimum change in the solution is 4.8340193e-08 
At timestep  4800 the maxmimum change in the solution is 4.8340169e-08 
At timestep  4810 the maxmimum change in the solution is 4.8340146e-08 
At timestep  4820 the maxmimum change in the solution is 4.8340123e-08 
At timestep  4830 the maxmimum change in the solution is 4.8340099e-08 
At timestep  4840 the maxmimum change in the solution is 4.8340076e-08 
At timestep  4850 the maxmimum change in the solution is 4.8340053e-08 
At timestep  4860 the maxmimum change in the solution is 4.8340029e-08 
At timestep  4870 the maxmimum change in the solution is 4.8340006e-08 
At timestep  4880 the maxmimum change in the solution is 4.8339982e-08 
At timestep  4890 the maxmimum change in the solution is 4.8339959e-08 
At timestep  4900 the maxmimum change in the solution is 4.8339936e-08 
At timestep  4910 the maxmimum change in the solution is 4.8339912e-08 
At timestep  4920 the maxmimum change in the solution is 4.8339889e-08 
At timestep  4930 the maxmimum change in the solution is 4.8339866e-08 
At timestep  4940 the maxmimum change in the solution is 4.8339842e-08 
At timestep  4950 the maxmimum change in the solution is 4.8339819e-08 
At timestep  4960 the maxmimum change in the solution is 4.8339795e-08 
At timestep  4970 the maxmimum change in the solution is 4.8339772e-08 
At timestep  4980 the maxmimum change in the solution is 4.8339749e-08 
At timestep  4990 the maxmimum change in the solution is 4.8339725e-08 
At timestep  4999 the maxmimum change in the solution is 4.8339704e-08 
The RMS error in the final solution is 2.7274788e-12 
