How big is the problem?
How many timesteps?
Value of nu (positive and less than 0.5)?
At timestep     0 the maxmimum change in the solution is 4.8351390e-08 
At timestep    10 the maxmimum change in the solution is 4.8351366e-08 
At timestep    20 the maxmimum change in the solution is 4.8351343e-08 
At timestep    30 the maxmimum change in the solution is 4.8351320e-08 
At timestep    40 the maxmimum change in the solution is 4.8351296e-08 
At timestep    50 the maxmimum change in the solution is 4.8351273e-08 
At timestep    60 the maxmimum change in the solution is 4.8351250e-08 
At timestep    70 the maxmimum change in the solution is 4.8351226e-08 
At timestep    80 the maxmimum change in the solution is 4.8351203e-08 
At timestep    90 the maxmimum change in the solution is 4.8351179e-08 
At timestep   100 the maxmimum change in the solution is 4.8351156e-08 
At timestep   110 the maxmimum change in the solution is 4.8351133e-08 
At timestep   120 the maxmimum change in the solution is 4.8351109e-08 
At timestep   130 the maxmimum change in the solution is 4.8351086e-08 
At timestep   140 the maxmimum change in the solution is 4.8351063e-08 
At timestep   150 the maxmimum change in the solution is 4.8351039e-08 
At timestep   160 the maxmimum change in the solution is 4.8351016e-08 
At timestep   170 the maxmimum change in the solution is 4.8350992e-08 
At timestep   180 the maxmimum change in the solution is 4.8350969e-08 
At timestep   190 the maxmimum change in the solution is 4.8350946e-08 
At timestep   200 the maxmimum change in the solution is 4.8350922e-08 
At timestep   210 the maxmimum change in the solution is 4.8350899e-08 
At timestep   220 the maxmimum change in the solution is 4.8350876e-08 
At timestep   230 the maxmimum change in the solution is 4.8350852e-08 
At timestep   240 the maxmimum change in the solution is 4.8350829e-08 
At timestep   250 the maxmimum change in the solution is 4.8350805e-08 
At timestep   260 the maxmimum change in the solution is 4.8350782e-08 
At timestep   270 the maxmimum change in the solution is 4.8350759e-08 
At timestep   280 the maxmimum change in the solution is 4.8350735e-08 
At timestep   290 the maxmimum change in the solution is 4.8350712e-08 
At timestep   300 the maxmimum change in the solution is 4.8350688e-08 
At timestep   310 the maxmimum change in the solution is 4.8350665e-08 
At timestep   320 the maxmimum change in the solution is 4.8350642e-08 
At timestep   330 the maxmimum change in the solution is 4.8350618e-08 
At timestep   340 the maxmimum change in the solution is 4.8350595e-08 
At timestep   350 the maxmimum change in the solution is 4.8350572e-08 
At timestep   360 the maxmimum change in the solution is 4.8350548e-08 
At timestep   370 the maxmimum change in the solution is 4.8350525e-08 
At timestep   380 the maxmimum change in the solution is 4.8350501e-08 
At timestep   390 the maxmimum change in the solution is 4.8350478e-08 
At timestep   400 the maxmimum change in the solution is 4.8350455e-08 
At timestep   410 the maxmimum change in the solution is 4.8350431e-08 
At timestep   420 the maxmimum change in the solution is 4.8350408e-08 
At timestep   430 the maxmimum change in the solution is 4.8350385e-08 
At timestep   440 the maxmimum change in the solution is 4.8350361e-08 
At timestep   450 the maxmimum change in the solution is 4.8350338e-08 
At timestep   460 the maxmimum change in the solution is 4.8350314e-08 
At timestep   470 the maxmimum change in the solution is 4.8350291e-08 
At timestep   480 the maxmimum change in the solution is 4.8350268e-08 
At timestep   490 the maxmimum change in the solution is 4.8350244e-08 
At timestep   500 the maxmimum change in the solution is 4.8350221e-08 
At timestep   510 the maxmimum change in the solution is 4.8350198e-08 
At timestep   520 the maxmimum change in the solution is 4.8350174e-08 
At timestep   530 the maxmimum change in the solution is 4.8350151e-08 
At timestep   540 the maxmimum change in the solution is 4.8350127e-08 
At timestep   550 the maxmimum change in the solution is 4.8350104e-08 
At timestep   560 the maxmimum change in the solution is 4.8350081e-08 
At timestep   570 the maxmimum change in the solution is 4.8350057e-08 
At timestep   580 the maxmimum change in the solution is 4.8350034e-08 
At timestep   590 the maxmimum change in the solution is 4.8350011e-08 
At timestep   600 the maxmimum change in the solution is 4.8349987e-08 
At timestep   610 the maxmimum change in the solution is 4.8349964e-08 
At timestep   620 the maxmimum change in the solution is 4.8349940e-08 
At timestep   630 the maxmimum change in the solution is 4.8349917e-08 
At timestep   640 the maxmimum change in the solution is 4.8349894e-08 
At timestep   650 the maxmimum change in the solution is 4.8349870e-08 
At timestep   660 the maxmimum change in the solution is 4.8349847e-08 
At timestep   670 the maxmimum change in the solution is 4.8349823e-08 
At timestep   680 the maxmimum change in the solution is 4.8349800e-08 
At timestep   690 the maxmimum change in the solution is 4.8349777e-08 
At timestep   700 the maxmimum change in the solution is 4.8349753e-08 
At timestep   710 the maxmimum change in the solution is 4.8349730e-08 
At timestep   720 the maxmimum change in the solution is 4.8349707e-08 
At timestep   730 the maxmimum change in the solution is 4.8349683e-08 
At timestep   740 the maxmimum change in the solution is 4.8349660e-08 
At timestep   750 the maxmimum change in the solution is 4.8349637e-08 
At timestep   760 the maxmimum change in the solution is 4.8349613e-08 
At timestep   770 the maxmimum change in the solution is 4.8349590e-08 
At timestep   780 the maxmimum change in the solution is 4.8349566e-08 
At timestep   790 the maxmimum change in the solution is 4.8349543e-08 
At timestep   800 the maxmimum change in the solution is 4.8349519e-08 
At timestep   810 the maxmimum change in the solution is 4.8349496e-08 
At timestep   820 the maxmimum change in the solution is 4.8349473e-08 
At timestep   830 the maxmimum change in the solution is 4.8349449e-08 
At timestep   840 the maxmimum change in the solution is 4.8349426e-08 
At timestep   850 the maxmimum change in the solution is 4.8349403e-08 
At timestep   860 the maxmimum change in the solution is 4.8349379e-08 
At timestep   870 the maxmimum change in the solution is 4.8349356e-08 
At timestep   880 the maxmimum change in the solution is 4.8349333e-08 
At timestep   890 the maxmimum change in the solution is 4.8349309e-08 
At timestep   900 the maxmimum change in the solution is 4.8349286e-08 
At timestep   910 the maxmimum change in the solution is 4.8349262e-08 
At timestep   920 the maxmimum change in the solution is 4.8349239e-08 
At timestep   930 the maxmimum change in the solution is 4.8349216e-08 
At timestep   940 the maxmimum change in the solution is 4.8349192e-08 
At timestep   950 the maxmimum change in the solution is 4.8349169e-08 
At timestep   960 the maxmimum change in the solution is 4.8349146e-08 
At timestep   970 the maxmimum change in the solution is 4.8349122e-08 
At timestep   980 the maxmimum change in the solution is 4.8349099e-08 
At timestep   990 the maxmimum change in the solution is 4.8349075e-08 
At timestep  1000 the maxmimum change in the solution is 4.8349052e-08 
At timestep  1010 the maxmimum change in the solution is 4.8349029e-08 
At timestep  1020 the maxmimum change in the solution is 4.8349005e-08 
At timestep  1030 the maxmimum change in the solution is 4.8348982e-08 
At timestep  1040 the maxmimum change in the solution is 4.8348959e-08 
At timestep  1050 the maxmimum change in the solution is 4.8348935e-08 
At timestep  1060 the maxmimum change in the solution is 4.8348912e-08 
At timestep  1070 the maxmimum change in the solution is 4.8348888e-08 
At timestep  1080 the maxmimum change in the solution is 4.8348865e-08 
At timestep  1090 the maxmimum change in the solution is 4.8348842e-08 
At timestep  1100 the maxmimum change in the solution is 4.8348818e-08 
At timestep  1110 the maxmimum change in the solution is 4.8348795e-08 
At timestep  1120 the maxmimum change in the solution is 4.8348771e-08 
At timestep  1130 the maxmimum change in the solution is 4.8348748e-08 
At timestep  1140 the maxmimum change in the solution is 4.8348725e-08 
At timestep  1150 the maxmimum change in the solution is 4.8348701e-08 
At timestep  1160 the maxmimum change in the solution is 4.8348678e-08 
At timestep  1170 the maxmimum change in the solution is 4.8348655e-08 
At timestep  1180 the maxmimum change in the solution is 4.8348631e-08 
At timestep  1190 the maxmimum change in the solution is 4.8348608e-08 
At timestep  1200 the maxmimum change in the solution is 4.8348584e-08 
At timestep  1210 the maxmimum change in the solution is 4.8348561e-08 
At timestep  1220 the maxmimum change in the solution is 4.8348538e-08 
At timestep  1230 the maxmimum change in the solution is 4.8348514e-08 
At timestep  1240 the maxmimum change in the solution is 4.8348491e-08 
At timestep  1250 the maxmimum change in the solution is 4.8348468e-08 
At timestep  1260 the maxmimum change in the solution is 4.8348444e-08 
At timestep  1270 the maxmimum change in the solution is 4.8348421e-08 
At timestep  1280 the maxmimum change in the solution is 4.8348397e-08 
At timestep  1290 the maxmimum change in the solution is 4.8348374e-08 
At timestep  1300 the maxmimum change in the solution is 4.8348351e-08 
At timestep  1310 the maxmimum change in the solution is 4.8348327e-08 
At timestep  1320 the maxmimum change in the solution is 4.8348304e-08 
At timestep  1330 the maxmimum change in the solution is 4.8348281e-08 
At timestep  1340 the maxmimum change in the solution is 4.8348257e-08 
At timestep  1350 the maxmimum change in the solution is 4.8348234e-08 
At timestep  1360 the maxmimum change in the solution is 4.8348210e-08 
At timestep  1370 the maxmimum change in the solution is 4.8348187e-08 
At timestep  1380 the maxmimum change in the solution is 4.8348164e-08 
At timestep  1390 the maxmimum change in the solution is 4.8348140e-08 
At timestep  1400 the maxmimum change in the solution is 4.8348117e-08 
At timestep  1410 the maxmimum change in the solution is 4.8348094e-08 
At timestep  1420 the maxmimum change in the solution is 4.8348070e-08 
At timestep  1430 the maxmimum change in the solution is 4.8348047e-08 
At timestep  1440 the maxmimum change in the solution is 4.8348023e-08 
At timestep  1450 the maxmimum change in the solution is 4.8348000e-08 
At timestep  1460 the maxmimum change in the solution is 4.8347977e-08 
At timestep  1470 the maxmimum change in the solution is 4.8347953e-08 
At timestep  1480 the maxmimum change in the solution is 4.8347930e-08 
At timestep  1490 the maxmimum change in the solution is 4.8347907e-08 
At timestep  1500 the maxmimum change in the solution is 4.8347883e-08 
At timestep  1510 the maxmimum change in the solution is 4.8347860e-08 
At timestep  1520 the maxmimum change in the solution is 4.8347836e-08 
At timestep  1530 the maxmimum change in the solution is 4.8347813e-08 
At timestep  1540 the maxmimum change in the solution is 4.8347790e-08 
At timestep  1550 the maxmimum change in the solution is 4.8347766e-08 
At timestep  1560 the maxmimum change in the solution is 4.8347743e-08 
At timestep  1570 the maxmimum change in the solution is 4.8347719e-08 
At timestep  1580 the maxmimum change in the solution is 4.8347696e-08 
At timestep  1590 the maxmimum change in the solution is 4.8347673e-08 
At timestep  1600 the maxmimum change in the solution is 4.8347649e-08 
At timestep  1610 the maxmimum change in the solution is 4.8347626e-08 
At timestep  1620 the maxmimum change in the solution is 4.8347603e-08 
At timestep  1630 the maxmimum change in the solution is 4.8347579e-08 
At timestep  1640 the maxmimum change in the solution is 4.8347556e-08 
At timestep  1650 the maxmimum change in the solution is 4.8347533e-08 
At timestep  1660 the maxmimum change in the solution is 4.8347509e-08 
At timestep  1670 the maxmimum change in the solution is 4.8347486e-08 
At timestep  1680 the maxmimum change in the solution is 4.8347462e-08 
At timestep  1690 the maxmimum change in the solution is 4.8347439e-08 
At timestep  1700 the maxmimum change in the solution is 4.8347416e-08 
At timestep  1710 the maxmimum change in the solution is 4.8347392e-08 
At timestep  1720 the maxmimum change in the solution is 4.8347369e-08 
At timestep  1730 the maxmimum change in the solution is 4.8347345e-08 
At timestep  1740 the maxmimum change in the solution is 4.8347322e-08 
At timestep  1750 the maxmimum change in the solution is 4.8347299e-08 
At timestep  1760 the maxmimum change in the solution is 4.8347275e-08 
At timestep  1770 the maxmimum change in the solution is 4.8347252e-08 
At timestep  1780 the maxmimum change in the solution is 4.8347229e-08 
At timestep  1790 the maxmimum change in the solution is 4.8347205e-08 
At timestep  1800 the maxmimum change in the solution is 4.8347182e-08 
At timestep  1810 the maxmimum change in the solution is 4.8347158e-08 
At timestep  1820 the maxmimum change in the solution is 4.8347135e-08 
At timestep  1830 the maxmimum change in the solution is 4.8347112e-08 
At timestep  1840 the maxmimum change in the solution is 4.8347088e-08 
At timestep  1850 the maxmimum change in the solution is 4.8347065e-08 
At timestep  1860 the maxmimum change in the solution is 4.8347042e-08 
At timestep  1870 the maxmimum change in the solution is 4.8347018e-08 
At timestep  1880 the maxmimum change in the solution is 4.8346995e-08 
At timestep  1890 the maxmimum change in the solution is 4.8346971e-08 
At timestep  1900 the maxmimum change in the solution is 4.8346948e-08 
At timestep  1910 the maxmimum change in the solution is 4.8346925e-08 
At timestep  1920 the maxmimum change in the solution is 4.8346901e-08 
At timestep  1930 the maxmimum change in the solution is 4.8346878e-08 
At timestep  1940 the maxmimum change in the solution is 4.8346855e-08 
At timestep  1950 the maxmimum change in the solution is 4.8346831e-08 
At timestep  1960 the maxmimum change in the solution is 4.8346808e-08 
At timestep  1970 the maxmimum change in the solution is 4.8346784e-08 
At timestep  1980 the maxmimum change in the solution is 4.8346761e-08 
At timestep  1990 the maxmimum change in the solution is 4.8346738e-08 
At timestep  2000 the maxmimum change in the solution is 4.8346714e-08 
At timestep  2010 the maxmimum change in the solution is 4.8346691e-08 
At timestep  2020 the maxmimum change in the solution is 4.8346668e-08 
At timestep  2030 the maxmimum change in the solution is 4.8346644e-08 
At timestep  2040 the maxmimum change in the solution is 4.8346621e-08 
At timestep  2050 the maxmimum change in the solution is 4.8346597e-08 
At timestep  2060 the maxmimum change in the solution is 4.8346574e-08 
At timestep  2070 the maxmimum change in the solution is 4.8346551e-08 
At timestep  2080 the maxmimum change in the solution is 4.8346527e-08 
At timestep  2090 the maxmimum change in the solution is 4.8346504e-08 
At timestep  2100 the maxmimum change in the solution is 4.8346480e-08 
At timestep  2110 the maxmimum change in the solution is 4.8346457e-08 
At timestep  2120 the maxmimum change in the solution is 4.8346434e-08 
At timestep  2130 the maxmimum change in the solution is 4.8346410e-08 
At timestep  2140 the maxmimum change in the solution is 4.8346387e-08 
At timestep  2150 the maxmimum change in the solution is 4.8346364e-08 
At timestep  2160 the maxmimum change in the solution is 4.8346340e-08 
At timestep  2170 the maxmimum change in the solution is 4.8346317e-08 
At timestep  2180 the maxmimum change in the solution is 4.8346294e-08 
At timestep  2190 the maxmimum change in the solution is 4.8346270e-08 
At timestep  2200 the maxmimum change in the solution is 4.8346247e-08 
At timestep  2210 the maxmimum change in the solution is 4.8346223e-08 
At timestep  2220 the maxmimum change in the solution is 4.8346200e-08 
At timestep  2230 the maxmimum change in the solution is 4.8346177e-08 
At timestep  2240 the maxmimum change in the solution is 4.8346153e-08 
At timestep  2250 the maxmimum change in the solution is 4.8346130e-08 
At timestep  2260 the maxmimum change in the solution is 4.8346107e-08 
At timestep  2270 the maxmimum change in the solution is 4.8346083e-08 
At timestep  2280 the maxmimum change in the solution is 4.8346060e-08 
At timestep  2290 the maxmimum change in the solution is 4.8346037e-08 
At timestep  2300 the maxmimum change in the solution is 4.8346013e-08 
At timestep  2310 the maxmimum change in the solution is 4.8345990e-08 
At timestep  2320 the maxmimum change in the solution is 4.8345966e-08 
At timestep  2330 the maxmimum change in the solution is 4.8345943e-08 
At timestep  2340 the maxmimum change in the solution is 4.8345920e-08 
At timestep  2350 the maxmimum change in the solution is 4.8345896e-08 
At timestep  2360 the maxmimum change in the solution is 4.8345873e-08 
At timestep  2370 the maxmimum change in the solution is 4.8345849e-08 
At timestep  2380 the maxmimum change in the solution is 4.8345826e-08 
At timestep  2390 the maxmimum change in the solution is 4.8345803e-08 
At timestep  2400 the maxmimum change in the solution is 4.8345779e-08 
At timestep  2410 the maxmimum change in the solution is 4.8345756e-08 
At timestep  2420 the maxmimum change in the solution is 4.8345733e-08 
At timestep  2430 the maxmimum change in the solution is 4.8345709e-08 
At timestep  2440 the maxmimum change in the solution is 4.8345686e-08 
At timestep  2450 the maxmimum change in the solution is 4.8345662e-08 
At timestep  2460 the maxmimum change in the solution is 4.8345639e-08 
At timestep  2470 the maxmimum change in the solution is 4.8345616e-08 
At timestep  2480 the maxmimum change in the solution is 4.8345592e-08 
At timestep  2490 the maxmimum change in the solution is 4.8345569e-08 
At timestep  2500 the maxmimum change in the solution is 4.8345545e-08 
At timestep  2510 the maxmimum change in the solution is 4.8345522e-08 
At timestep  2520 the maxmimum change in the solution is 4.8345499e-08 
At timestep  2530 the maxmimum change in the solution is 4.8345475e-08 
At timestep  2540 the maxmimum change in the solution is 4.8345452e-08 
At timestep  2550 the maxmimum change in the solution is 4.8345429e-08 
At timestep  2560 the maxmimum change in the solution is 4.8345405e-08 
At timestep  2570 the maxmimum change in the solution is 4.8345382e-08 
At timestep  2580 the maxmimum change in the solution is 4.8345358e-08 
At timestep  2590 the maxmimum change in the solution is 4.8345335e-08 
At timestep  2600 the maxmimum change in the solution is 4.8345312e-08 
At timestep  2610 the maxmimum change in the solution is 4.8345288e-08 
At timestep  2620 the maxmimum change in the solution is 4.8345265e-08 
At timestep  2630 the maxmimum change in the solution is 4.8345242e-08 
At timestep  2640 the maxmimum change in the solution is 4.8345218e-08 
At timestep  2650 the maxmimum change in the solution is 4.8345195e-08 
At timestep  2660 the maxmimum change in the solution is 4.8345172e-08 
At timestep  2670 the maxmimum change in the solution is 4.8345148e-08 
At timestep  2680 the maxmimum change in the solution is 4.8345125e-08 
At timestep  2690 the maxmimum change in the solution is 4.8345101e-08 
At timestep  2700 the maxmimum change in the solution is 4.8345078e-08 
At timestep  2710 the maxmimum change in the solution is 4.8345055e-08 
At timestep  2720 the maxmimum change in the solution is 4.8345031e-08 
At timestep  2730 the maxmimum change in the solution is 4.8345008e-08 
At timestep  2740 the maxmimum change in the solution is 4.8344984e-08 
At timestep  2750 the maxmimum change in the solution is 4.8344961e-08 
At timestep  2760 the maxmimum change in the solution is 4.8344938e-08 
At timestep  2770 the maxmimum change in the solution is 4.8344914e-08 
At timestep  2780 the maxmimum change in the solution is 4.8344891e-08 
At timestep  2790 the maxmimum change in the solution is 4.8344868e-08 
At timestep  2800 the maxmimum change in the solution is 4.8344844e-08 
At timestep  2810 the maxmimum change in the solution is 4.8344821e-08 
At timestep  2820 the maxmimum change in the solution is 4.8344797e-08 
At timestep  2830 the maxmimum change in the solution is 4.8344774e-08 
At timestep  2840 the maxmimum change in the solution is 4.8344751e-08 
At timestep  2850 the maxmimum change in the solution is 4.8344727e-08 
At timestep  2860 the maxmimum change in the solution is 4.8344704e-08 
At timestep  2870 the maxmimum change in the solution is 4.8344681e-08 
At timestep  2880 the maxmimum change in the solution is 4.8344657e-08 
At timestep  2890 the maxmimum change in the solution is 4.8344634e-08 
At timestep  2900 the maxmimum change in the solution is 4.8344611e-08 
At timestep  2910 the maxmimum change in the solution is 4.8344587e-08 
At timestep  2920 the maxmimum change in the solution is 4.8344564e-08 
At timestep  2930 the maxmimum change in the solution is 4.8344540e-08 
At timestep  2940 the maxmimum change in the solution is 4.8344517e-08 
At timestep  2950 the maxmimum change in the solution is 4.8344494e-08 
At timestep  2960 the maxmimum change in the solution is 4.8344470e-08 
At timestep  2970 the maxmimum change in the solution is 4.8344447e-08 
At timestep  2980 the maxmimum change in the solution is 4.8344423e-08 
At timestep  2990 the maxmimum change in the solution is 4.8344400e-08 
At timestep  3000 the maxmimum change in the solution is 4.8344377e-08 
At timestep  3010 the maxmimum change in the solution is 4.8344353e-08 
At timestep  3020 the maxmimum change in the solution is 4.8344330e-08 
At timestep  3030 the maxmimum change in the solution is 4.8344307e-08 
At timestep  3040 the maxmimum change in the solution is 4.8344283e-08 
At timestep  3050 the maxmimum change in the solution is 4.8344260e-08 
At timestep  3060 the maxmimum change in the solution is 4.8344237e-08 
At timestep  3070 the maxmimum change in the solution is 4.8344213e-08 
At timestep  3080 the maxmimum change in the solution is 4.8344190e-08 
At timestep  3090 the maxmimum change in the solution is 4.8344166e-08 
At timestep  3100 the maxmimum change in the solution is 4.8344143e-08 
At timestep  3110 the maxmimum change in the solution is 4.8344120e-08 
At timestep  3120 the maxmimum change in the solution is 4.8344096e-08 
At timestep  3130 the maxmimum change in the solution is 4.8344073e-08 
At timestep  3140 the maxmimum change in the solution is 4.8344049e-08 
At timestep  3150 the maxmimum change in the solution is 4.8344026e-08 
At timestep  3160 the maxmimum change in the solution is 4.8344003e-08 
At timestep  3170 the maxmimum change in the solution is 4.8343979e-08 
At timestep  3180 the maxmimum change in the solution is 4.8343956e-08 
At timestep  3190 the maxmimum change in the solution is 4.8343933e-08 
At timestep  3200 the maxmimum change in the solution is 4.8343909e-08 
At timestep  3210 the maxmimum change in the solution is 4.8343886e-08 
At timestep  3220 the maxmimum change in the solution is 4.8343862e-08 
At timestep  3230 the maxmimum change in the solution is 4.8343839e-08 
At timestep  3240 the maxmimum change in the solution is 4.8343816e-08 
At timestep  3250 the maxmimum change in the solution is 4.8343792e-08 
At timestep  3260 the maxmimum change in the solution is 4.8343769e-08 
At timestep  3270 the maxmimum change in the solution is 4.8343746e-08 
At timestep  3280 the maxmimum change in the solution is 4.8343722e-08 
At timestep  3290 the maxmimum change in the solution is 4.8343699e-08 
At timestep  3300 the maxmimum change in the solution is 4.8343676e-08 
At timestep  3310 the maxmimum change in the solution is 4.8343652e-08 
At timestep  3320 the maxmimum change in the solution is 4.8343629e-08 
At timestep  3330 the maxmimum change in the solution is 4.8343605e-08 
At timestep  3340 the maxmimum change in the solution is 4.8343582e-08 
At timestep  3350 the maxmimum change in the solution is 4.8343559e-08 
At timestep  3360 the maxmimum change in the solution is 4.8343535e-08 
At timestep  3370 the maxmimum change in the solution is 4.8343512e-08 
At timestep  3380 the maxmimum change in the solution is 4.8343488e-08 
At timestep  3390 the maxmimum change in the solution is 4.8343465e-08 
At timestep  3400 the maxmimum change in the solution is 4.8343442e-08 
At timestep  3410 the maxmimum change in the solution is 4.8343418e-08 
At timestep  3420 the maxmimum change in the solution is 4.8343395e-08 
At timestep  3430 the maxmimum change in the solution is 4.8343372e-08 
At timestep  3440 the maxmimum change in the solution is 4.8343348e-08 
At timestep  3450 the maxmimum change in the solution is 4.8343325e-08 
At timestep  3460 the maxmimum change in the solution is 4.8343301e-08 
At timestep  3470 the maxmimum change in the solution is 4.8343278e-08 
At timestep  3480 the maxmimum change in the solution is 4.8343255e-08 
At timestep  3490 the maxmimum change in the solution is 4.8343231e-08 
At timestep  3500 the maxmimum change in the solution is 4.8343208e-08 
At timestep  3510 the maxmimum change in the solution is 4.8343185e-08 
At timestep  3520 the maxmimum change in the solution is 4.8343161e-08 
At timestep  3530 the maxmimum change in the solution is 4.8343138e-08 
At timestep  3540 the maxmimum change in the solution is 4.8343115e-08 
At timestep  3550 the maxmimum change in the solution is 4.8343091e-08 
At timestep  3560 the maxmimum change in the solution is 4.8343068e-08 
At timestep  3570 the maxmimum change in the solution is 4.8343044e-08 
At timestep  3580 the maxmimum change in the solution is 4.8343021e-08 
At timestep  3590 the maxmimum change in the solution is 4.8342998e-08 
At timestep  3600 the maxmimum change in the solution is 4.8342974e-08 
At timestep  3610 the maxmimum change in the solution is 4.8342951e-08 
At timestep  3620 the maxmimum change in the solution is 4.8342928e-08 
At timestep  3630 the maxmimum change in the solution is 4.8342904e-08 
At timestep  3640 the maxmimum change in the solution is 4.8342881e-08 
At timestep  3650 the maxmimum change in the solution is 4.8342857e-08 
At timestep  3660 the maxmimum change in the solution is 4.8342834e-08 
At timestep  3670 the maxmimum change in the solution is 4.8342811e-08 
At timestep  3680 the maxmimum change in the solution is 4.8342787e-08 
At timestep  3690 the maxmimum change in the solution is 4.8342764e-08 
At timestep  3700 the maxmimum change in the solution is 4.8342740e-08 
At timestep  3710 the maxmimum change in the solution is 4.8342717e-08 
At timestep  3720 the maxmimum change in the solution is 4.8342694e-08 
At timestep  3730 the maxmimum change in the solution is 4.8342670e-08 
At timestep  3740 the maxmimum change in the solution is 4.8342647e-08 
At timestep  3750 the maxmimum change in the solution is 4.8342624e-08 
At timestep  3760 the maxmimum change in the solution is 4.8342600e-08 
At timestep  3770 the maxmimum change in the solution is 4.8342577e-08 
At timestep  3780 the maxmimum change in the solution is 4.8342554e-08 
At timestep  3790 the maxmimum change in the solution is 4.8342530e-08 
At timestep  3800 the maxmimum change in the solution is 4.8342507e-08 
At timestep  3810 the maxmimum change in the solution is 4.8342483e-08 
At timestep  3820 the maxmimum change in the solution is 4.8342460e-08 
At timestep  3830 the maxmimum change in the solution is 4.8342437e-08 
At timestep  3840 the maxmimum change in the solution is 4.8342413e-08 
At timestep  3850 the maxmimum change in the solution is 4.8342390e-08 
At timestep  3860 the maxmimum change in the solution is 4.8342367e-08 
At timestep  3870 the maxmimum change in the solution is 4.8342343e-08 
At timestep  3880 the maxmimum change in the solution is 4.8342320e-08 
At timestep  3890 the maxmimum change in the solution is 4.8342296e-08 
At timestep  3900 the maxmimum change in the solution is 4.8342273e-08 
At timestep  3910 the maxmimum change in the solution is 4.8342250e-08 
At timestep  3920 the maxmimum change in the solution is 4.8342226e-08 
At timestep  3930 the maxmimum change in the solution is 4.8342203e-08 
At timestep  3940 the maxmimum change in the solution is 4.8342180e-08 
At timestep  3950 the maxmimum change in the solution is 4.8342156e-08 
At timestep  3960 the maxmimum change in the solution is 4.8342133e-08 
At timestep  3970 the maxmimum change in the solution is 4.8342109e-08 
At timestep  3980 the maxmimum change in the solution is 4.8342086e-08 
At timestep  3990 the maxmimum change in the solution is 4.8342063e-08 
At timestep  4000 the maxmimum change in the solution is 4.8342039e-08 
At timestep  4010 the maxmimum change in the solution is 4.8342016e-08 
At timestep  4020 the maxmimum change in the solution is 4.8341993e-08 
At timestep  4030 the maxmimum change in the solution is 4.8341969e-08 
At timestep  4040 the maxmimum change in the solution is 4.8341946e-08 
At timestep  4050 the maxmimum change in the solution is 4.8341922e-08 
At timestep  4060 the maxmimum change in the solution is 4.8341899e-08 
At timestep  4070 the maxmimum change in the solution is 4.8341876e-08 
At timestep  4080 the maxmimum change in the solution is 4.8341852e-08 
At timestep  4090 the maxmimum change in the solution is 4.8341829e-08 
At timestep  4100 the maxmimum change in the solution is 4.8341806e-08 
At timestep  4110 the maxmimum change in the solution is 4.8341782e-08 
At timestep  4120 the maxmimum change in the solution is 4.8341759e-08 
At timestep  4130 the maxmimum change in the solution is 4.8341736e-08 
At timestep  4140 the maxmimum change in the solution is 4.8341712e-08 
At timestep  4150 the maxmimum change in the solution is 4.8341689e-08 
At timestep  4160 the maxmimum change in the solution is 4.8341665e-08 
At timestep  4170 the maxmimum change in the solution is 4.8341642e-08 
At timestep  4180 the maxmimum change in the solution is 4.8341619e-08 
At timestep  4190 the maxmimum change in the solution is 4.8341595e-08 
At timestep  4200 the maxmimum change in the solution is 4.8341572e-08 
At timestep  4210 the maxmimum change in the solution is 4.8341549e-08 
At timestep  4220 the maxmimum change in the solution is 4.8341525e-08 
At timestep  4230 the maxmimum change in the solution is 4.8341502e-08 
At timestep  4240 the maxmimum change in the solution is 4.8341478e-08 
At timestep  4250 the maxmimum change in the solution is 4.8341455e-08 
At timestep  4260 the maxmimum change in the solution is 4.8341432e-08 
At timestep  4270 the maxmimum change in the solution is 4.8341408e-08 
At timestep  4280 the maxmimum change in the solution is 4.8341385e-08 
At timestep  4290 the maxmimum change in the solution is 4.8341361e-08 
At timestep  4300 the maxmimum change in the solution is 4.8341338e-08 
At timestep  4310 the maxmimum change in the solution is 4.8341315e-08 
At timestep  4320 the maxmimum change in the solution is 4.8341291e-08 
At timestep  4330 the maxmimum change in the solution is 4.8341268e-08 
At timestep  4340 the maxmimum change in the solution is 4.8341245e-08 
At timestep  4350 the maxmimum change in the solution is 4.8341221e-08 
At timestep  4360 the maxmimum change in the solution is 4.8341198e-08 
At timestep  4370 the maxmimum change in the solution is 4.8341174e-08 
At timestep  4380 the maxmimum change in the solution is 4.8341151e-08 
At timestep  4390 the maxmimum change in the solution is 4.8341128e-08 
At timestep  4400 the maxmimum change in the solution is 4.8341104e-08 
At timestep  4410 the maxmimum change in the solution is 4.8341081e-08 
At timestep  4420 the maxmimum change in the solution is 4.8341058e-08 
At timestep  4430 the maxmimum change in the solution is 4.8341034e-08 
At timestep  4440 the maxmimum change in the solution is 4.8341011e-08 
At timestep  4450 the maxmimum change in the solution is 4.8340988e-08 
At timestep  4460 the maxmimum change in the solution is 4.8340964e-08 
At timestep  4470 the maxmimum change in the solution is 4.8340941e-08 
At timestep  4480 the maxmimum change in the solution is 4.8340917e-08 
At timestep  4490 the maxmimum change in the solution is 4.8340894e-08 
At timestep  4500 the maxmimum change in the solution is 4.8340871e-08 
At timestep  4510 the maxmimum change in the solution is 4.8340847e-08 
At timestep  4520 the maxmimum change in the solution is 4.8340824e-08 
At timestep  4530 the maxmimum change in the solution is 4.8340801e-08 
At timestep  4540 the maxmimum change in the solution is 4.8340777e-08 
At timestep  4550 the maxmimum change in the solution is 4.8340754e-08 
At timestep  4560 the maxmimum change in the solution is 4.8340730e-08 
At timestep  4570 the maxmimum change in the solution is 4.8340707e-08 
At timestep  4580 the maxmimum change in the solution is 4.8340684e-08 
At timestep  4590 the maxmimum change in the solution is 4.8340660e-08 
At timestep  4600 the maxmimum change in the solution is 4.8340637e-08 
At timestep  4610 the maxmimum change in the solution is 4.8340614e-08 
At timestep  4620 the maxmimum change in the solution is 4.8340590e-08 
At timestep  4630 the maxmimum change in the solution is 4.8340567e-08 
At timestep  4640 the maxmimum change in the solution is 4.8340543e-08 
At timestep  4650 the maxmimum change in the solution is 4.8340520e-08 
At timestep  4660 the maxmimum change in the solution is 4.8340497e-08 
At timestep  4670 the maxmimum change in the solution is 4.8340473e-08 
At timestep  4680 the maxmimum change in the solution is 4.8340450e-08 
At timestep  4690 the maxmimum change in the solution is 4.8340426e-08 
At timestep  4700 the maxmimum change in the solution is 4.8340403e-08 
At timestep  4710 the maxmimum change in the solution is 4.8340380e-08 
At timestep  4720 the maxmimum change in the solution is 4.8340356e-08 
At timestep  4730 the maxmimum change in the solution is 4.8340333e-08 
At timestep  4740 the maxmimum change in the solution is 4.8340310e-08 
At timestep  4750 the maxmimum change in the solution is 4.8340286e-08 
At timestep  4760 the maxmimum change in the solution is 4.8340263e-08 
At timestep  4770 the maxmimum change in the solution is 4.8340239e-08 
At timestep  4780 the maxmimum change in the solution is 4.8340216e-08 
At timestep  4790 the maxmimum change in the solution is 4.8340193e-08 
At timestep  4800 the maxmimum change in the solution is 4.8340169e-08 
At timestep  4810 the maxmimum change in the solution is 4.8340146e-08 
At timestep  4820 the maxmimum change in the solution is 4.8340123e-08 
At timestep  4830 the maxmimum change in the solution is 4.8340099e-08 
At timestep  4840 the maxmimum change in the solution is 4.8340076e-08 
At timestep  4850 the maxmimum change in the solution is 4.8340053e-08 
At timestep  4860 the maxmimum change in the solution is 4.8340029e-08 
At timestep  4870 the maxmimum change in the solution is 4.8340006e-08 
At timestep  4880 the maxmimum change in the solution is 4.8339982e-08 
At timestep  4890 the maxmimum change in the solution is 4.8339959e-08 
At timestep  4900 the maxmimum change in the solution is 4.8339936e-08 
At timestep  4910 the maxmimum change in the solution is 4.8339912e-08 
At timestep  4920 the maxmimum change in the solution is 4.8339889e-08 
At timestep  4930 the maxmimum change in the solution is 4.8339866e-08 
At timestep  4940 the maxmimum change in the solution is 4.8339842e-08 
At timestep  4950 the maxmimum change in the solution is 4.8339819e-08 
At timestep  4960 the maxmimum change in the solution is 4.8339795e-08 
At timestep  4970 the maxmimum change in the solution is 4.8339772e-08 
At timestep  4980 the maxmimum change in the solution is 4.8339749e-08 
At timestep  4990 the maxmimum change in the solution is 4.8339725e-08 
At timestep  4999 the maxmimum change in the solution is 4.8339704e-08 
The RMS error in the final solution is 2.7274788e-12 
